{"numFailedTestSuites":2,"numFailedTests":17,"numPassedTestSuites":6,"numPassedTests":46,"numPendingTestSuites":0,"numPendingTests":0,"numRuntimeErrorTestSuites":1,"numTodoTests":0,"numTotalTestSuites":8,"numTotalTests":63,"openHandles":[],"snapshot":{"added":0,"didUpdate":false,"failure":false,"filesAdded":0,"filesRemoved":0,"filesRemovedList":[],"filesUnmatched":0,"filesUpdated":0,"matched":0,"total":0,"unchecked":0,"uncheckedKeysByFile":[],"unmatched":0,"updated":0},"startTime":1762573097961,"success":false,"testResults":[{"assertionResults":[{"ancestorTitles":["Typing Unit Tests","Typing Function"],"duration":46,"failureDetails":[],"failureMessages":[],"fullName":"Typing Unit Tests Typing Function should type text using robotjs.typeString","invocations":1,"location":null,"numPassingAsserts":2,"retryReasons":[],"status":"passed","title":"should type text using robotjs.typeString"},{"ancestorTitles":["Typing Unit Tests","Typing Function"],"duration":4,"failureDetails":[],"failureMessages":[],"fullName":"Typing Unit Tests Typing Function should prefer typeStringDelayed when available","invocations":1,"location":null,"numPassingAsserts":2,"retryReasons":[],"status":"passed","title":"should prefer typeStringDelayed when available"},{"ancestorTitles":["Typing Unit Tests","Typing Function"],"duration":2,"failureDetails":[],"failureMessages":[],"fullName":"Typing Unit Tests Typing Function should handle empty text","invocations":1,"location":null,"numPassingAsserts":1,"retryReasons":[],"status":"passed","title":"should handle empty text"},{"ancestorTitles":["Typing Unit Tests","Typing Function"],"duration":15,"failureDetails":[],"failureMessages":[],"fullName":"Typing Unit Tests Typing Function should handle special characters","invocations":1,"location":null,"numPassingAsserts":1,"retryReasons":[],"status":"passed","title":"should handle special characters"},{"ancestorTitles":["Typing Unit Tests","Typing Function"],"duration":12,"failureDetails":[],"failureMessages":[],"fullName":"Typing Unit Tests Typing Function should fallback to clipboard on typing failure","invocations":1,"location":null,"numPassingAsserts":2,"retryReasons":[],"status":"passed","title":"should fallback to clipboard on typing failure"},{"ancestorTitles":["Typing Unit Tests","Focus Handling"],"duration":2,"failureDetails":[],"failureMessages":[],"fullName":"Typing Unit Tests Focus Handling should hide window before typing","invocations":1,"location":null,"numPassingAsserts":3,"retryReasons":[],"status":"passed","title":"should hide window before typing"},{"ancestorTitles":["Typing Unit Tests","Error Handling"],"duration":1,"failureDetails":[],"failureMessages":[],"fullName":"Typing Unit Tests Error Handling should handle robotjs not available","invocations":1,"location":null,"numPassingAsserts":1,"retryReasons":[],"status":"passed","title":"should handle robotjs not available"}],"endTime":1762573104720,"message":"","name":"C:\\Users\\Muhib\\Desktop\\SONU\\tests\\unit\\typing.test.js","startTime":1762573102298,"status":"passed","summary":""},{"assertionResults":[{"ancestorTitles":["System-wide Typing Integration Tests","Typing Function"],"duration":41,"failureDetails":[],"failureMessages":[],"fullName":"System-wide Typing Integration Tests Typing Function should type text using robotjs","invocations":1,"location":null,"numPassingAsserts":2,"retryReasons":[],"status":"passed","title":"should type text using robotjs"},{"ancestorTitles":["System-wide Typing Integration Tests","Typing Function"],"duration":1,"failureDetails":[],"failureMessages":[],"fullName":"System-wide Typing Integration Tests Typing Function should handle empty text gracefully","invocations":1,"location":null,"numPassingAsserts":1,"retryReasons":[],"status":"passed","title":"should handle empty text gracefully"},{"ancestorTitles":["System-wide Typing Integration Tests","Typing Function"],"duration":9,"failureDetails":[],"failureMessages":[],"fullName":"System-wide Typing Integration Tests Typing Function should handle special characters","invocations":1,"location":null,"numPassingAsserts":1,"retryReasons":[],"status":"passed","title":"should handle special characters"},{"ancestorTitles":["System-wide Typing Integration Tests","Typing Function"],"duration":2,"failureDetails":[],"failureMessages":[],"fullName":"System-wide Typing Integration Tests Typing Function should handle long text","invocations":1,"location":null,"numPassingAsserts":1,"retryReasons":[],"status":"passed","title":"should handle long text"},{"ancestorTitles":["System-wide Typing Integration Tests","Typing Function"],"duration":2,"failureDetails":[],"failureMessages":[],"fullName":"System-wide Typing Integration Tests Typing Function should fallback to clipboard + paste on typing failure","invocations":1,"location":null,"numPassingAsserts":2,"retryReasons":[],"status":"passed","title":"should fallback to clipboard + paste on typing failure"},{"ancestorTitles":["System-wide Typing Integration Tests","Focus Handling"],"duration":2,"failureDetails":[],"failureMessages":[],"fullName":"System-wide Typing Integration Tests Focus Handling should hide window before typing","invocations":1,"location":null,"numPassingAsserts":3,"retryReasons":[],"status":"passed","title":"should hide window before typing"},{"ancestorTitles":["System-wide Typing Integration Tests","Focus Handling"],"duration":2,"failureDetails":[],"failureMessages":[],"fullName":"System-wide Typing Integration Tests Focus Handling should handle window not available","invocations":1,"location":null,"numPassingAsserts":1,"retryReasons":[],"status":"passed","title":"should handle window not available"},{"ancestorTitles":["System-wide Typing Integration Tests","Error Handling"],"duration":2,"failureDetails":[],"failureMessages":[],"fullName":"System-wide Typing Integration Tests Error Handling should handle robotjs not available","invocations":1,"location":null,"numPassingAsserts":2,"retryReasons":[],"status":"passed","title":"should handle robotjs not available"},{"ancestorTitles":["System-wide Typing Integration Tests","Error Handling"],"duration":2,"failureDetails":[],"failureMessages":[],"fullName":"System-wide Typing Integration Tests Error Handling should handle typing errors gracefully","invocations":1,"location":null,"numPassingAsserts":1,"retryReasons":[],"status":"passed","title":"should handle typing errors gracefully"},{"ancestorTitles":["System-wide Typing Integration Tests","Error Handling"],"duration":2,"failureDetails":[],"failureMessages":[],"fullName":"System-wide Typing Integration Tests Error Handling should handle clipboard errors gracefully","invocations":1,"location":null,"numPassingAsserts":1,"retryReasons":[],"status":"passed","title":"should handle clipboard errors gracefully"},{"ancestorTitles":["System-wide Typing Integration Tests","Timing and Delays"],"duration":123,"failureDetails":[],"failureMessages":[],"fullName":"System-wide Typing Integration Tests Timing and Delays should wait for focus switch before typing","invocations":1,"location":null,"numPassingAsserts":1,"retryReasons":[],"status":"passed","title":"should wait for focus switch before typing"},{"ancestorTitles":["System-wide Typing Integration Tests","Timing and Delays"],"duration":1,"failureDetails":[],"failureMessages":[],"fullName":"System-wide Typing Integration Tests Timing and Delays should handle multiple rapid typing calls","invocations":1,"location":null,"numPassingAsserts":4,"retryReasons":[],"status":"passed","title":"should handle multiple rapid typing calls"},{"ancestorTitles":["System-wide Typing Integration Tests","Integration with Transcription"],"duration":1,"failureDetails":[],"failureMessages":[],"fullName":"System-wide Typing Integration Tests Integration with Transcription should type transcription text immediately","invocations":1,"location":null,"numPassingAsserts":2,"retryReasons":[],"status":"passed","title":"should type transcription text immediately"},{"ancestorTitles":["System-wide Typing Integration Tests","Integration with Transcription"],"duration":1,"failureDetails":[],"failureMessages":[],"fullName":"System-wide Typing Integration Tests Integration with Transcription should handle transcription with special characters","invocations":1,"location":null,"numPassingAsserts":1,"retryReasons":[],"status":"passed","title":"should handle transcription with special characters"}],"endTime":1762573105043,"message":"","name":"C:\\Users\\Muhib\\Desktop\\SONU\\tests\\integration\\typing.test.js","startTime":1762573102516,"status":"passed","summary":""},{"assertionResults":[{"ancestorTitles":["Model Download Unit Tests","Model Definitions"],"duration":27,"failureDetails":[],"failureMessages":[],"fullName":"Model Download Unit Tests Model Definitions should have valid model definitions","invocations":1,"location":null,"numPassingAsserts":3,"retryReasons":[],"status":"passed","title":"should have valid model definitions"},{"ancestorTitles":["Model Download Unit Tests","URL Generation"],"duration":2,"failureDetails":[],"failureMessages":[],"fullName":"Model Download Unit Tests URL Generation should generate correct Hugging Face URLs","invocations":1,"location":null,"numPassingAsserts":1,"retryReasons":[],"status":"passed","title":"should generate correct Hugging Face URLs"},{"ancestorTitles":["Model Download Unit Tests","File Verification"],"duration":457,"failureDetails":[],"failureMessages":[],"fullName":"Model Download Unit Tests File Verification should verify file size correctly","invocations":1,"location":null,"numPassingAsserts":2,"retryReasons":[],"status":"passed","title":"should verify file size correctly"}],"endTime":1762573105039,"message":"","name":"C:\\Users\\Muhib\\Desktop\\SONU\\tests\\unit\\model_download.test.js","startTime":1762573102185,"status":"passed","summary":""},{"assertionResults":[{"ancestorTitles":["Renderer Tests","Navigation"],"duration":1278,"failureDetails":[],"failureMessages":[],"fullName":"Renderer Tests Navigation should navigate between pages","invocations":1,"location":null,"numPassingAsserts":2,"retryReasons":[],"status":"passed","title":"should navigate between pages"},{"ancestorTitles":["Renderer Tests","Navigation"],"duration":448,"failureDetails":[],"failureMessages":[],"fullName":"Renderer Tests Navigation should handle theme toggle","invocations":1,"location":null,"numPassingAsserts":1,"retryReasons":[],"status":"passed","title":"should handle theme toggle"},{"ancestorTitles":["Renderer Tests","History Management"],"duration":649,"failureDetails":[],"failureMessages":[],"fullName":"Renderer Tests History Management should load and display history","invocations":1,"location":null,"numPassingAsserts":1,"retryReasons":[],"status":"passed","title":"should load and display history"},{"ancestorTitles":["Renderer Tests","History Management"],"duration":418,"failureDetails":[],"failureMessages":[],"fullName":"Renderer Tests History Management should add new history item","invocations":1,"location":null,"numPassingAsserts":1,"retryReasons":[],"status":"passed","title":"should add new history item"},{"ancestorTitles":["Renderer Tests","Recording States"],"duration":329,"failureDetails":[],"failureMessages":[],"fullName":"Renderer Tests Recording States should handle recording start","invocations":1,"location":null,"numPassingAsserts":1,"retryReasons":[],"status":"passed","title":"should handle recording start"},{"ancestorTitles":["Renderer Tests","Recording States"],"duration":288,"failureDetails":[],"failureMessages":[],"fullName":"Renderer Tests Recording States should handle recording stop","invocations":1,"location":null,"numPassingAsserts":0,"retryReasons":[],"status":"passed","title":"should handle recording stop"},{"ancestorTitles":["Renderer Tests","Statistics"],"duration":742,"failureDetails":[],"failureMessages":[],"fullName":"Renderer Tests Statistics should update statistics display","invocations":1,"location":null,"numPassingAsserts":1,"retryReasons":[],"status":"passed","title":"should update statistics display"},{"ancestorTitles":["Renderer Tests","Statistics"],"duration":314,"failureDetails":[],"failureMessages":[],"fullName":"Renderer Tests Statistics should calculate WPM correctly","invocations":1,"location":null,"numPassingAsserts":0,"retryReasons":[],"status":"passed","title":"should calculate WPM correctly"},{"ancestorTitles":["Renderer Tests","Settings Management"],"duration":412,"failureDetails":[],"failureMessages":[],"fullName":"Renderer Tests Settings Management should load app settings","invocations":1,"location":null,"numPassingAsserts":1,"retryReasons":[],"status":"passed","title":"should load app settings"},{"ancestorTitles":["Renderer Tests","Settings Management"],"duration":237,"failureDetails":[],"failureMessages":[],"fullName":"Renderer Tests Settings Management should save app settings","invocations":1,"location":null,"numPassingAsserts":1,"retryReasons":[],"status":"passed","title":"should save app settings"},{"ancestorTitles":["Renderer Tests","Hotkey Configuration"],"duration":226,"failureDetails":[],"failureMessages":[],"fullName":"Renderer Tests Hotkey Configuration should handle hotkey input","invocations":1,"location":null,"numPassingAsserts":1,"retryReasons":[],"status":"passed","title":"should handle hotkey input"},{"ancestorTitles":["Renderer Tests","Hotkey Configuration"],"duration":247,"failureDetails":[],"failureMessages":[],"fullName":"Renderer Tests Hotkey Configuration should save hotkey settings","invocations":1,"location":null,"numPassingAsserts":1,"retryReasons":[],"status":"passed","title":"should save hotkey settings"},{"ancestorTitles":["Renderer Tests","System Integration"],"duration":798,"failureDetails":[],"failureMessages":[],"fullName":"Renderer Tests System Integration should load system information","invocations":1,"location":null,"numPassingAsserts":1,"retryReasons":[],"status":"passed","title":"should load system information"},{"ancestorTitles":["Renderer Tests","System Integration"],"duration":275,"failureDetails":[],"failureMessages":[],"fullName":"Renderer Tests System Integration should handle microphone listing","invocations":1,"location":null,"numPassingAsserts":1,"retryReasons":[],"status":"passed","title":"should handle microphone listing"}],"endTime":1762573111203,"message":"","name":"C:\\Users\\Muhib\\Desktop\\SONU\\tests\\unit\\renderer.test.js","startTime":1762573102205,"status":"passed","summary":""},{"assertionResults":[{"ancestorTitles":["Model Download and Typing E2E Tests","Model Download Workflow"],"duration":6415,"failureDetails":[],"failureMessages":[],"fullName":"Model Download and Typing E2E Tests Model Download Workflow should navigate to model selector","invocations":1,"location":null,"numPassingAsserts":1,"retryReasons":[],"status":"passed","title":"should navigate to model selector"},{"ancestorTitles":["Model Download and Typing E2E Tests","Model Download Workflow"],"duration":234,"failureDetails":[],"failureMessages":[],"fullName":"Model Download and Typing E2E Tests Model Download Workflow should display model download button","invocations":1,"location":null,"numPassingAsserts":1,"retryReasons":[],"status":"passed","title":"should display model download button"},{"ancestorTitles":["Model Download and Typing E2E Tests","Typing Functionality"],"duration":12,"failureDetails":[],"failureMessages":[],"fullName":"Model Download and Typing E2E Tests Typing Functionality should have robotjs available","invocations":1,"location":null,"numPassingAsserts":1,"retryReasons":[],"status":"passed","title":"should have robotjs available"}],"endTime":1762573118972,"message":"","name":"C:\\Users\\Muhib\\Desktop\\SONU\\tests\\e2e\\model_download_typing.test.js","startTime":1762573098835,"status":"passed","summary":""},{"assertionResults":[{"ancestorTitles":["Model Download Integration Tests","Python Downloader"],"duration":16847,"failureDetails":[],"failureMessages":[],"fullName":"Model Download Integration Tests Python Downloader should download model successfully","invocations":1,"location":null,"numPassingAsserts":36,"retryReasons":[],"status":"passed","title":"should download model successfully"},{"ancestorTitles":["Model Download Integration Tests","Python Downloader"],"duration":1850,"failureDetails":[],"failureMessages":[],"fullName":"Model Download Integration Tests Python Downloader should handle download errors gracefully","invocations":1,"location":null,"numPassingAsserts":3,"retryReasons":[],"status":"passed","title":"should handle download errors gracefully"},{"ancestorTitles":["Model Download Integration Tests","Python Downloader"],"duration":1418,"failureDetails":[],"failureMessages":[],"fullName":"Model Download Integration Tests Python Downloader should provide manual download URLs","invocations":1,"location":null,"numPassingAsserts":5,"retryReasons":[],"status":"passed","title":"should provide manual download URLs"},{"ancestorTitles":["Model Download Integration Tests","URL Validation (Offline)"],"duration":1415,"failureDetails":[],"failureMessages":[],"fullName":"Model Download Integration Tests URL Validation (Offline) should provide well-formed manual URLs without network calls","invocations":1,"location":null,"numPassingAsserts":5,"retryReasons":[],"status":"passed","title":"should provide well-formed manual URLs without network calls"},{"ancestorTitles":["Model Download Integration Tests","Download Resumption"],"duration":1641,"failureDetails":[],"failureMessages":[],"fullName":"Model Download Integration Tests Download Resumption should resume partial downloads","invocations":1,"location":null,"numPassingAsserts":0,"retryReasons":[],"status":"passed","title":"should resume partial downloads"}],"endTime":1762573127632,"message":"","name":"C:\\Users\\Muhib\\Desktop\\SONU\\tests\\integration\\model_download.test.js","startTime":1762573101966,"status":"passed","summary":""},{"assertionResults":[],"coverage":{},"endTime":1762573134217,"message":"  \u001b[1m● \u001b[22mTest suite failed to run\n\n    Jest worker encountered 4 child process exceptions, exceeding retry limit\n\n      \u001b[2mat ChildProcessWorker.initialize (\u001b[22mnode_modules/jest-worker/build/workers/ChildProcessWorker.js\u001b[2m:181:21)\u001b[22m\n","name":"C:\\Users\\Muhib\\Desktop\\SONU\\tests\\unit\\main.test.js","startTime":1762573134217,"status":"failed","summary":""},{"assertionResults":[{"ancestorTitles":["SONU E2E Tests","Application Launch"],"duration":17,"failureDetails":[{"message":"thrown: \"Exceeded timeout of 30000 ms for a hook.\nAdd a timeout value to this test to increase the timeout, if this is a long-running test. See https://jestjs.io/docs/api#testname-fn-timeout.\""}],"failureMessages":["Error: thrown: \"Exceeded timeout of 30000 ms for a hook.\nAdd a timeout value to this test to increase the timeout, if this is a long-running test. See https://jestjs.io/docs/api#testname-fn-timeout.\"\n    at beforeAll (C:\\Users\\Muhib\\Desktop\\SONU\\tests\\e2e\\app.test.js:16:3)\n    at _dispatchDescribe (C:\\Users\\Muhib\\Desktop\\SONU\\tests\\node_modules\\jest-circus\\build\\index.js:91:26)\n    at describe (C:\\Users\\Muhib\\Desktop\\SONU\\tests\\node_modules\\jest-circus\\build\\index.js:55:5)\n    at Object.describe (C:\\Users\\Muhib\\Desktop\\SONU\\tests\\e2e\\app.test.js:12:1)\n    at Runtime._execModule (C:\\Users\\Muhib\\Desktop\\SONU\\tests\\node_modules\\jest-runtime\\build\\index.js:1439:24)\n    at Runtime._loadModule (C:\\Users\\Muhib\\Desktop\\SONU\\tests\\node_modules\\jest-runtime\\build\\index.js:1022:12)\n    at Runtime.requireModule (C:\\Users\\Muhib\\Desktop\\SONU\\tests\\node_modules\\jest-runtime\\build\\index.js:882:12)\n    at jestAdapter (C:\\Users\\Muhib\\Desktop\\SONU\\tests\\node_modules\\jest-circus\\build\\legacy-code-todo-rewrite\\jestAdapter.js:77:13)\n    at processTicksAndRejections (node:internal/process/task_queues:105:5)\n    at runTestInternal (C:\\Users\\Muhib\\Desktop\\SONU\\tests\\node_modules\\jest-runner\\build\\runTest.js:367:16)\n    at runTest (C:\\Users\\Muhib\\Desktop\\SONU\\tests\\node_modules\\jest-runner\\build\\runTest.js:444:34)\n    at Object.worker (C:\\Users\\Muhib\\Desktop\\SONU\\tests\\node_modules\\jest-runner\\build\\testWorker.js:106:12)"],"fullName":"SONU E2E Tests Application Launch should launch application successfully","invocations":1,"location":null,"numPassingAsserts":0,"retryReasons":[],"status":"failed","title":"should launch application successfully"},{"ancestorTitles":["SONU E2E Tests","Application Launch"],"duration":1,"failureDetails":[{"message":"thrown: \"Exceeded timeout of 30000 ms for a hook.\nAdd a timeout value to this test to increase the timeout, if this is a long-running test. See https://jestjs.io/docs/api#testname-fn-timeout.\""}],"failureMessages":["Error: thrown: \"Exceeded timeout of 30000 ms for a hook.\nAdd a timeout value to this test to increase the timeout, if this is a long-running test. See https://jestjs.io/docs/api#testname-fn-timeout.\"\n    at beforeAll (C:\\Users\\Muhib\\Desktop\\SONU\\tests\\e2e\\app.test.js:16:3)\n    at _dispatchDescribe (C:\\Users\\Muhib\\Desktop\\SONU\\tests\\node_modules\\jest-circus\\build\\index.js:91:26)\n    at describe (C:\\Users\\Muhib\\Desktop\\SONU\\tests\\node_modules\\jest-circus\\build\\index.js:55:5)\n    at Object.describe (C:\\Users\\Muhib\\Desktop\\SONU\\tests\\e2e\\app.test.js:12:1)\n    at Runtime._execModule (C:\\Users\\Muhib\\Desktop\\SONU\\tests\\node_modules\\jest-runtime\\build\\index.js:1439:24)\n    at Runtime._loadModule (C:\\Users\\Muhib\\Desktop\\SONU\\tests\\node_modules\\jest-runtime\\build\\index.js:1022:12)\n    at Runtime.requireModule (C:\\Users\\Muhib\\Desktop\\SONU\\tests\\node_modules\\jest-runtime\\build\\index.js:882:12)\n    at jestAdapter (C:\\Users\\Muhib\\Desktop\\SONU\\tests\\node_modules\\jest-circus\\build\\legacy-code-todo-rewrite\\jestAdapter.js:77:13)\n    at processTicksAndRejections (node:internal/process/task_queues:105:5)\n    at runTestInternal (C:\\Users\\Muhib\\Desktop\\SONU\\tests\\node_modules\\jest-runner\\build\\runTest.js:367:16)\n    at runTest (C:\\Users\\Muhib\\Desktop\\SONU\\tests\\node_modules\\jest-runner\\build\\runTest.js:444:34)\n    at Object.worker (C:\\Users\\Muhib\\Desktop\\SONU\\tests\\node_modules\\jest-runner\\build\\testWorker.js:106:12)"],"fullName":"SONU E2E Tests Application Launch should display main interface","invocations":1,"location":null,"numPassingAsserts":0,"retryReasons":[],"status":"failed","title":"should display main interface"},{"ancestorTitles":["SONU E2E Tests","Navigation"],"duration":0,"failureDetails":[{"message":"thrown: \"Exceeded timeout of 30000 ms for a hook.\nAdd a timeout value to this test to increase the timeout, if this is a long-running test. See https://jestjs.io/docs/api#testname-fn-timeout.\""}],"failureMessages":["Error: thrown: \"Exceeded timeout of 30000 ms for a hook.\nAdd a timeout value to this test to increase the timeout, if this is a long-running test. See https://jestjs.io/docs/api#testname-fn-timeout.\"\n    at beforeAll (C:\\Users\\Muhib\\Desktop\\SONU\\tests\\e2e\\app.test.js:16:3)\n    at _dispatchDescribe (C:\\Users\\Muhib\\Desktop\\SONU\\tests\\node_modules\\jest-circus\\build\\index.js:91:26)\n    at describe (C:\\Users\\Muhib\\Desktop\\SONU\\tests\\node_modules\\jest-circus\\build\\index.js:55:5)\n    at Object.describe (C:\\Users\\Muhib\\Desktop\\SONU\\tests\\e2e\\app.test.js:12:1)\n    at Runtime._execModule (C:\\Users\\Muhib\\Desktop\\SONU\\tests\\node_modules\\jest-runtime\\build\\index.js:1439:24)\n    at Runtime._loadModule (C:\\Users\\Muhib\\Desktop\\SONU\\tests\\node_modules\\jest-runtime\\build\\index.js:1022:12)\n    at Runtime.requireModule (C:\\Users\\Muhib\\Desktop\\SONU\\tests\\node_modules\\jest-runtime\\build\\index.js:882:12)\n    at jestAdapter (C:\\Users\\Muhib\\Desktop\\SONU\\tests\\node_modules\\jest-circus\\build\\legacy-code-todo-rewrite\\jestAdapter.js:77:13)\n    at processTicksAndRejections (node:internal/process/task_queues:105:5)\n    at runTestInternal (C:\\Users\\Muhib\\Desktop\\SONU\\tests\\node_modules\\jest-runner\\build\\runTest.js:367:16)\n    at runTest (C:\\Users\\Muhib\\Desktop\\SONU\\tests\\node_modules\\jest-runner\\build\\runTest.js:444:34)\n    at Object.worker (C:\\Users\\Muhib\\Desktop\\SONU\\tests\\node_modules\\jest-runner\\build\\testWorker.js:106:12)"],"fullName":"SONU E2E Tests Navigation should navigate between pages","invocations":1,"location":null,"numPassingAsserts":0,"retryReasons":[],"status":"failed","title":"should navigate between pages"},{"ancestorTitles":["SONU E2E Tests","Navigation"],"duration":1,"failureDetails":[{"message":"thrown: \"Exceeded timeout of 30000 ms for a hook.\nAdd a timeout value to this test to increase the timeout, if this is a long-running test. See https://jestjs.io/docs/api#testname-fn-timeout.\""}],"failureMessages":["Error: thrown: \"Exceeded timeout of 30000 ms for a hook.\nAdd a timeout value to this test to increase the timeout, if this is a long-running test. See https://jestjs.io/docs/api#testname-fn-timeout.\"\n    at beforeAll (C:\\Users\\Muhib\\Desktop\\SONU\\tests\\e2e\\app.test.js:16:3)\n    at _dispatchDescribe (C:\\Users\\Muhib\\Desktop\\SONU\\tests\\node_modules\\jest-circus\\build\\index.js:91:26)\n    at describe (C:\\Users\\Muhib\\Desktop\\SONU\\tests\\node_modules\\jest-circus\\build\\index.js:55:5)\n    at Object.describe (C:\\Users\\Muhib\\Desktop\\SONU\\tests\\e2e\\app.test.js:12:1)\n    at Runtime._execModule (C:\\Users\\Muhib\\Desktop\\SONU\\tests\\node_modules\\jest-runtime\\build\\index.js:1439:24)\n    at Runtime._loadModule (C:\\Users\\Muhib\\Desktop\\SONU\\tests\\node_modules\\jest-runtime\\build\\index.js:1022:12)\n    at Runtime.requireModule (C:\\Users\\Muhib\\Desktop\\SONU\\tests\\node_modules\\jest-runtime\\build\\index.js:882:12)\n    at jestAdapter (C:\\Users\\Muhib\\Desktop\\SONU\\tests\\node_modules\\jest-circus\\build\\legacy-code-todo-rewrite\\jestAdapter.js:77:13)\n    at processTicksAndRejections (node:internal/process/task_queues:105:5)\n    at runTestInternal (C:\\Users\\Muhib\\Desktop\\SONU\\tests\\node_modules\\jest-runner\\build\\runTest.js:367:16)\n    at runTest (C:\\Users\\Muhib\\Desktop\\SONU\\tests\\node_modules\\jest-runner\\build\\runTest.js:444:34)\n    at Object.worker (C:\\Users\\Muhib\\Desktop\\SONU\\tests\\node_modules\\jest-runner\\build\\testWorker.js:106:12)"],"fullName":"SONU E2E Tests Navigation should navigate settings tabs","invocations":1,"location":null,"numPassingAsserts":0,"retryReasons":[],"status":"failed","title":"should navigate settings tabs"},{"ancestorTitles":["SONU E2E Tests","Theme System"],"duration":0,"failureDetails":[{"message":"thrown: \"Exceeded timeout of 30000 ms for a hook.\nAdd a timeout value to this test to increase the timeout, if this is a long-running test. See https://jestjs.io/docs/api#testname-fn-timeout.\""}],"failureMessages":["Error: thrown: \"Exceeded timeout of 30000 ms for a hook.\nAdd a timeout value to this test to increase the timeout, if this is a long-running test. See https://jestjs.io/docs/api#testname-fn-timeout.\"\n    at beforeAll (C:\\Users\\Muhib\\Desktop\\SONU\\tests\\e2e\\app.test.js:16:3)\n    at _dispatchDescribe (C:\\Users\\Muhib\\Desktop\\SONU\\tests\\node_modules\\jest-circus\\build\\index.js:91:26)\n    at describe (C:\\Users\\Muhib\\Desktop\\SONU\\tests\\node_modules\\jest-circus\\build\\index.js:55:5)\n    at Object.describe (C:\\Users\\Muhib\\Desktop\\SONU\\tests\\e2e\\app.test.js:12:1)\n    at Runtime._execModule (C:\\Users\\Muhib\\Desktop\\SONU\\tests\\node_modules\\jest-runtime\\build\\index.js:1439:24)\n    at Runtime._loadModule (C:\\Users\\Muhib\\Desktop\\SONU\\tests\\node_modules\\jest-runtime\\build\\index.js:1022:12)\n    at Runtime.requireModule (C:\\Users\\Muhib\\Desktop\\SONU\\tests\\node_modules\\jest-runtime\\build\\index.js:882:12)\n    at jestAdapter (C:\\Users\\Muhib\\Desktop\\SONU\\tests\\node_modules\\jest-circus\\build\\legacy-code-todo-rewrite\\jestAdapter.js:77:13)\n    at processTicksAndRejections (node:internal/process/task_queues:105:5)\n    at runTestInternal (C:\\Users\\Muhib\\Desktop\\SONU\\tests\\node_modules\\jest-runner\\build\\runTest.js:367:16)\n    at runTest (C:\\Users\\Muhib\\Desktop\\SONU\\tests\\node_modules\\jest-runner\\build\\runTest.js:444:34)\n    at Object.worker (C:\\Users\\Muhib\\Desktop\\SONU\\tests\\node_modules\\jest-runner\\build\\testWorker.js:106:12)"],"fullName":"SONU E2E Tests Theme System should toggle theme","invocations":1,"location":null,"numPassingAsserts":0,"retryReasons":[],"status":"failed","title":"should toggle theme"},{"ancestorTitles":["SONU E2E Tests","Theme System"],"duration":0,"failureDetails":[{"message":"thrown: \"Exceeded timeout of 30000 ms for a hook.\nAdd a timeout value to this test to increase the timeout, if this is a long-running test. See https://jestjs.io/docs/api#testname-fn-timeout.\""}],"failureMessages":["Error: thrown: \"Exceeded timeout of 30000 ms for a hook.\nAdd a timeout value to this test to increase the timeout, if this is a long-running test. See https://jestjs.io/docs/api#testname-fn-timeout.\"\n    at beforeAll (C:\\Users\\Muhib\\Desktop\\SONU\\tests\\e2e\\app.test.js:16:3)\n    at _dispatchDescribe (C:\\Users\\Muhib\\Desktop\\SONU\\tests\\node_modules\\jest-circus\\build\\index.js:91:26)\n    at describe (C:\\Users\\Muhib\\Desktop\\SONU\\tests\\node_modules\\jest-circus\\build\\index.js:55:5)\n    at Object.describe (C:\\Users\\Muhib\\Desktop\\SONU\\tests\\e2e\\app.test.js:12:1)\n    at Runtime._execModule (C:\\Users\\Muhib\\Desktop\\SONU\\tests\\node_modules\\jest-runtime\\build\\index.js:1439:24)\n    at Runtime._loadModule (C:\\Users\\Muhib\\Desktop\\SONU\\tests\\node_modules\\jest-runtime\\build\\index.js:1022:12)\n    at Runtime.requireModule (C:\\Users\\Muhib\\Desktop\\SONU\\tests\\node_modules\\jest-runtime\\build\\index.js:882:12)\n    at jestAdapter (C:\\Users\\Muhib\\Desktop\\SONU\\tests\\node_modules\\jest-circus\\build\\legacy-code-todo-rewrite\\jestAdapter.js:77:13)\n    at processTicksAndRejections (node:internal/process/task_queues:105:5)\n    at runTestInternal (C:\\Users\\Muhib\\Desktop\\SONU\\tests\\node_modules\\jest-runner\\build\\runTest.js:367:16)\n    at runTest (C:\\Users\\Muhib\\Desktop\\SONU\\tests\\node_modules\\jest-runner\\build\\runTest.js:444:34)\n    at Object.worker (C:\\Users\\Muhib\\Desktop\\SONU\\tests\\node_modules\\jest-runner\\build\\testWorker.js:106:12)"],"fullName":"SONU E2E Tests Theme System should persist theme selection","invocations":1,"location":null,"numPassingAsserts":0,"retryReasons":[],"status":"failed","title":"should persist theme selection"},{"ancestorTitles":["SONU E2E Tests","Settings Management"],"duration":0,"failureDetails":[{"message":"thrown: \"Exceeded timeout of 30000 ms for a hook.\nAdd a timeout value to this test to increase the timeout, if this is a long-running test. See https://jestjs.io/docs/api#testname-fn-timeout.\""}],"failureMessages":["Error: thrown: \"Exceeded timeout of 30000 ms for a hook.\nAdd a timeout value to this test to increase the timeout, if this is a long-running test. See https://jestjs.io/docs/api#testname-fn-timeout.\"\n    at beforeAll (C:\\Users\\Muhib\\Desktop\\SONU\\tests\\e2e\\app.test.js:16:3)\n    at _dispatchDescribe (C:\\Users\\Muhib\\Desktop\\SONU\\tests\\node_modules\\jest-circus\\build\\index.js:91:26)\n    at describe (C:\\Users\\Muhib\\Desktop\\SONU\\tests\\node_modules\\jest-circus\\build\\index.js:55:5)\n    at Object.describe (C:\\Users\\Muhib\\Desktop\\SONU\\tests\\e2e\\app.test.js:12:1)\n    at Runtime._execModule (C:\\Users\\Muhib\\Desktop\\SONU\\tests\\node_modules\\jest-runtime\\build\\index.js:1439:24)\n    at Runtime._loadModule (C:\\Users\\Muhib\\Desktop\\SONU\\tests\\node_modules\\jest-runtime\\build\\index.js:1022:12)\n    at Runtime.requireModule (C:\\Users\\Muhib\\Desktop\\SONU\\tests\\node_modules\\jest-runtime\\build\\index.js:882:12)\n    at jestAdapter (C:\\Users\\Muhib\\Desktop\\SONU\\tests\\node_modules\\jest-circus\\build\\legacy-code-todo-rewrite\\jestAdapter.js:77:13)\n    at processTicksAndRejections (node:internal/process/task_queues:105:5)\n    at runTestInternal (C:\\Users\\Muhib\\Desktop\\SONU\\tests\\node_modules\\jest-runner\\build\\runTest.js:367:16)\n    at runTest (C:\\Users\\Muhib\\Desktop\\SONU\\tests\\node_modules\\jest-runner\\build\\runTest.js:444:34)\n    at Object.worker (C:\\Users\\Muhib\\Desktop\\SONU\\tests\\node_modules\\jest-runner\\build\\testWorker.js:106:12)"],"fullName":"SONU E2E Tests Settings Management should open settings modal","invocations":1,"location":null,"numPassingAsserts":0,"retryReasons":[],"status":"failed","title":"should open settings modal"},{"ancestorTitles":["SONU E2E Tests","Settings Management"],"duration":0,"failureDetails":[{"message":"thrown: \"Exceeded timeout of 30000 ms for a hook.\nAdd a timeout value to this test to increase the timeout, if this is a long-running test. See https://jestjs.io/docs/api#testname-fn-timeout.\""}],"failureMessages":["Error: thrown: \"Exceeded timeout of 30000 ms for a hook.\nAdd a timeout value to this test to increase the timeout, if this is a long-running test. See https://jestjs.io/docs/api#testname-fn-timeout.\"\n    at beforeAll (C:\\Users\\Muhib\\Desktop\\SONU\\tests\\e2e\\app.test.js:16:3)\n    at _dispatchDescribe (C:\\Users\\Muhib\\Desktop\\SONU\\tests\\node_modules\\jest-circus\\build\\index.js:91:26)\n    at describe (C:\\Users\\Muhib\\Desktop\\SONU\\tests\\node_modules\\jest-circus\\build\\index.js:55:5)\n    at Object.describe (C:\\Users\\Muhib\\Desktop\\SONU\\tests\\e2e\\app.test.js:12:1)\n    at Runtime._execModule (C:\\Users\\Muhib\\Desktop\\SONU\\tests\\node_modules\\jest-runtime\\build\\index.js:1439:24)\n    at Runtime._loadModule (C:\\Users\\Muhib\\Desktop\\SONU\\tests\\node_modules\\jest-runtime\\build\\index.js:1022:12)\n    at Runtime.requireModule (C:\\Users\\Muhib\\Desktop\\SONU\\tests\\node_modules\\jest-runtime\\build\\index.js:882:12)\n    at jestAdapter (C:\\Users\\Muhib\\Desktop\\SONU\\tests\\node_modules\\jest-circus\\build\\legacy-code-todo-rewrite\\jestAdapter.js:77:13)\n    at processTicksAndRejections (node:internal/process/task_queues:105:5)\n    at runTestInternal (C:\\Users\\Muhib\\Desktop\\SONU\\tests\\node_modules\\jest-runner\\build\\runTest.js:367:16)\n    at runTest (C:\\Users\\Muhib\\Desktop\\SONU\\tests\\node_modules\\jest-runner\\build\\runTest.js:444:34)\n    at Object.worker (C:\\Users\\Muhib\\Desktop\\SONU\\tests\\node_modules\\jest-runner\\build\\testWorker.js:106:12)"],"fullName":"SONU E2E Tests Settings Management should save settings","invocations":1,"location":null,"numPassingAsserts":0,"retryReasons":[],"status":"failed","title":"should save settings"},{"ancestorTitles":["SONU E2E Tests","System Information"],"duration":0,"failureDetails":[{"message":"thrown: \"Exceeded timeout of 30000 ms for a hook.\nAdd a timeout value to this test to increase the timeout, if this is a long-running test. See https://jestjs.io/docs/api#testname-fn-timeout.\""}],"failureMessages":["Error: thrown: \"Exceeded timeout of 30000 ms for a hook.\nAdd a timeout value to this test to increase the timeout, if this is a long-running test. See https://jestjs.io/docs/api#testname-fn-timeout.\"\n    at beforeAll (C:\\Users\\Muhib\\Desktop\\SONU\\tests\\e2e\\app.test.js:16:3)\n    at _dispatchDescribe (C:\\Users\\Muhib\\Desktop\\SONU\\tests\\node_modules\\jest-circus\\build\\index.js:91:26)\n    at describe (C:\\Users\\Muhib\\Desktop\\SONU\\tests\\node_modules\\jest-circus\\build\\index.js:55:5)\n    at Object.describe (C:\\Users\\Muhib\\Desktop\\SONU\\tests\\e2e\\app.test.js:12:1)\n    at Runtime._execModule (C:\\Users\\Muhib\\Desktop\\SONU\\tests\\node_modules\\jest-runtime\\build\\index.js:1439:24)\n    at Runtime._loadModule (C:\\Users\\Muhib\\Desktop\\SONU\\tests\\node_modules\\jest-runtime\\build\\index.js:1022:12)\n    at Runtime.requireModule (C:\\Users\\Muhib\\Desktop\\SONU\\tests\\node_modules\\jest-runtime\\build\\index.js:882:12)\n    at jestAdapter (C:\\Users\\Muhib\\Desktop\\SONU\\tests\\node_modules\\jest-circus\\build\\legacy-code-todo-rewrite\\jestAdapter.js:77:13)\n    at processTicksAndRejections (node:internal/process/task_queues:105:5)\n    at runTestInternal (C:\\Users\\Muhib\\Desktop\\SONU\\tests\\node_modules\\jest-runner\\build\\runTest.js:367:16)\n    at runTest (C:\\Users\\Muhib\\Desktop\\SONU\\tests\\node_modules\\jest-runner\\build\\runTest.js:444:34)\n    at Object.worker (C:\\Users\\Muhib\\Desktop\\SONU\\tests\\node_modules\\jest-runner\\build\\testWorker.js:106:12)"],"fullName":"SONU E2E Tests System Information should load system information","invocations":1,"location":null,"numPassingAsserts":0,"retryReasons":[],"status":"failed","title":"should load system information"},{"ancestorTitles":["SONU E2E Tests","System Information"],"duration":0,"failureDetails":[{"message":"thrown: \"Exceeded timeout of 30000 ms for a hook.\nAdd a timeout value to this test to increase the timeout, if this is a long-running test. See https://jestjs.io/docs/api#testname-fn-timeout.\""}],"failureMessages":["Error: thrown: \"Exceeded timeout of 30000 ms for a hook.\nAdd a timeout value to this test to increase the timeout, if this is a long-running test. See https://jestjs.io/docs/api#testname-fn-timeout.\"\n    at beforeAll (C:\\Users\\Muhib\\Desktop\\SONU\\tests\\e2e\\app.test.js:16:3)\n    at _dispatchDescribe (C:\\Users\\Muhib\\Desktop\\SONU\\tests\\node_modules\\jest-circus\\build\\index.js:91:26)\n    at describe (C:\\Users\\Muhib\\Desktop\\SONU\\tests\\node_modules\\jest-circus\\build\\index.js:55:5)\n    at Object.describe (C:\\Users\\Muhib\\Desktop\\SONU\\tests\\e2e\\app.test.js:12:1)\n    at Runtime._execModule (C:\\Users\\Muhib\\Desktop\\SONU\\tests\\node_modules\\jest-runtime\\build\\index.js:1439:24)\n    at Runtime._loadModule (C:\\Users\\Muhib\\Desktop\\SONU\\tests\\node_modules\\jest-runtime\\build\\index.js:1022:12)\n    at Runtime.requireModule (C:\\Users\\Muhib\\Desktop\\SONU\\tests\\node_modules\\jest-runtime\\build\\index.js:882:12)\n    at jestAdapter (C:\\Users\\Muhib\\Desktop\\SONU\\tests\\node_modules\\jest-circus\\build\\legacy-code-todo-rewrite\\jestAdapter.js:77:13)\n    at processTicksAndRejections (node:internal/process/task_queues:105:5)\n    at runTestInternal (C:\\Users\\Muhib\\Desktop\\SONU\\tests\\node_modules\\jest-runner\\build\\runTest.js:367:16)\n    at runTest (C:\\Users\\Muhib\\Desktop\\SONU\\tests\\node_modules\\jest-runner\\build\\runTest.js:444:34)\n    at Object.worker (C:\\Users\\Muhib\\Desktop\\SONU\\tests\\node_modules\\jest-runner\\build\\testWorker.js:106:12)"],"fullName":"SONU E2E Tests System Information should refresh system information","invocations":1,"location":null,"numPassingAsserts":0,"retryReasons":[],"status":"failed","title":"should refresh system information"},{"ancestorTitles":["SONU E2E Tests","Model Management"],"duration":0,"failureDetails":[{"message":"thrown: \"Exceeded timeout of 30000 ms for a hook.\nAdd a timeout value to this test to increase the timeout, if this is a long-running test. See https://jestjs.io/docs/api#testname-fn-timeout.\""}],"failureMessages":["Error: thrown: \"Exceeded timeout of 30000 ms for a hook.\nAdd a timeout value to this test to increase the timeout, if this is a long-running test. See https://jestjs.io/docs/api#testname-fn-timeout.\"\n    at beforeAll (C:\\Users\\Muhib\\Desktop\\SONU\\tests\\e2e\\app.test.js:16:3)\n    at _dispatchDescribe (C:\\Users\\Muhib\\Desktop\\SONU\\tests\\node_modules\\jest-circus\\build\\index.js:91:26)\n    at describe (C:\\Users\\Muhib\\Desktop\\SONU\\tests\\node_modules\\jest-circus\\build\\index.js:55:5)\n    at Object.describe (C:\\Users\\Muhib\\Desktop\\SONU\\tests\\e2e\\app.test.js:12:1)\n    at Runtime._execModule (C:\\Users\\Muhib\\Desktop\\SONU\\tests\\node_modules\\jest-runtime\\build\\index.js:1439:24)\n    at Runtime._loadModule (C:\\Users\\Muhib\\Desktop\\SONU\\tests\\node_modules\\jest-runtime\\build\\index.js:1022:12)\n    at Runtime.requireModule (C:\\Users\\Muhib\\Desktop\\SONU\\tests\\node_modules\\jest-runtime\\build\\index.js:882:12)\n    at jestAdapter (C:\\Users\\Muhib\\Desktop\\SONU\\tests\\node_modules\\jest-circus\\build\\legacy-code-todo-rewrite\\jestAdapter.js:77:13)\n    at processTicksAndRejections (node:internal/process/task_queues:105:5)\n    at runTestInternal (C:\\Users\\Muhib\\Desktop\\SONU\\tests\\node_modules\\jest-runner\\build\\runTest.js:367:16)\n    at runTest (C:\\Users\\Muhib\\Desktop\\SONU\\tests\\node_modules\\jest-runner\\build\\runTest.js:444:34)\n    at Object.worker (C:\\Users\\Muhib\\Desktop\\SONU\\tests\\node_modules\\jest-runner\\build\\testWorker.js:106:12)"],"fullName":"SONU E2E Tests Model Management should display model selector","invocations":1,"location":null,"numPassingAsserts":0,"retryReasons":[],"status":"failed","title":"should display model selector"},{"ancestorTitles":["SONU E2E Tests","Model Management"],"duration":0,"failureDetails":[{"message":"thrown: \"Exceeded timeout of 30000 ms for a hook.\nAdd a timeout value to this test to increase the timeout, if this is a long-running test. See https://jestjs.io/docs/api#testname-fn-timeout.\""}],"failureMessages":["Error: thrown: \"Exceeded timeout of 30000 ms for a hook.\nAdd a timeout value to this test to increase the timeout, if this is a long-running test. See https://jestjs.io/docs/api#testname-fn-timeout.\"\n    at beforeAll (C:\\Users\\Muhib\\Desktop\\SONU\\tests\\e2e\\app.test.js:16:3)\n    at _dispatchDescribe (C:\\Users\\Muhib\\Desktop\\SONU\\tests\\node_modules\\jest-circus\\build\\index.js:91:26)\n    at describe (C:\\Users\\Muhib\\Desktop\\SONU\\tests\\node_modules\\jest-circus\\build\\index.js:55:5)\n    at Object.describe (C:\\Users\\Muhib\\Desktop\\SONU\\tests\\e2e\\app.test.js:12:1)\n    at Runtime._execModule (C:\\Users\\Muhib\\Desktop\\SONU\\tests\\node_modules\\jest-runtime\\build\\index.js:1439:24)\n    at Runtime._loadModule (C:\\Users\\Muhib\\Desktop\\SONU\\tests\\node_modules\\jest-runtime\\build\\index.js:1022:12)\n    at Runtime.requireModule (C:\\Users\\Muhib\\Desktop\\SONU\\tests\\node_modules\\jest-runtime\\build\\index.js:882:12)\n    at jestAdapter (C:\\Users\\Muhib\\Desktop\\SONU\\tests\\node_modules\\jest-circus\\build\\legacy-code-todo-rewrite\\jestAdapter.js:77:13)\n    at processTicksAndRejections (node:internal/process/task_queues:105:5)\n    at runTestInternal (C:\\Users\\Muhib\\Desktop\\SONU\\tests\\node_modules\\jest-runner\\build\\runTest.js:367:16)\n    at runTest (C:\\Users\\Muhib\\Desktop\\SONU\\tests\\node_modules\\jest-runner\\build\\runTest.js:444:34)\n    at Object.worker (C:\\Users\\Muhib\\Desktop\\SONU\\tests\\node_modules\\jest-runner\\build\\testWorker.js:106:12)"],"fullName":"SONU E2E Tests Model Management should show disk space information","invocations":1,"location":null,"numPassingAsserts":0,"retryReasons":[],"status":"failed","title":"should show disk space information"},{"ancestorTitles":["SONU E2E Tests","History Management"],"duration":0,"failureDetails":[{"message":"thrown: \"Exceeded timeout of 30000 ms for a hook.\nAdd a timeout value to this test to increase the timeout, if this is a long-running test. See https://jestjs.io/docs/api#testname-fn-timeout.\""}],"failureMessages":["Error: thrown: \"Exceeded timeout of 30000 ms for a hook.\nAdd a timeout value to this test to increase the timeout, if this is a long-running test. See https://jestjs.io/docs/api#testname-fn-timeout.\"\n    at beforeAll (C:\\Users\\Muhib\\Desktop\\SONU\\tests\\e2e\\app.test.js:16:3)\n    at _dispatchDescribe (C:\\Users\\Muhib\\Desktop\\SONU\\tests\\node_modules\\jest-circus\\build\\index.js:91:26)\n    at describe (C:\\Users\\Muhib\\Desktop\\SONU\\tests\\node_modules\\jest-circus\\build\\index.js:55:5)\n    at Object.describe (C:\\Users\\Muhib\\Desktop\\SONU\\tests\\e2e\\app.test.js:12:1)\n    at Runtime._execModule (C:\\Users\\Muhib\\Desktop\\SONU\\tests\\node_modules\\jest-runtime\\build\\index.js:1439:24)\n    at Runtime._loadModule (C:\\Users\\Muhib\\Desktop\\SONU\\tests\\node_modules\\jest-runtime\\build\\index.js:1022:12)\n    at Runtime.requireModule (C:\\Users\\Muhib\\Desktop\\SONU\\tests\\node_modules\\jest-runtime\\build\\index.js:882:12)\n    at jestAdapter (C:\\Users\\Muhib\\Desktop\\SONU\\tests\\node_modules\\jest-circus\\build\\legacy-code-todo-rewrite\\jestAdapter.js:77:13)\n    at processTicksAndRejections (node:internal/process/task_queues:105:5)\n    at runTestInternal (C:\\Users\\Muhib\\Desktop\\SONU\\tests\\node_modules\\jest-runner\\build\\runTest.js:367:16)\n    at runTest (C:\\Users\\Muhib\\Desktop\\SONU\\tests\\node_modules\\jest-runner\\build\\runTest.js:444:34)\n    at Object.worker (C:\\Users\\Muhib\\Desktop\\SONU\\tests\\node_modules\\jest-runner\\build\\testWorker.js:106:12)"],"fullName":"SONU E2E Tests History Management should display history section","invocations":1,"location":null,"numPassingAsserts":0,"retryReasons":[],"status":"failed","title":"should display history section"},{"ancestorTitles":["SONU E2E Tests","History Management"],"duration":1,"failureDetails":[{"message":"thrown: \"Exceeded timeout of 30000 ms for a hook.\nAdd a timeout value to this test to increase the timeout, if this is a long-running test. See https://jestjs.io/docs/api#testname-fn-timeout.\""}],"failureMessages":["Error: thrown: \"Exceeded timeout of 30000 ms for a hook.\nAdd a timeout value to this test to increase the timeout, if this is a long-running test. See https://jestjs.io/docs/api#testname-fn-timeout.\"\n    at beforeAll (C:\\Users\\Muhib\\Desktop\\SONU\\tests\\e2e\\app.test.js:16:3)\n    at _dispatchDescribe (C:\\Users\\Muhib\\Desktop\\SONU\\tests\\node_modules\\jest-circus\\build\\index.js:91:26)\n    at describe (C:\\Users\\Muhib\\Desktop\\SONU\\tests\\node_modules\\jest-circus\\build\\index.js:55:5)\n    at Object.describe (C:\\Users\\Muhib\\Desktop\\SONU\\tests\\e2e\\app.test.js:12:1)\n    at Runtime._execModule (C:\\Users\\Muhib\\Desktop\\SONU\\tests\\node_modules\\jest-runtime\\build\\index.js:1439:24)\n    at Runtime._loadModule (C:\\Users\\Muhib\\Desktop\\SONU\\tests\\node_modules\\jest-runtime\\build\\index.js:1022:12)\n    at Runtime.requireModule (C:\\Users\\Muhib\\Desktop\\SONU\\tests\\node_modules\\jest-runtime\\build\\index.js:882:12)\n    at jestAdapter (C:\\Users\\Muhib\\Desktop\\SONU\\tests\\node_modules\\jest-circus\\build\\legacy-code-todo-rewrite\\jestAdapter.js:77:13)\n    at processTicksAndRejections (node:internal/process/task_queues:105:5)\n    at runTestInternal (C:\\Users\\Muhib\\Desktop\\SONU\\tests\\node_modules\\jest-runner\\build\\runTest.js:367:16)\n    at runTest (C:\\Users\\Muhib\\Desktop\\SONU\\tests\\node_modules\\jest-runner\\build\\runTest.js:444:34)\n    at Object.worker (C:\\Users\\Muhib\\Desktop\\SONU\\tests\\node_modules\\jest-runner\\build\\testWorker.js:106:12)"],"fullName":"SONU E2E Tests History Management should show statistics","invocations":1,"location":null,"numPassingAsserts":0,"retryReasons":[],"status":"failed","title":"should show statistics"},{"ancestorTitles":["SONU E2E Tests","Window Controls"],"duration":0,"failureDetails":[{"message":"thrown: \"Exceeded timeout of 30000 ms for a hook.\nAdd a timeout value to this test to increase the timeout, if this is a long-running test. See https://jestjs.io/docs/api#testname-fn-timeout.\""}],"failureMessages":["Error: thrown: \"Exceeded timeout of 30000 ms for a hook.\nAdd a timeout value to this test to increase the timeout, if this is a long-running test. See https://jestjs.io/docs/api#testname-fn-timeout.\"\n    at beforeAll (C:\\Users\\Muhib\\Desktop\\SONU\\tests\\e2e\\app.test.js:16:3)\n    at _dispatchDescribe (C:\\Users\\Muhib\\Desktop\\SONU\\tests\\node_modules\\jest-circus\\build\\index.js:91:26)\n    at describe (C:\\Users\\Muhib\\Desktop\\SONU\\tests\\node_modules\\jest-circus\\build\\index.js:55:5)\n    at Object.describe (C:\\Users\\Muhib\\Desktop\\SONU\\tests\\e2e\\app.test.js:12:1)\n    at Runtime._execModule (C:\\Users\\Muhib\\Desktop\\SONU\\tests\\node_modules\\jest-runtime\\build\\index.js:1439:24)\n    at Runtime._loadModule (C:\\Users\\Muhib\\Desktop\\SONU\\tests\\node_modules\\jest-runtime\\build\\index.js:1022:12)\n    at Runtime.requireModule (C:\\Users\\Muhib\\Desktop\\SONU\\tests\\node_modules\\jest-runtime\\build\\index.js:882:12)\n    at jestAdapter (C:\\Users\\Muhib\\Desktop\\SONU\\tests\\node_modules\\jest-circus\\build\\legacy-code-todo-rewrite\\jestAdapter.js:77:13)\n    at processTicksAndRejections (node:internal/process/task_queues:105:5)\n    at runTestInternal (C:\\Users\\Muhib\\Desktop\\SONU\\tests\\node_modules\\jest-runner\\build\\runTest.js:367:16)\n    at runTest (C:\\Users\\Muhib\\Desktop\\SONU\\tests\\node_modules\\jest-runner\\build\\runTest.js:444:34)\n    at Object.worker (C:\\Users\\Muhib\\Desktop\\SONU\\tests\\node_modules\\jest-runner\\build\\testWorker.js:106:12)"],"fullName":"SONU E2E Tests Window Controls should handle window controls","invocations":1,"location":null,"numPassingAsserts":0,"retryReasons":[],"status":"failed","title":"should handle window controls"},{"ancestorTitles":["SONU E2E Tests","Error Handling"],"duration":0,"failureDetails":[{"message":"thrown: \"Exceeded timeout of 30000 ms for a hook.\nAdd a timeout value to this test to increase the timeout, if this is a long-running test. See https://jestjs.io/docs/api#testname-fn-timeout.\""}],"failureMessages":["Error: thrown: \"Exceeded timeout of 30000 ms for a hook.\nAdd a timeout value to this test to increase the timeout, if this is a long-running test. See https://jestjs.io/docs/api#testname-fn-timeout.\"\n    at beforeAll (C:\\Users\\Muhib\\Desktop\\SONU\\tests\\e2e\\app.test.js:16:3)\n    at _dispatchDescribe (C:\\Users\\Muhib\\Desktop\\SONU\\tests\\node_modules\\jest-circus\\build\\index.js:91:26)\n    at describe (C:\\Users\\Muhib\\Desktop\\SONU\\tests\\node_modules\\jest-circus\\build\\index.js:55:5)\n    at Object.describe (C:\\Users\\Muhib\\Desktop\\SONU\\tests\\e2e\\app.test.js:12:1)\n    at Runtime._execModule (C:\\Users\\Muhib\\Desktop\\SONU\\tests\\node_modules\\jest-runtime\\build\\index.js:1439:24)\n    at Runtime._loadModule (C:\\Users\\Muhib\\Desktop\\SONU\\tests\\node_modules\\jest-runtime\\build\\index.js:1022:12)\n    at Runtime.requireModule (C:\\Users\\Muhib\\Desktop\\SONU\\tests\\node_modules\\jest-runtime\\build\\index.js:882:12)\n    at jestAdapter (C:\\Users\\Muhib\\Desktop\\SONU\\tests\\node_modules\\jest-circus\\build\\legacy-code-todo-rewrite\\jestAdapter.js:77:13)\n    at processTicksAndRejections (node:internal/process/task_queues:105:5)\n    at runTestInternal (C:\\Users\\Muhib\\Desktop\\SONU\\tests\\node_modules\\jest-runner\\build\\runTest.js:367:16)\n    at runTest (C:\\Users\\Muhib\\Desktop\\SONU\\tests\\node_modules\\jest-runner\\build\\runTest.js:444:34)\n    at Object.worker (C:\\Users\\Muhib\\Desktop\\SONU\\tests\\node_modules\\jest-runner\\build\\testWorker.js:106:12)"],"fullName":"SONU E2E Tests Error Handling should handle invalid navigation gracefully","invocations":1,"location":null,"numPassingAsserts":0,"retryReasons":[],"status":"failed","title":"should handle invalid navigation gracefully"},{"ancestorTitles":["SONU E2E Tests","Error Handling"],"duration":0,"failureDetails":[{"message":"thrown: \"Exceeded timeout of 30000 ms for a hook.\nAdd a timeout value to this test to increase the timeout, if this is a long-running test. See https://jestjs.io/docs/api#testname-fn-timeout.\""}],"failureMessages":["Error: thrown: \"Exceeded timeout of 30000 ms for a hook.\nAdd a timeout value to this test to increase the timeout, if this is a long-running test. See https://jestjs.io/docs/api#testname-fn-timeout.\"\n    at beforeAll (C:\\Users\\Muhib\\Desktop\\SONU\\tests\\e2e\\app.test.js:16:3)\n    at _dispatchDescribe (C:\\Users\\Muhib\\Desktop\\SONU\\tests\\node_modules\\jest-circus\\build\\index.js:91:26)\n    at describe (C:\\Users\\Muhib\\Desktop\\SONU\\tests\\node_modules\\jest-circus\\build\\index.js:55:5)\n    at Object.describe (C:\\Users\\Muhib\\Desktop\\SONU\\tests\\e2e\\app.test.js:12:1)\n    at Runtime._execModule (C:\\Users\\Muhib\\Desktop\\SONU\\tests\\node_modules\\jest-runtime\\build\\index.js:1439:24)\n    at Runtime._loadModule (C:\\Users\\Muhib\\Desktop\\SONU\\tests\\node_modules\\jest-runtime\\build\\index.js:1022:12)\n    at Runtime.requireModule (C:\\Users\\Muhib\\Desktop\\SONU\\tests\\node_modules\\jest-runtime\\build\\index.js:882:12)\n    at jestAdapter (C:\\Users\\Muhib\\Desktop\\SONU\\tests\\node_modules\\jest-circus\\build\\legacy-code-todo-rewrite\\jestAdapter.js:77:13)\n    at processTicksAndRejections (node:internal/process/task_queues:105:5)\n    at runTestInternal (C:\\Users\\Muhib\\Desktop\\SONU\\tests\\node_modules\\jest-runner\\build\\runTest.js:367:16)\n    at runTest (C:\\Users\\Muhib\\Desktop\\SONU\\tests\\node_modules\\jest-runner\\build\\runTest.js:444:34)\n    at Object.worker (C:\\Users\\Muhib\\Desktop\\SONU\\tests\\node_modules\\jest-runner\\build\\testWorker.js:106:12)"],"fullName":"SONU E2E Tests Error Handling should handle settings errors gracefully","invocations":1,"location":null,"numPassingAsserts":0,"retryReasons":[],"status":"failed","title":"should handle settings errors gracefully"}],"endTime":1762573134122,"message":"\u001b[1m\u001b[31m  \u001b[1m● \u001b[22m\u001b[1mSONU E2E Tests › Application Launch › should launch application successfully\u001b[39m\u001b[22m\n\n    thrown: \"Exceeded timeout of 30000 ms for a hook.\n    Add a timeout value to this test to increase the timeout, if this is a long-running test. See https://jestjs.io/docs/api#testname-fn-timeout.\"\n\u001b[2m\u001b[22m\n\u001b[2m    \u001b[0m \u001b[90m 14 |\u001b[39m   \u001b[36mlet\u001b[39m mainWindow\u001b[33m;\u001b[39m\u001b[22m\n\u001b[2m     \u001b[90m 15 |\u001b[39m\u001b[22m\n\u001b[2m    \u001b[31m\u001b[1m>\u001b[22m\u001b[2m\u001b[39m\u001b[90m 16 |\u001b[39m   beforeAll(\u001b[36masync\u001b[39m () \u001b[33m=>\u001b[39m {\u001b[22m\n\u001b[2m     \u001b[90m    |\u001b[39m   \u001b[31m\u001b[1m^\u001b[22m\u001b[2m\u001b[39m\u001b[22m\n\u001b[2m     \u001b[90m 17 |\u001b[39m     \u001b[90m// Ensure setImmediate exists in test environment\u001b[39m\u001b[22m\n\u001b[2m     \u001b[90m 18 |\u001b[39m     \u001b[36mif\u001b[39m (\u001b[36mtypeof\u001b[39m setImmediate \u001b[33m===\u001b[39m \u001b[32m'undefined'\u001b[39m) {\u001b[22m\n\u001b[2m     \u001b[90m 19 |\u001b[39m       global\u001b[33m.\u001b[39msetImmediate \u001b[33m=\u001b[39m (fn\u001b[33m,\u001b[39m \u001b[33m...\u001b[39margs) \u001b[33m=>\u001b[39m setTimeout(fn\u001b[33m,\u001b[39m \u001b[35m0\u001b[39m\u001b[33m,\u001b[39m \u001b[33m...\u001b[39margs)\u001b[33m;\u001b[39m\u001b[0m\u001b[22m\n\u001b[2m\u001b[22m\n\u001b[2m      \u001b[2mat beforeAll (\u001b[22m\u001b[2m\u001b[0m\u001b[36me2e/app.test.js\u001b[39m\u001b[0m\u001b[2m:16:3)\u001b[22m\u001b[2m\u001b[22m\n\u001b[2m      \u001b[2mat Object.describe (\u001b[22m\u001b[2m\u001b[0m\u001b[36me2e/app.test.js\u001b[39m\u001b[0m\u001b[2m:12:1)\u001b[22m\u001b[2m\u001b[22m\n\n\u001b[1m\u001b[31m  \u001b[1m● \u001b[22m\u001b[1mSONU E2E Tests › Application Launch › should display main interface\u001b[39m\u001b[22m\n\n    thrown: \"Exceeded timeout of 30000 ms for a hook.\n    Add a timeout value to this test to increase the timeout, if this is a long-running test. See https://jestjs.io/docs/api#testname-fn-timeout.\"\n\u001b[2m\u001b[22m\n\u001b[2m    \u001b[0m \u001b[90m 14 |\u001b[39m   \u001b[36mlet\u001b[39m mainWindow\u001b[33m;\u001b[39m\u001b[22m\n\u001b[2m     \u001b[90m 15 |\u001b[39m\u001b[22m\n\u001b[2m    \u001b[31m\u001b[1m>\u001b[22m\u001b[2m\u001b[39m\u001b[90m 16 |\u001b[39m   beforeAll(\u001b[36masync\u001b[39m () \u001b[33m=>\u001b[39m {\u001b[22m\n\u001b[2m     \u001b[90m    |\u001b[39m   \u001b[31m\u001b[1m^\u001b[22m\u001b[2m\u001b[39m\u001b[22m\n\u001b[2m     \u001b[90m 17 |\u001b[39m     \u001b[90m// Ensure setImmediate exists in test environment\u001b[39m\u001b[22m\n\u001b[2m     \u001b[90m 18 |\u001b[39m     \u001b[36mif\u001b[39m (\u001b[36mtypeof\u001b[39m setImmediate \u001b[33m===\u001b[39m \u001b[32m'undefined'\u001b[39m) {\u001b[22m\n\u001b[2m     \u001b[90m 19 |\u001b[39m       global\u001b[33m.\u001b[39msetImmediate \u001b[33m=\u001b[39m (fn\u001b[33m,\u001b[39m \u001b[33m...\u001b[39margs) \u001b[33m=>\u001b[39m setTimeout(fn\u001b[33m,\u001b[39m \u001b[35m0\u001b[39m\u001b[33m,\u001b[39m \u001b[33m...\u001b[39margs)\u001b[33m;\u001b[39m\u001b[0m\u001b[22m\n\u001b[2m\u001b[22m\n\u001b[2m      \u001b[2mat beforeAll (\u001b[22m\u001b[2m\u001b[0m\u001b[36me2e/app.test.js\u001b[39m\u001b[0m\u001b[2m:16:3)\u001b[22m\u001b[2m\u001b[22m\n\u001b[2m      \u001b[2mat Object.describe (\u001b[22m\u001b[2m\u001b[0m\u001b[36me2e/app.test.js\u001b[39m\u001b[0m\u001b[2m:12:1)\u001b[22m\u001b[2m\u001b[22m\n\n\u001b[1m\u001b[31m  \u001b[1m● \u001b[22m\u001b[1mSONU E2E Tests › Navigation › should navigate between pages\u001b[39m\u001b[22m\n\n    thrown: \"Exceeded timeout of 30000 ms for a hook.\n    Add a timeout value to this test to increase the timeout, if this is a long-running test. See https://jestjs.io/docs/api#testname-fn-timeout.\"\n\u001b[2m\u001b[22m\n\u001b[2m    \u001b[0m \u001b[90m 14 |\u001b[39m   \u001b[36mlet\u001b[39m mainWindow\u001b[33m;\u001b[39m\u001b[22m\n\u001b[2m     \u001b[90m 15 |\u001b[39m\u001b[22m\n\u001b[2m    \u001b[31m\u001b[1m>\u001b[22m\u001b[2m\u001b[39m\u001b[90m 16 |\u001b[39m   beforeAll(\u001b[36masync\u001b[39m () \u001b[33m=>\u001b[39m {\u001b[22m\n\u001b[2m     \u001b[90m    |\u001b[39m   \u001b[31m\u001b[1m^\u001b[22m\u001b[2m\u001b[39m\u001b[22m\n\u001b[2m     \u001b[90m 17 |\u001b[39m     \u001b[90m// Ensure setImmediate exists in test environment\u001b[39m\u001b[22m\n\u001b[2m     \u001b[90m 18 |\u001b[39m     \u001b[36mif\u001b[39m (\u001b[36mtypeof\u001b[39m setImmediate \u001b[33m===\u001b[39m \u001b[32m'undefined'\u001b[39m) {\u001b[22m\n\u001b[2m     \u001b[90m 19 |\u001b[39m       global\u001b[33m.\u001b[39msetImmediate \u001b[33m=\u001b[39m (fn\u001b[33m,\u001b[39m \u001b[33m...\u001b[39margs) \u001b[33m=>\u001b[39m setTimeout(fn\u001b[33m,\u001b[39m \u001b[35m0\u001b[39m\u001b[33m,\u001b[39m \u001b[33m...\u001b[39margs)\u001b[33m;\u001b[39m\u001b[0m\u001b[22m\n\u001b[2m\u001b[22m\n\u001b[2m      \u001b[2mat beforeAll (\u001b[22m\u001b[2m\u001b[0m\u001b[36me2e/app.test.js\u001b[39m\u001b[0m\u001b[2m:16:3)\u001b[22m\u001b[2m\u001b[22m\n\u001b[2m      \u001b[2mat Object.describe (\u001b[22m\u001b[2m\u001b[0m\u001b[36me2e/app.test.js\u001b[39m\u001b[0m\u001b[2m:12:1)\u001b[22m\u001b[2m\u001b[22m\n\n\u001b[1m\u001b[31m  \u001b[1m● \u001b[22m\u001b[1mSONU E2E Tests › Navigation › should navigate settings tabs\u001b[39m\u001b[22m\n\n    thrown: \"Exceeded timeout of 30000 ms for a hook.\n    Add a timeout value to this test to increase the timeout, if this is a long-running test. See https://jestjs.io/docs/api#testname-fn-timeout.\"\n\u001b[2m\u001b[22m\n\u001b[2m    \u001b[0m \u001b[90m 14 |\u001b[39m   \u001b[36mlet\u001b[39m mainWindow\u001b[33m;\u001b[39m\u001b[22m\n\u001b[2m     \u001b[90m 15 |\u001b[39m\u001b[22m\n\u001b[2m    \u001b[31m\u001b[1m>\u001b[22m\u001b[2m\u001b[39m\u001b[90m 16 |\u001b[39m   beforeAll(\u001b[36masync\u001b[39m () \u001b[33m=>\u001b[39m {\u001b[22m\n\u001b[2m     \u001b[90m    |\u001b[39m   \u001b[31m\u001b[1m^\u001b[22m\u001b[2m\u001b[39m\u001b[22m\n\u001b[2m     \u001b[90m 17 |\u001b[39m     \u001b[90m// Ensure setImmediate exists in test environment\u001b[39m\u001b[22m\n\u001b[2m     \u001b[90m 18 |\u001b[39m     \u001b[36mif\u001b[39m (\u001b[36mtypeof\u001b[39m setImmediate \u001b[33m===\u001b[39m \u001b[32m'undefined'\u001b[39m) {\u001b[22m\n\u001b[2m     \u001b[90m 19 |\u001b[39m       global\u001b[33m.\u001b[39msetImmediate \u001b[33m=\u001b[39m (fn\u001b[33m,\u001b[39m \u001b[33m...\u001b[39margs) \u001b[33m=>\u001b[39m setTimeout(fn\u001b[33m,\u001b[39m \u001b[35m0\u001b[39m\u001b[33m,\u001b[39m \u001b[33m...\u001b[39margs)\u001b[33m;\u001b[39m\u001b[0m\u001b[22m\n\u001b[2m\u001b[22m\n\u001b[2m      \u001b[2mat beforeAll (\u001b[22m\u001b[2m\u001b[0m\u001b[36me2e/app.test.js\u001b[39m\u001b[0m\u001b[2m:16:3)\u001b[22m\u001b[2m\u001b[22m\n\u001b[2m      \u001b[2mat Object.describe (\u001b[22m\u001b[2m\u001b[0m\u001b[36me2e/app.test.js\u001b[39m\u001b[0m\u001b[2m:12:1)\u001b[22m\u001b[2m\u001b[22m\n\n\u001b[1m\u001b[31m  \u001b[1m● \u001b[22m\u001b[1mSONU E2E Tests › Theme System › should toggle theme\u001b[39m\u001b[22m\n\n    thrown: \"Exceeded timeout of 30000 ms for a hook.\n    Add a timeout value to this test to increase the timeout, if this is a long-running test. See https://jestjs.io/docs/api#testname-fn-timeout.\"\n\u001b[2m\u001b[22m\n\u001b[2m    \u001b[0m \u001b[90m 14 |\u001b[39m   \u001b[36mlet\u001b[39m mainWindow\u001b[33m;\u001b[39m\u001b[22m\n\u001b[2m     \u001b[90m 15 |\u001b[39m\u001b[22m\n\u001b[2m    \u001b[31m\u001b[1m>\u001b[22m\u001b[2m\u001b[39m\u001b[90m 16 |\u001b[39m   beforeAll(\u001b[36masync\u001b[39m () \u001b[33m=>\u001b[39m {\u001b[22m\n\u001b[2m     \u001b[90m    |\u001b[39m   \u001b[31m\u001b[1m^\u001b[22m\u001b[2m\u001b[39m\u001b[22m\n\u001b[2m     \u001b[90m 17 |\u001b[39m     \u001b[90m// Ensure setImmediate exists in test environment\u001b[39m\u001b[22m\n\u001b[2m     \u001b[90m 18 |\u001b[39m     \u001b[36mif\u001b[39m (\u001b[36mtypeof\u001b[39m setImmediate \u001b[33m===\u001b[39m \u001b[32m'undefined'\u001b[39m) {\u001b[22m\n\u001b[2m     \u001b[90m 19 |\u001b[39m       global\u001b[33m.\u001b[39msetImmediate \u001b[33m=\u001b[39m (fn\u001b[33m,\u001b[39m \u001b[33m...\u001b[39margs) \u001b[33m=>\u001b[39m setTimeout(fn\u001b[33m,\u001b[39m \u001b[35m0\u001b[39m\u001b[33m,\u001b[39m \u001b[33m...\u001b[39margs)\u001b[33m;\u001b[39m\u001b[0m\u001b[22m\n\u001b[2m\u001b[22m\n\u001b[2m      \u001b[2mat beforeAll (\u001b[22m\u001b[2m\u001b[0m\u001b[36me2e/app.test.js\u001b[39m\u001b[0m\u001b[2m:16:3)\u001b[22m\u001b[2m\u001b[22m\n\u001b[2m      \u001b[2mat Object.describe (\u001b[22m\u001b[2m\u001b[0m\u001b[36me2e/app.test.js\u001b[39m\u001b[0m\u001b[2m:12:1)\u001b[22m\u001b[2m\u001b[22m\n\n\u001b[1m\u001b[31m  \u001b[1m● \u001b[22m\u001b[1mSONU E2E Tests › Theme System › should persist theme selection\u001b[39m\u001b[22m\n\n    thrown: \"Exceeded timeout of 30000 ms for a hook.\n    Add a timeout value to this test to increase the timeout, if this is a long-running test. See https://jestjs.io/docs/api#testname-fn-timeout.\"\n\u001b[2m\u001b[22m\n\u001b[2m    \u001b[0m \u001b[90m 14 |\u001b[39m   \u001b[36mlet\u001b[39m mainWindow\u001b[33m;\u001b[39m\u001b[22m\n\u001b[2m     \u001b[90m 15 |\u001b[39m\u001b[22m\n\u001b[2m    \u001b[31m\u001b[1m>\u001b[22m\u001b[2m\u001b[39m\u001b[90m 16 |\u001b[39m   beforeAll(\u001b[36masync\u001b[39m () \u001b[33m=>\u001b[39m {\u001b[22m\n\u001b[2m     \u001b[90m    |\u001b[39m   \u001b[31m\u001b[1m^\u001b[22m\u001b[2m\u001b[39m\u001b[22m\n\u001b[2m     \u001b[90m 17 |\u001b[39m     \u001b[90m// Ensure setImmediate exists in test environment\u001b[39m\u001b[22m\n\u001b[2m     \u001b[90m 18 |\u001b[39m     \u001b[36mif\u001b[39m (\u001b[36mtypeof\u001b[39m setImmediate \u001b[33m===\u001b[39m \u001b[32m'undefined'\u001b[39m) {\u001b[22m\n\u001b[2m     \u001b[90m 19 |\u001b[39m       global\u001b[33m.\u001b[39msetImmediate \u001b[33m=\u001b[39m (fn\u001b[33m,\u001b[39m \u001b[33m...\u001b[39margs) \u001b[33m=>\u001b[39m setTimeout(fn\u001b[33m,\u001b[39m \u001b[35m0\u001b[39m\u001b[33m,\u001b[39m \u001b[33m...\u001b[39margs)\u001b[33m;\u001b[39m\u001b[0m\u001b[22m\n\u001b[2m\u001b[22m\n\u001b[2m      \u001b[2mat beforeAll (\u001b[22m\u001b[2m\u001b[0m\u001b[36me2e/app.test.js\u001b[39m\u001b[0m\u001b[2m:16:3)\u001b[22m\u001b[2m\u001b[22m\n\u001b[2m      \u001b[2mat Object.describe (\u001b[22m\u001b[2m\u001b[0m\u001b[36me2e/app.test.js\u001b[39m\u001b[0m\u001b[2m:12:1)\u001b[22m\u001b[2m\u001b[22m\n\n\u001b[1m\u001b[31m  \u001b[1m● \u001b[22m\u001b[1mSONU E2E Tests › Settings Management › should open settings modal\u001b[39m\u001b[22m\n\n    thrown: \"Exceeded timeout of 30000 ms for a hook.\n    Add a timeout value to this test to increase the timeout, if this is a long-running test. See https://jestjs.io/docs/api#testname-fn-timeout.\"\n\u001b[2m\u001b[22m\n\u001b[2m    \u001b[0m \u001b[90m 14 |\u001b[39m   \u001b[36mlet\u001b[39m mainWindow\u001b[33m;\u001b[39m\u001b[22m\n\u001b[2m     \u001b[90m 15 |\u001b[39m\u001b[22m\n\u001b[2m    \u001b[31m\u001b[1m>\u001b[22m\u001b[2m\u001b[39m\u001b[90m 16 |\u001b[39m   beforeAll(\u001b[36masync\u001b[39m () \u001b[33m=>\u001b[39m {\u001b[22m\n\u001b[2m     \u001b[90m    |\u001b[39m   \u001b[31m\u001b[1m^\u001b[22m\u001b[2m\u001b[39m\u001b[22m\n\u001b[2m     \u001b[90m 17 |\u001b[39m     \u001b[90m// Ensure setImmediate exists in test environment\u001b[39m\u001b[22m\n\u001b[2m     \u001b[90m 18 |\u001b[39m     \u001b[36mif\u001b[39m (\u001b[36mtypeof\u001b[39m setImmediate \u001b[33m===\u001b[39m \u001b[32m'undefined'\u001b[39m) {\u001b[22m\n\u001b[2m     \u001b[90m 19 |\u001b[39m       global\u001b[33m.\u001b[39msetImmediate \u001b[33m=\u001b[39m (fn\u001b[33m,\u001b[39m \u001b[33m...\u001b[39margs) \u001b[33m=>\u001b[39m setTimeout(fn\u001b[33m,\u001b[39m \u001b[35m0\u001b[39m\u001b[33m,\u001b[39m \u001b[33m...\u001b[39margs)\u001b[33m;\u001b[39m\u001b[0m\u001b[22m\n\u001b[2m\u001b[22m\n\u001b[2m      \u001b[2mat beforeAll (\u001b[22m\u001b[2m\u001b[0m\u001b[36me2e/app.test.js\u001b[39m\u001b[0m\u001b[2m:16:3)\u001b[22m\u001b[2m\u001b[22m\n\u001b[2m      \u001b[2mat Object.describe (\u001b[22m\u001b[2m\u001b[0m\u001b[36me2e/app.test.js\u001b[39m\u001b[0m\u001b[2m:12:1)\u001b[22m\u001b[2m\u001b[22m\n\n\u001b[1m\u001b[31m  \u001b[1m● \u001b[22m\u001b[1mSONU E2E Tests › Settings Management › should save settings\u001b[39m\u001b[22m\n\n    thrown: \"Exceeded timeout of 30000 ms for a hook.\n    Add a timeout value to this test to increase the timeout, if this is a long-running test. See https://jestjs.io/docs/api#testname-fn-timeout.\"\n\u001b[2m\u001b[22m\n\u001b[2m    \u001b[0m \u001b[90m 14 |\u001b[39m   \u001b[36mlet\u001b[39m mainWindow\u001b[33m;\u001b[39m\u001b[22m\n\u001b[2m     \u001b[90m 15 |\u001b[39m\u001b[22m\n\u001b[2m    \u001b[31m\u001b[1m>\u001b[22m\u001b[2m\u001b[39m\u001b[90m 16 |\u001b[39m   beforeAll(\u001b[36masync\u001b[39m () \u001b[33m=>\u001b[39m {\u001b[22m\n\u001b[2m     \u001b[90m    |\u001b[39m   \u001b[31m\u001b[1m^\u001b[22m\u001b[2m\u001b[39m\u001b[22m\n\u001b[2m     \u001b[90m 17 |\u001b[39m     \u001b[90m// Ensure setImmediate exists in test environment\u001b[39m\u001b[22m\n\u001b[2m     \u001b[90m 18 |\u001b[39m     \u001b[36mif\u001b[39m (\u001b[36mtypeof\u001b[39m setImmediate \u001b[33m===\u001b[39m \u001b[32m'undefined'\u001b[39m) {\u001b[22m\n\u001b[2m     \u001b[90m 19 |\u001b[39m       global\u001b[33m.\u001b[39msetImmediate \u001b[33m=\u001b[39m (fn\u001b[33m,\u001b[39m \u001b[33m...\u001b[39margs) \u001b[33m=>\u001b[39m setTimeout(fn\u001b[33m,\u001b[39m \u001b[35m0\u001b[39m\u001b[33m,\u001b[39m \u001b[33m...\u001b[39margs)\u001b[33m;\u001b[39m\u001b[0m\u001b[22m\n\u001b[2m\u001b[22m\n\u001b[2m      \u001b[2mat beforeAll (\u001b[22m\u001b[2m\u001b[0m\u001b[36me2e/app.test.js\u001b[39m\u001b[0m\u001b[2m:16:3)\u001b[22m\u001b[2m\u001b[22m\n\u001b[2m      \u001b[2mat Object.describe (\u001b[22m\u001b[2m\u001b[0m\u001b[36me2e/app.test.js\u001b[39m\u001b[0m\u001b[2m:12:1)\u001b[22m\u001b[2m\u001b[22m\n\n\u001b[1m\u001b[31m  \u001b[1m● \u001b[22m\u001b[1mSONU E2E Tests › System Information › should load system information\u001b[39m\u001b[22m\n\n    thrown: \"Exceeded timeout of 30000 ms for a hook.\n    Add a timeout value to this test to increase the timeout, if this is a long-running test. See https://jestjs.io/docs/api#testname-fn-timeout.\"\n\u001b[2m\u001b[22m\n\u001b[2m    \u001b[0m \u001b[90m 14 |\u001b[39m   \u001b[36mlet\u001b[39m mainWindow\u001b[33m;\u001b[39m\u001b[22m\n\u001b[2m     \u001b[90m 15 |\u001b[39m\u001b[22m\n\u001b[2m    \u001b[31m\u001b[1m>\u001b[22m\u001b[2m\u001b[39m\u001b[90m 16 |\u001b[39m   beforeAll(\u001b[36masync\u001b[39m () \u001b[33m=>\u001b[39m {\u001b[22m\n\u001b[2m     \u001b[90m    |\u001b[39m   \u001b[31m\u001b[1m^\u001b[22m\u001b[2m\u001b[39m\u001b[22m\n\u001b[2m     \u001b[90m 17 |\u001b[39m     \u001b[90m// Ensure setImmediate exists in test environment\u001b[39m\u001b[22m\n\u001b[2m     \u001b[90m 18 |\u001b[39m     \u001b[36mif\u001b[39m (\u001b[36mtypeof\u001b[39m setImmediate \u001b[33m===\u001b[39m \u001b[32m'undefined'\u001b[39m) {\u001b[22m\n\u001b[2m     \u001b[90m 19 |\u001b[39m       global\u001b[33m.\u001b[39msetImmediate \u001b[33m=\u001b[39m (fn\u001b[33m,\u001b[39m \u001b[33m...\u001b[39margs) \u001b[33m=>\u001b[39m setTimeout(fn\u001b[33m,\u001b[39m \u001b[35m0\u001b[39m\u001b[33m,\u001b[39m \u001b[33m...\u001b[39margs)\u001b[33m;\u001b[39m\u001b[0m\u001b[22m\n\u001b[2m\u001b[22m\n\u001b[2m      \u001b[2mat beforeAll (\u001b[22m\u001b[2m\u001b[0m\u001b[36me2e/app.test.js\u001b[39m\u001b[0m\u001b[2m:16:3)\u001b[22m\u001b[2m\u001b[22m\n\u001b[2m      \u001b[2mat Object.describe (\u001b[22m\u001b[2m\u001b[0m\u001b[36me2e/app.test.js\u001b[39m\u001b[0m\u001b[2m:12:1)\u001b[22m\u001b[2m\u001b[22m\n\n\u001b[1m\u001b[31m  \u001b[1m● \u001b[22m\u001b[1mSONU E2E Tests › System Information › should refresh system information\u001b[39m\u001b[22m\n\n    thrown: \"Exceeded timeout of 30000 ms for a hook.\n    Add a timeout value to this test to increase the timeout, if this is a long-running test. See https://jestjs.io/docs/api#testname-fn-timeout.\"\n\u001b[2m\u001b[22m\n\u001b[2m    \u001b[0m \u001b[90m 14 |\u001b[39m   \u001b[36mlet\u001b[39m mainWindow\u001b[33m;\u001b[39m\u001b[22m\n\u001b[2m     \u001b[90m 15 |\u001b[39m\u001b[22m\n\u001b[2m    \u001b[31m\u001b[1m>\u001b[22m\u001b[2m\u001b[39m\u001b[90m 16 |\u001b[39m   beforeAll(\u001b[36masync\u001b[39m () \u001b[33m=>\u001b[39m {\u001b[22m\n\u001b[2m     \u001b[90m    |\u001b[39m   \u001b[31m\u001b[1m^\u001b[22m\u001b[2m\u001b[39m\u001b[22m\n\u001b[2m     \u001b[90m 17 |\u001b[39m     \u001b[90m// Ensure setImmediate exists in test environment\u001b[39m\u001b[22m\n\u001b[2m     \u001b[90m 18 |\u001b[39m     \u001b[36mif\u001b[39m (\u001b[36mtypeof\u001b[39m setImmediate \u001b[33m===\u001b[39m \u001b[32m'undefined'\u001b[39m) {\u001b[22m\n\u001b[2m     \u001b[90m 19 |\u001b[39m       global\u001b[33m.\u001b[39msetImmediate \u001b[33m=\u001b[39m (fn\u001b[33m,\u001b[39m \u001b[33m...\u001b[39margs) \u001b[33m=>\u001b[39m setTimeout(fn\u001b[33m,\u001b[39m \u001b[35m0\u001b[39m\u001b[33m,\u001b[39m \u001b[33m...\u001b[39margs)\u001b[33m;\u001b[39m\u001b[0m\u001b[22m\n\u001b[2m\u001b[22m\n\u001b[2m      \u001b[2mat beforeAll (\u001b[22m\u001b[2m\u001b[0m\u001b[36me2e/app.test.js\u001b[39m\u001b[0m\u001b[2m:16:3)\u001b[22m\u001b[2m\u001b[22m\n\u001b[2m      \u001b[2mat Object.describe (\u001b[22m\u001b[2m\u001b[0m\u001b[36me2e/app.test.js\u001b[39m\u001b[0m\u001b[2m:12:1)\u001b[22m\u001b[2m\u001b[22m\n\n\u001b[1m\u001b[31m  \u001b[1m● \u001b[22m\u001b[1mSONU E2E Tests › Model Management › should display model selector\u001b[39m\u001b[22m\n\n    thrown: \"Exceeded timeout of 30000 ms for a hook.\n    Add a timeout value to this test to increase the timeout, if this is a long-running test. See https://jestjs.io/docs/api#testname-fn-timeout.\"\n\u001b[2m\u001b[22m\n\u001b[2m    \u001b[0m \u001b[90m 14 |\u001b[39m   \u001b[36mlet\u001b[39m mainWindow\u001b[33m;\u001b[39m\u001b[22m\n\u001b[2m     \u001b[90m 15 |\u001b[39m\u001b[22m\n\u001b[2m    \u001b[31m\u001b[1m>\u001b[22m\u001b[2m\u001b[39m\u001b[90m 16 |\u001b[39m   beforeAll(\u001b[36masync\u001b[39m () \u001b[33m=>\u001b[39m {\u001b[22m\n\u001b[2m     \u001b[90m    |\u001b[39m   \u001b[31m\u001b[1m^\u001b[22m\u001b[2m\u001b[39m\u001b[22m\n\u001b[2m     \u001b[90m 17 |\u001b[39m     \u001b[90m// Ensure setImmediate exists in test environment\u001b[39m\u001b[22m\n\u001b[2m     \u001b[90m 18 |\u001b[39m     \u001b[36mif\u001b[39m (\u001b[36mtypeof\u001b[39m setImmediate \u001b[33m===\u001b[39m \u001b[32m'undefined'\u001b[39m) {\u001b[22m\n\u001b[2m     \u001b[90m 19 |\u001b[39m       global\u001b[33m.\u001b[39msetImmediate \u001b[33m=\u001b[39m (fn\u001b[33m,\u001b[39m \u001b[33m...\u001b[39margs) \u001b[33m=>\u001b[39m setTimeout(fn\u001b[33m,\u001b[39m \u001b[35m0\u001b[39m\u001b[33m,\u001b[39m \u001b[33m...\u001b[39margs)\u001b[33m;\u001b[39m\u001b[0m\u001b[22m\n\u001b[2m\u001b[22m\n\u001b[2m      \u001b[2mat beforeAll (\u001b[22m\u001b[2m\u001b[0m\u001b[36me2e/app.test.js\u001b[39m\u001b[0m\u001b[2m:16:3)\u001b[22m\u001b[2m\u001b[22m\n\u001b[2m      \u001b[2mat Object.describe (\u001b[22m\u001b[2m\u001b[0m\u001b[36me2e/app.test.js\u001b[39m\u001b[0m\u001b[2m:12:1)\u001b[22m\u001b[2m\u001b[22m\n\n\u001b[1m\u001b[31m  \u001b[1m● \u001b[22m\u001b[1mSONU E2E Tests › Model Management › should show disk space information\u001b[39m\u001b[22m\n\n    thrown: \"Exceeded timeout of 30000 ms for a hook.\n    Add a timeout value to this test to increase the timeout, if this is a long-running test. See https://jestjs.io/docs/api#testname-fn-timeout.\"\n\u001b[2m\u001b[22m\n\u001b[2m    \u001b[0m \u001b[90m 14 |\u001b[39m   \u001b[36mlet\u001b[39m mainWindow\u001b[33m;\u001b[39m\u001b[22m\n\u001b[2m     \u001b[90m 15 |\u001b[39m\u001b[22m\n\u001b[2m    \u001b[31m\u001b[1m>\u001b[22m\u001b[2m\u001b[39m\u001b[90m 16 |\u001b[39m   beforeAll(\u001b[36masync\u001b[39m () \u001b[33m=>\u001b[39m {\u001b[22m\n\u001b[2m     \u001b[90m    |\u001b[39m   \u001b[31m\u001b[1m^\u001b[22m\u001b[2m\u001b[39m\u001b[22m\n\u001b[2m     \u001b[90m 17 |\u001b[39m     \u001b[90m// Ensure setImmediate exists in test environment\u001b[39m\u001b[22m\n\u001b[2m     \u001b[90m 18 |\u001b[39m     \u001b[36mif\u001b[39m (\u001b[36mtypeof\u001b[39m setImmediate \u001b[33m===\u001b[39m \u001b[32m'undefined'\u001b[39m) {\u001b[22m\n\u001b[2m     \u001b[90m 19 |\u001b[39m       global\u001b[33m.\u001b[39msetImmediate \u001b[33m=\u001b[39m (fn\u001b[33m,\u001b[39m \u001b[33m...\u001b[39margs) \u001b[33m=>\u001b[39m setTimeout(fn\u001b[33m,\u001b[39m \u001b[35m0\u001b[39m\u001b[33m,\u001b[39m \u001b[33m...\u001b[39margs)\u001b[33m;\u001b[39m\u001b[0m\u001b[22m\n\u001b[2m\u001b[22m\n\u001b[2m      \u001b[2mat beforeAll (\u001b[22m\u001b[2m\u001b[0m\u001b[36me2e/app.test.js\u001b[39m\u001b[0m\u001b[2m:16:3)\u001b[22m\u001b[2m\u001b[22m\n\u001b[2m      \u001b[2mat Object.describe (\u001b[22m\u001b[2m\u001b[0m\u001b[36me2e/app.test.js\u001b[39m\u001b[0m\u001b[2m:12:1)\u001b[22m\u001b[2m\u001b[22m\n\n\u001b[1m\u001b[31m  \u001b[1m● \u001b[22m\u001b[1mSONU E2E Tests › History Management › should display history section\u001b[39m\u001b[22m\n\n    thrown: \"Exceeded timeout of 30000 ms for a hook.\n    Add a timeout value to this test to increase the timeout, if this is a long-running test. See https://jestjs.io/docs/api#testname-fn-timeout.\"\n\u001b[2m\u001b[22m\n\u001b[2m    \u001b[0m \u001b[90m 14 |\u001b[39m   \u001b[36mlet\u001b[39m mainWindow\u001b[33m;\u001b[39m\u001b[22m\n\u001b[2m     \u001b[90m 15 |\u001b[39m\u001b[22m\n\u001b[2m    \u001b[31m\u001b[1m>\u001b[22m\u001b[2m\u001b[39m\u001b[90m 16 |\u001b[39m   beforeAll(\u001b[36masync\u001b[39m () \u001b[33m=>\u001b[39m {\u001b[22m\n\u001b[2m     \u001b[90m    |\u001b[39m   \u001b[31m\u001b[1m^\u001b[22m\u001b[2m\u001b[39m\u001b[22m\n\u001b[2m     \u001b[90m 17 |\u001b[39m     \u001b[90m// Ensure setImmediate exists in test environment\u001b[39m\u001b[22m\n\u001b[2m     \u001b[90m 18 |\u001b[39m     \u001b[36mif\u001b[39m (\u001b[36mtypeof\u001b[39m setImmediate \u001b[33m===\u001b[39m \u001b[32m'undefined'\u001b[39m) {\u001b[22m\n\u001b[2m     \u001b[90m 19 |\u001b[39m       global\u001b[33m.\u001b[39msetImmediate \u001b[33m=\u001b[39m (fn\u001b[33m,\u001b[39m \u001b[33m...\u001b[39margs) \u001b[33m=>\u001b[39m setTimeout(fn\u001b[33m,\u001b[39m \u001b[35m0\u001b[39m\u001b[33m,\u001b[39m \u001b[33m...\u001b[39margs)\u001b[33m;\u001b[39m\u001b[0m\u001b[22m\n\u001b[2m\u001b[22m\n\u001b[2m      \u001b[2mat beforeAll (\u001b[22m\u001b[2m\u001b[0m\u001b[36me2e/app.test.js\u001b[39m\u001b[0m\u001b[2m:16:3)\u001b[22m\u001b[2m\u001b[22m\n\u001b[2m      \u001b[2mat Object.describe (\u001b[22m\u001b[2m\u001b[0m\u001b[36me2e/app.test.js\u001b[39m\u001b[0m\u001b[2m:12:1)\u001b[22m\u001b[2m\u001b[22m\n\n\u001b[1m\u001b[31m  \u001b[1m● \u001b[22m\u001b[1mSONU E2E Tests › History Management › should show statistics\u001b[39m\u001b[22m\n\n    thrown: \"Exceeded timeout of 30000 ms for a hook.\n    Add a timeout value to this test to increase the timeout, if this is a long-running test. See https://jestjs.io/docs/api#testname-fn-timeout.\"\n\u001b[2m\u001b[22m\n\u001b[2m    \u001b[0m \u001b[90m 14 |\u001b[39m   \u001b[36mlet\u001b[39m mainWindow\u001b[33m;\u001b[39m\u001b[22m\n\u001b[2m     \u001b[90m 15 |\u001b[39m\u001b[22m\n\u001b[2m    \u001b[31m\u001b[1m>\u001b[22m\u001b[2m\u001b[39m\u001b[90m 16 |\u001b[39m   beforeAll(\u001b[36masync\u001b[39m () \u001b[33m=>\u001b[39m {\u001b[22m\n\u001b[2m     \u001b[90m    |\u001b[39m   \u001b[31m\u001b[1m^\u001b[22m\u001b[2m\u001b[39m\u001b[22m\n\u001b[2m     \u001b[90m 17 |\u001b[39m     \u001b[90m// Ensure setImmediate exists in test environment\u001b[39m\u001b[22m\n\u001b[2m     \u001b[90m 18 |\u001b[39m     \u001b[36mif\u001b[39m (\u001b[36mtypeof\u001b[39m setImmediate \u001b[33m===\u001b[39m \u001b[32m'undefined'\u001b[39m) {\u001b[22m\n\u001b[2m     \u001b[90m 19 |\u001b[39m       global\u001b[33m.\u001b[39msetImmediate \u001b[33m=\u001b[39m (fn\u001b[33m,\u001b[39m \u001b[33m...\u001b[39margs) \u001b[33m=>\u001b[39m setTimeout(fn\u001b[33m,\u001b[39m \u001b[35m0\u001b[39m\u001b[33m,\u001b[39m \u001b[33m...\u001b[39margs)\u001b[33m;\u001b[39m\u001b[0m\u001b[22m\n\u001b[2m\u001b[22m\n\u001b[2m      \u001b[2mat beforeAll (\u001b[22m\u001b[2m\u001b[0m\u001b[36me2e/app.test.js\u001b[39m\u001b[0m\u001b[2m:16:3)\u001b[22m\u001b[2m\u001b[22m\n\u001b[2m      \u001b[2mat Object.describe (\u001b[22m\u001b[2m\u001b[0m\u001b[36me2e/app.test.js\u001b[39m\u001b[0m\u001b[2m:12:1)\u001b[22m\u001b[2m\u001b[22m\n\n\u001b[1m\u001b[31m  \u001b[1m● \u001b[22m\u001b[1mSONU E2E Tests › Window Controls › should handle window controls\u001b[39m\u001b[22m\n\n    thrown: \"Exceeded timeout of 30000 ms for a hook.\n    Add a timeout value to this test to increase the timeout, if this is a long-running test. See https://jestjs.io/docs/api#testname-fn-timeout.\"\n\u001b[2m\u001b[22m\n\u001b[2m    \u001b[0m \u001b[90m 14 |\u001b[39m   \u001b[36mlet\u001b[39m mainWindow\u001b[33m;\u001b[39m\u001b[22m\n\u001b[2m     \u001b[90m 15 |\u001b[39m\u001b[22m\n\u001b[2m    \u001b[31m\u001b[1m>\u001b[22m\u001b[2m\u001b[39m\u001b[90m 16 |\u001b[39m   beforeAll(\u001b[36masync\u001b[39m () \u001b[33m=>\u001b[39m {\u001b[22m\n\u001b[2m     \u001b[90m    |\u001b[39m   \u001b[31m\u001b[1m^\u001b[22m\u001b[2m\u001b[39m\u001b[22m\n\u001b[2m     \u001b[90m 17 |\u001b[39m     \u001b[90m// Ensure setImmediate exists in test environment\u001b[39m\u001b[22m\n\u001b[2m     \u001b[90m 18 |\u001b[39m     \u001b[36mif\u001b[39m (\u001b[36mtypeof\u001b[39m setImmediate \u001b[33m===\u001b[39m \u001b[32m'undefined'\u001b[39m) {\u001b[22m\n\u001b[2m     \u001b[90m 19 |\u001b[39m       global\u001b[33m.\u001b[39msetImmediate \u001b[33m=\u001b[39m (fn\u001b[33m,\u001b[39m \u001b[33m...\u001b[39margs) \u001b[33m=>\u001b[39m setTimeout(fn\u001b[33m,\u001b[39m \u001b[35m0\u001b[39m\u001b[33m,\u001b[39m \u001b[33m...\u001b[39margs)\u001b[33m;\u001b[39m\u001b[0m\u001b[22m\n\u001b[2m\u001b[22m\n\u001b[2m      \u001b[2mat beforeAll (\u001b[22m\u001b[2m\u001b[0m\u001b[36me2e/app.test.js\u001b[39m\u001b[0m\u001b[2m:16:3)\u001b[22m\u001b[2m\u001b[22m\n\u001b[2m      \u001b[2mat Object.describe (\u001b[22m\u001b[2m\u001b[0m\u001b[36me2e/app.test.js\u001b[39m\u001b[0m\u001b[2m:12:1)\u001b[22m\u001b[2m\u001b[22m\n\n\u001b[1m\u001b[31m  \u001b[1m● \u001b[22m\u001b[1mSONU E2E Tests › Error Handling › should handle invalid navigation gracefully\u001b[39m\u001b[22m\n\n    thrown: \"Exceeded timeout of 30000 ms for a hook.\n    Add a timeout value to this test to increase the timeout, if this is a long-running test. See https://jestjs.io/docs/api#testname-fn-timeout.\"\n\u001b[2m\u001b[22m\n\u001b[2m    \u001b[0m \u001b[90m 14 |\u001b[39m   \u001b[36mlet\u001b[39m mainWindow\u001b[33m;\u001b[39m\u001b[22m\n\u001b[2m     \u001b[90m 15 |\u001b[39m\u001b[22m\n\u001b[2m    \u001b[31m\u001b[1m>\u001b[22m\u001b[2m\u001b[39m\u001b[90m 16 |\u001b[39m   beforeAll(\u001b[36masync\u001b[39m () \u001b[33m=>\u001b[39m {\u001b[22m\n\u001b[2m     \u001b[90m    |\u001b[39m   \u001b[31m\u001b[1m^\u001b[22m\u001b[2m\u001b[39m\u001b[22m\n\u001b[2m     \u001b[90m 17 |\u001b[39m     \u001b[90m// Ensure setImmediate exists in test environment\u001b[39m\u001b[22m\n\u001b[2m     \u001b[90m 18 |\u001b[39m     \u001b[36mif\u001b[39m (\u001b[36mtypeof\u001b[39m setImmediate \u001b[33m===\u001b[39m \u001b[32m'undefined'\u001b[39m) {\u001b[22m\n\u001b[2m     \u001b[90m 19 |\u001b[39m       global\u001b[33m.\u001b[39msetImmediate \u001b[33m=\u001b[39m (fn\u001b[33m,\u001b[39m \u001b[33m...\u001b[39margs) \u001b[33m=>\u001b[39m setTimeout(fn\u001b[33m,\u001b[39m \u001b[35m0\u001b[39m\u001b[33m,\u001b[39m \u001b[33m...\u001b[39margs)\u001b[33m;\u001b[39m\u001b[0m\u001b[22m\n\u001b[2m\u001b[22m\n\u001b[2m      \u001b[2mat beforeAll (\u001b[22m\u001b[2m\u001b[0m\u001b[36me2e/app.test.js\u001b[39m\u001b[0m\u001b[2m:16:3)\u001b[22m\u001b[2m\u001b[22m\n\u001b[2m      \u001b[2mat Object.describe (\u001b[22m\u001b[2m\u001b[0m\u001b[36me2e/app.test.js\u001b[39m\u001b[0m\u001b[2m:12:1)\u001b[22m\u001b[2m\u001b[22m\n\n\u001b[1m\u001b[31m  \u001b[1m● \u001b[22m\u001b[1mSONU E2E Tests › Error Handling › should handle settings errors gracefully\u001b[39m\u001b[22m\n\n    thrown: \"Exceeded timeout of 30000 ms for a hook.\n    Add a timeout value to this test to increase the timeout, if this is a long-running test. See https://jestjs.io/docs/api#testname-fn-timeout.\"\n\u001b[2m\u001b[22m\n\u001b[2m    \u001b[0m \u001b[90m 14 |\u001b[39m   \u001b[36mlet\u001b[39m mainWindow\u001b[33m;\u001b[39m\u001b[22m\n\u001b[2m     \u001b[90m 15 |\u001b[39m\u001b[22m\n\u001b[2m    \u001b[31m\u001b[1m>\u001b[22m\u001b[2m\u001b[39m\u001b[90m 16 |\u001b[39m   beforeAll(\u001b[36masync\u001b[39m () \u001b[33m=>\u001b[39m {\u001b[22m\n\u001b[2m     \u001b[90m    |\u001b[39m   \u001b[31m\u001b[1m^\u001b[22m\u001b[2m\u001b[39m\u001b[22m\n\u001b[2m     \u001b[90m 17 |\u001b[39m     \u001b[90m// Ensure setImmediate exists in test environment\u001b[39m\u001b[22m\n\u001b[2m     \u001b[90m 18 |\u001b[39m     \u001b[36mif\u001b[39m (\u001b[36mtypeof\u001b[39m setImmediate \u001b[33m===\u001b[39m \u001b[32m'undefined'\u001b[39m) {\u001b[22m\n\u001b[2m     \u001b[90m 19 |\u001b[39m       global\u001b[33m.\u001b[39msetImmediate \u001b[33m=\u001b[39m (fn\u001b[33m,\u001b[39m \u001b[33m...\u001b[39margs) \u001b[33m=>\u001b[39m setTimeout(fn\u001b[33m,\u001b[39m \u001b[35m0\u001b[39m\u001b[33m,\u001b[39m \u001b[33m...\u001b[39margs)\u001b[33m;\u001b[39m\u001b[0m\u001b[22m\n\u001b[2m\u001b[22m\n\u001b[2m      \u001b[2mat beforeAll (\u001b[22m\u001b[2m\u001b[0m\u001b[36me2e/app.test.js\u001b[39m\u001b[0m\u001b[2m:16:3)\u001b[22m\u001b[2m\u001b[22m\n\u001b[2m      \u001b[2mat Object.describe (\u001b[22m\u001b[2m\u001b[0m\u001b[36me2e/app.test.js\u001b[39m\u001b[0m\u001b[2m:12:1)\u001b[22m\u001b[2m\u001b[22m\n","name":"C:\\Users\\Muhib\\Desktop\\SONU\\tests\\e2e\\app.test.js","startTime":1762573098831,"status":"failed","summary":""}],"wasInterrupted":false}
