{"numFailedTestSuites":1,"numFailedTests":9,"numPassedTestSuites":3,"numPassedTests":28,"numPendingTestSuites":0,"numPendingTests":0,"numRuntimeErrorTestSuites":0,"numTodoTests":0,"numTotalTestSuites":4,"numTotalTests":37,"openHandles":[],"snapshot":{"added":0,"didUpdate":false,"failure":false,"filesAdded":0,"filesRemoved":0,"filesRemovedList":[],"filesUnmatched":0,"filesUpdated":0,"matched":0,"total":0,"unchecked":0,"uncheckedKeysByFile":[],"unmatched":0,"updated":0},"startTime":1762605353300,"success":false,"testResults":[{"assertionResults":[{"ancestorTitles":["Typing Unit Tests","Typing Function"],"duration":52,"failureDetails":[],"failureMessages":[],"fullName":"Typing Unit Tests Typing Function should type text using robotjs.typeString","invocations":1,"location":null,"numPassingAsserts":2,"retryReasons":[],"status":"passed","title":"should type text using robotjs.typeString"},{"ancestorTitles":["Typing Unit Tests","Typing Function"],"duration":4,"failureDetails":[],"failureMessages":[],"fullName":"Typing Unit Tests Typing Function should prefer typeStringDelayed when available","invocations":1,"location":null,"numPassingAsserts":2,"retryReasons":[],"status":"passed","title":"should prefer typeStringDelayed when available"},{"ancestorTitles":["Typing Unit Tests","Typing Function"],"duration":3,"failureDetails":[],"failureMessages":[],"fullName":"Typing Unit Tests Typing Function should handle empty text","invocations":1,"location":null,"numPassingAsserts":1,"retryReasons":[],"status":"passed","title":"should handle empty text"},{"ancestorTitles":["Typing Unit Tests","Typing Function"],"duration":3,"failureDetails":[],"failureMessages":[],"fullName":"Typing Unit Tests Typing Function should handle special characters","invocations":1,"location":null,"numPassingAsserts":1,"retryReasons":[],"status":"passed","title":"should handle special characters"},{"ancestorTitles":["Typing Unit Tests","Typing Function"],"duration":3,"failureDetails":[],"failureMessages":[],"fullName":"Typing Unit Tests Typing Function should fallback to clipboard on typing failure","invocations":1,"location":null,"numPassingAsserts":2,"retryReasons":[],"status":"passed","title":"should fallback to clipboard on typing failure"},{"ancestorTitles":["Typing Unit Tests","Focus Handling"],"duration":4,"failureDetails":[],"failureMessages":[],"fullName":"Typing Unit Tests Focus Handling should hide window before typing","invocations":1,"location":null,"numPassingAsserts":3,"retryReasons":[],"status":"passed","title":"should hide window before typing"},{"ancestorTitles":["Typing Unit Tests","Error Handling"],"duration":3,"failureDetails":[],"failureMessages":[],"fullName":"Typing Unit Tests Error Handling should handle robotjs not available","invocations":1,"location":null,"numPassingAsserts":1,"retryReasons":[],"status":"passed","title":"should handle robotjs not available"}],"endTime":1762605360029,"message":"","name":"C:\\Users\\Muhib\\Desktop\\SONU\\tests\\unit\\typing.test.js","startTime":1762605357754,"status":"passed","summary":""},{"assertionResults":[{"ancestorTitles":["Model Download Unit Tests","Model Definitions"],"duration":25,"failureDetails":[],"failureMessages":[],"fullName":"Model Download Unit Tests Model Definitions should have valid model definitions","invocations":1,"location":null,"numPassingAsserts":3,"retryReasons":[],"status":"passed","title":"should have valid model definitions"},{"ancestorTitles":["Model Download Unit Tests","URL Generation"],"duration":2,"failureDetails":[],"failureMessages":[],"fullName":"Model Download Unit Tests URL Generation should generate correct Hugging Face URLs","invocations":1,"location":null,"numPassingAsserts":1,"retryReasons":[],"status":"passed","title":"should generate correct Hugging Face URLs"},{"ancestorTitles":["Model Download Unit Tests","File Verification"],"duration":355,"failureDetails":[],"failureMessages":[],"fullName":"Model Download Unit Tests File Verification should verify file size correctly","invocations":1,"location":null,"numPassingAsserts":2,"retryReasons":[],"status":"passed","title":"should verify file size correctly"}],"endTime":1762605360325,"message":"","name":"C:\\Users\\Muhib\\Desktop\\SONU\\tests\\unit\\model_download.test.js","startTime":1762605357744,"status":"passed","summary":""},{"assertionResults":[{"ancestorTitles":["Main Process Tests","Window Management"],"duration":34,"failureDetails":[],"failureMessages":[],"fullName":"Main Process Tests Window Management should create main window with correct options","invocations":1,"location":null,"numPassingAsserts":0,"retryReasons":[],"status":"passed","title":"should create main window with correct options"},{"ancestorTitles":["Main Process Tests","Window Management"],"duration":2,"failureDetails":[],"failureMessages":[],"fullName":"Main Process Tests Window Management should handle window minimize correctly","invocations":1,"location":null,"numPassingAsserts":0,"retryReasons":[],"status":"passed","title":"should handle window minimize correctly"},{"ancestorTitles":["Main Process Tests","Hotkey Management"],"duration":1,"failureDetails":[],"failureMessages":[],"fullName":"Main Process Tests Hotkey Management should register hotkeys on startup","invocations":1,"location":null,"numPassingAsserts":0,"retryReasons":[],"status":"passed","title":"should register hotkeys on startup"},{"ancestorTitles":["Main Process Tests","Hotkey Management"],"duration":1,"failureDetails":[],"failureMessages":[],"fullName":"Main Process Tests Hotkey Management should handle hotkey registration errors","invocations":1,"location":null,"numPassingAsserts":0,"retryReasons":[],"status":"passed","title":"should handle hotkey registration errors"},{"ancestorTitles":["Main Process Tests","Settings Management"],"duration":2,"failureDetails":[],"failureMessages":[],"fullName":"Main Process Tests Settings Management should load settings from config file","invocations":1,"location":null,"numPassingAsserts":0,"retryReasons":[],"status":"passed","title":"should load settings from config file"},{"ancestorTitles":["Main Process Tests","Settings Management"],"duration":1,"failureDetails":[],"failureMessages":[],"fullName":"Main Process Tests Settings Management should save settings to config file","invocations":1,"location":null,"numPassingAsserts":0,"retryReasons":[],"status":"passed","title":"should save settings to config file"},{"ancestorTitles":["Main Process Tests","History Management"],"duration":2,"failureDetails":[],"failureMessages":[],"fullName":"Main Process Tests History Management should append transcription to history","invocations":1,"location":null,"numPassingAsserts":0,"retryReasons":[],"status":"passed","title":"should append transcription to history"},{"ancestorTitles":["Main Process Tests","History Management"],"duration":1,"failureDetails":[],"failureMessages":[],"fullName":"Main Process Tests History Management should limit history to 100 items","invocations":1,"location":null,"numPassingAsserts":0,"retryReasons":[],"status":"passed","title":"should limit history to 100 items"},{"ancestorTitles":["Main Process Tests","System Integration"],"duration":2,"failureDetails":[],"failureMessages":[],"fullName":"Main Process Tests System Integration should handle system-wide typing","invocations":1,"location":null,"numPassingAsserts":0,"retryReasons":[],"status":"passed","title":"should handle system-wide typing"},{"ancestorTitles":["Main Process Tests","System Integration"],"duration":3,"failureDetails":[],"failureMessages":[],"fullName":"Main Process Tests System Integration should fallback to clipboard when robotjs unavailable","invocations":1,"location":null,"numPassingAsserts":0,"retryReasons":[],"status":"passed","title":"should fallback to clipboard when robotjs unavailable"},{"ancestorTitles":["Main Process Tests","IPC Handlers"],"duration":220,"failureDetails":[],"failureMessages":[],"fullName":"Main Process Tests IPC Handlers should handle settings IPC calls","invocations":1,"location":null,"numPassingAsserts":2,"retryReasons":[],"status":"passed","title":"should handle settings IPC calls"},{"ancestorTitles":["Main Process Tests","IPC Handlers"],"duration":213,"failureDetails":[],"failureMessages":[],"fullName":"Main Process Tests IPC Handlers should handle history IPC calls","invocations":1,"location":null,"numPassingAsserts":2,"retryReasons":[],"status":"passed","title":"should handle history IPC calls"},{"ancestorTitles":["Main Process Tests","IPC Handlers"],"duration":203,"failureDetails":[],"failureMessages":[],"fullName":"Main Process Tests IPC Handlers should handle system info IPC calls","invocations":1,"location":null,"numPassingAsserts":2,"retryReasons":[],"status":"passed","title":"should handle system info IPC calls"}],"endTime":1762605360906,"message":"","name":"C:\\Users\\Muhib\\Desktop\\SONU\\tests\\unit\\main.test.js","startTime":1762605357722,"status":"passed","summary":""},{"assertionResults":[{"ancestorTitles":["Renderer Tests","Navigation"],"duration":611,"failureDetails":[],"failureMessages":[],"fullName":"Renderer Tests Navigation should navigate between pages","invocations":1,"location":null,"numPassingAsserts":2,"retryReasons":[],"status":"passed","title":"should navigate between pages"},{"ancestorTitles":["Renderer Tests","Navigation"],"duration":239,"failureDetails":[],"failureMessages":[],"fullName":"Renderer Tests Navigation should handle theme toggle","invocations":1,"location":null,"numPassingAsserts":1,"retryReasons":[],"status":"passed","title":"should handle theme toggle"},{"ancestorTitles":["Renderer Tests","History Management"],"duration":325,"failureDetails":[],"failureMessages":[],"fullName":"Renderer Tests History Management should load and display history","invocations":1,"location":null,"numPassingAsserts":1,"retryReasons":[],"status":"passed","title":"should load and display history"},{"ancestorTitles":["Renderer Tests","History Management"],"duration":244,"failureDetails":[],"failureMessages":[],"fullName":"Renderer Tests History Management should add new history item","invocations":1,"location":null,"numPassingAsserts":1,"retryReasons":[],"status":"passed","title":"should add new history item"},{"ancestorTitles":["Renderer Tests","Recording States"],"duration":327,"failureDetails":[],"failureMessages":[],"fullName":"Renderer Tests Recording States should handle recording start","invocations":1,"location":null,"numPassingAsserts":1,"retryReasons":[],"status":"passed","title":"should handle recording start"},{"ancestorTitles":["Renderer Tests","Recording States"],"duration":5036,"failureDetails":[{"message":"thrown: \"Exceeded timeout of 5000 ms for a test.\nAdd a timeout value to this test to increase the timeout, if this is a long-running test. See https://jestjs.io/docs/api#testname-fn-timeout.\""}],"failureMessages":["Error: thrown: \"Exceeded timeout of 5000 ms for a test.\nAdd a timeout value to this test to increase the timeout, if this is a long-running test. See https://jestjs.io/docs/api#testname-fn-timeout.\"\n    at test (C:\\Users\\Muhib\\Desktop\\SONU\\tests\\unit\\renderer.test.js:206:5)\n    at _dispatchDescribe (C:\\Users\\Muhib\\Desktop\\SONU\\tests\\node_modules\\jest-circus\\build\\index.js:91:26)\n    at describe (C:\\Users\\Muhib\\Desktop\\SONU\\tests\\node_modules\\jest-circus\\build\\index.js:55:5)\n    at describe (C:\\Users\\Muhib\\Desktop\\SONU\\tests\\unit\\renderer.test.js:194:3)\n    at _dispatchDescribe (C:\\Users\\Muhib\\Desktop\\SONU\\tests\\node_modules\\jest-circus\\build\\index.js:91:26)\n    at describe (C:\\Users\\Muhib\\Desktop\\SONU\\tests\\node_modules\\jest-circus\\build\\index.js:55:5)\n    at Object.describe (C:\\Users\\Muhib\\Desktop\\SONU\\tests\\unit\\renderer.test.js:5:1)\n    at Runtime._execModule (C:\\Users\\Muhib\\Desktop\\SONU\\tests\\node_modules\\jest-runtime\\build\\index.js:1439:24)\n    at Runtime._loadModule (C:\\Users\\Muhib\\Desktop\\SONU\\tests\\node_modules\\jest-runtime\\build\\index.js:1022:12)\n    at Runtime.requireModule (C:\\Users\\Muhib\\Desktop\\SONU\\tests\\node_modules\\jest-runtime\\build\\index.js:882:12)\n    at jestAdapter (C:\\Users\\Muhib\\Desktop\\SONU\\tests\\node_modules\\jest-circus\\build\\legacy-code-todo-rewrite\\jestAdapter.js:77:13)\n    at processTicksAndRejections (node:internal/process/task_queues:105:5)\n    at runTestInternal (C:\\Users\\Muhib\\Desktop\\SONU\\tests\\node_modules\\jest-runner\\build\\runTest.js:367:16)\n    at runTest (C:\\Users\\Muhib\\Desktop\\SONU\\tests\\node_modules\\jest-runner\\build\\runTest.js:444:34)\n    at Object.worker (C:\\Users\\Muhib\\Desktop\\SONU\\tests\\node_modules\\jest-runner\\build\\testWorker.js:106:12)"],"fullName":"Renderer Tests Recording States should handle recording stop","invocations":1,"location":null,"numPassingAsserts":0,"retryReasons":[],"status":"failed","title":"should handle recording stop"},{"ancestorTitles":["Renderer Tests","Statistics"],"duration":5035,"failureDetails":[{"message":"thrown: \"Exceeded timeout of 5000 ms for a test.\nAdd a timeout value to this test to increase the timeout, if this is a long-running test. See https://jestjs.io/docs/api#testname-fn-timeout.\""}],"failureMessages":["Error: thrown: \"Exceeded timeout of 5000 ms for a test.\nAdd a timeout value to this test to increase the timeout, if this is a long-running test. See https://jestjs.io/docs/api#testname-fn-timeout.\"\n    at test (C:\\Users\\Muhib\\Desktop\\SONU\\tests\\unit\\renderer.test.js:239:5)\n    at _dispatchDescribe (C:\\Users\\Muhib\\Desktop\\SONU\\tests\\node_modules\\jest-circus\\build\\index.js:91:26)\n    at describe (C:\\Users\\Muhib\\Desktop\\SONU\\tests\\node_modules\\jest-circus\\build\\index.js:55:5)\n    at describe (C:\\Users\\Muhib\\Desktop\\SONU\\tests\\unit\\renderer.test.js:238:3)\n    at _dispatchDescribe (C:\\Users\\Muhib\\Desktop\\SONU\\tests\\node_modules\\jest-circus\\build\\index.js:91:26)\n    at describe (C:\\Users\\Muhib\\Desktop\\SONU\\tests\\node_modules\\jest-circus\\build\\index.js:55:5)\n    at Object.describe (C:\\Users\\Muhib\\Desktop\\SONU\\tests\\unit\\renderer.test.js:5:1)\n    at Runtime._execModule (C:\\Users\\Muhib\\Desktop\\SONU\\tests\\node_modules\\jest-runtime\\build\\index.js:1439:24)\n    at Runtime._loadModule (C:\\Users\\Muhib\\Desktop\\SONU\\tests\\node_modules\\jest-runtime\\build\\index.js:1022:12)\n    at Runtime.requireModule (C:\\Users\\Muhib\\Desktop\\SONU\\tests\\node_modules\\jest-runtime\\build\\index.js:882:12)\n    at jestAdapter (C:\\Users\\Muhib\\Desktop\\SONU\\tests\\node_modules\\jest-circus\\build\\legacy-code-todo-rewrite\\jestAdapter.js:77:13)\n    at processTicksAndRejections (node:internal/process/task_queues:105:5)\n    at runTestInternal (C:\\Users\\Muhib\\Desktop\\SONU\\tests\\node_modules\\jest-runner\\build\\runTest.js:367:16)\n    at runTest (C:\\Users\\Muhib\\Desktop\\SONU\\tests\\node_modules\\jest-runner\\build\\runTest.js:444:34)\n    at Object.worker (C:\\Users\\Muhib\\Desktop\\SONU\\tests\\node_modules\\jest-runner\\build\\testWorker.js:106:12)"],"fullName":"Renderer Tests Statistics should update statistics display","invocations":1,"location":null,"numPassingAsserts":0,"retryReasons":[],"status":"failed","title":"should update statistics display"},{"ancestorTitles":["Renderer Tests","Statistics"],"duration":5055,"failureDetails":[{"message":"thrown: \"Exceeded timeout of 5000 ms for a test.\nAdd a timeout value to this test to increase the timeout, if this is a long-running test. See https://jestjs.io/docs/api#testname-fn-timeout.\""}],"failureMessages":["Error: thrown: \"Exceeded timeout of 5000 ms for a test.\nAdd a timeout value to this test to increase the timeout, if this is a long-running test. See https://jestjs.io/docs/api#testname-fn-timeout.\"\n    at test (C:\\Users\\Muhib\\Desktop\\SONU\\tests\\unit\\renderer.test.js:255:5)\n    at _dispatchDescribe (C:\\Users\\Muhib\\Desktop\\SONU\\tests\\node_modules\\jest-circus\\build\\index.js:91:26)\n    at describe (C:\\Users\\Muhib\\Desktop\\SONU\\tests\\node_modules\\jest-circus\\build\\index.js:55:5)\n    at describe (C:\\Users\\Muhib\\Desktop\\SONU\\tests\\unit\\renderer.test.js:238:3)\n    at _dispatchDescribe (C:\\Users\\Muhib\\Desktop\\SONU\\tests\\node_modules\\jest-circus\\build\\index.js:91:26)\n    at describe (C:\\Users\\Muhib\\Desktop\\SONU\\tests\\node_modules\\jest-circus\\build\\index.js:55:5)\n    at Object.describe (C:\\Users\\Muhib\\Desktop\\SONU\\tests\\unit\\renderer.test.js:5:1)\n    at Runtime._execModule (C:\\Users\\Muhib\\Desktop\\SONU\\tests\\node_modules\\jest-runtime\\build\\index.js:1439:24)\n    at Runtime._loadModule (C:\\Users\\Muhib\\Desktop\\SONU\\tests\\node_modules\\jest-runtime\\build\\index.js:1022:12)\n    at Runtime.requireModule (C:\\Users\\Muhib\\Desktop\\SONU\\tests\\node_modules\\jest-runtime\\build\\index.js:882:12)\n    at jestAdapter (C:\\Users\\Muhib\\Desktop\\SONU\\tests\\node_modules\\jest-circus\\build\\legacy-code-todo-rewrite\\jestAdapter.js:77:13)\n    at processTicksAndRejections (node:internal/process/task_queues:105:5)\n    at runTestInternal (C:\\Users\\Muhib\\Desktop\\SONU\\tests\\node_modules\\jest-runner\\build\\runTest.js:367:16)\n    at runTest (C:\\Users\\Muhib\\Desktop\\SONU\\tests\\node_modules\\jest-runner\\build\\runTest.js:444:34)\n    at Object.worker (C:\\Users\\Muhib\\Desktop\\SONU\\tests\\node_modules\\jest-runner\\build\\testWorker.js:106:12)"],"fullName":"Renderer Tests Statistics should calculate WPM correctly","invocations":1,"location":null,"numPassingAsserts":0,"retryReasons":[],"status":"failed","title":"should calculate WPM correctly"},{"ancestorTitles":["Renderer Tests","Settings Management"],"duration":5057,"failureDetails":[{"message":"thrown: \"Exceeded timeout of 5000 ms for a test.\nAdd a timeout value to this test to increase the timeout, if this is a long-running test. See https://jestjs.io/docs/api#testname-fn-timeout.\""}],"failureMessages":["Error: thrown: \"Exceeded timeout of 5000 ms for a test.\nAdd a timeout value to this test to increase the timeout, if this is a long-running test. See https://jestjs.io/docs/api#testname-fn-timeout.\"\n    at test (C:\\Users\\Muhib\\Desktop\\SONU\\tests\\unit\\renderer.test.js:291:5)\n    at _dispatchDescribe (C:\\Users\\Muhib\\Desktop\\SONU\\tests\\node_modules\\jest-circus\\build\\index.js:91:26)\n    at describe (C:\\Users\\Muhib\\Desktop\\SONU\\tests\\node_modules\\jest-circus\\build\\index.js:55:5)\n    at describe (C:\\Users\\Muhib\\Desktop\\SONU\\tests\\unit\\renderer.test.js:290:3)\n    at _dispatchDescribe (C:\\Users\\Muhib\\Desktop\\SONU\\tests\\node_modules\\jest-circus\\build\\index.js:91:26)\n    at describe (C:\\Users\\Muhib\\Desktop\\SONU\\tests\\node_modules\\jest-circus\\build\\index.js:55:5)\n    at Object.describe (C:\\Users\\Muhib\\Desktop\\SONU\\tests\\unit\\renderer.test.js:5:1)\n    at Runtime._execModule (C:\\Users\\Muhib\\Desktop\\SONU\\tests\\node_modules\\jest-runtime\\build\\index.js:1439:24)\n    at Runtime._loadModule (C:\\Users\\Muhib\\Desktop\\SONU\\tests\\node_modules\\jest-runtime\\build\\index.js:1022:12)\n    at Runtime.requireModule (C:\\Users\\Muhib\\Desktop\\SONU\\tests\\node_modules\\jest-runtime\\build\\index.js:882:12)\n    at jestAdapter (C:\\Users\\Muhib\\Desktop\\SONU\\tests\\node_modules\\jest-circus\\build\\legacy-code-todo-rewrite\\jestAdapter.js:77:13)\n    at processTicksAndRejections (node:internal/process/task_queues:105:5)\n    at runTestInternal (C:\\Users\\Muhib\\Desktop\\SONU\\tests\\node_modules\\jest-runner\\build\\runTest.js:367:16)\n    at runTest (C:\\Users\\Muhib\\Desktop\\SONU\\tests\\node_modules\\jest-runner\\build\\runTest.js:444:34)\n    at Object.worker (C:\\Users\\Muhib\\Desktop\\SONU\\tests\\node_modules\\jest-runner\\build\\testWorker.js:106:12)"],"fullName":"Renderer Tests Settings Management should load app settings","invocations":1,"location":null,"numPassingAsserts":0,"retryReasons":[],"status":"failed","title":"should load app settings"},{"ancestorTitles":["Renderer Tests","Settings Management"],"duration":5019,"failureDetails":[{"message":"thrown: \"Exceeded timeout of 5000 ms for a test.\nAdd a timeout value to this test to increase the timeout, if this is a long-running test. See https://jestjs.io/docs/api#testname-fn-timeout.\""}],"failureMessages":["Error: thrown: \"Exceeded timeout of 5000 ms for a test.\nAdd a timeout value to this test to increase the timeout, if this is a long-running test. See https://jestjs.io/docs/api#testname-fn-timeout.\"\n    at test (C:\\Users\\Muhib\\Desktop\\SONU\\tests\\unit\\renderer.test.js:307:5)\n    at _dispatchDescribe (C:\\Users\\Muhib\\Desktop\\SONU\\tests\\node_modules\\jest-circus\\build\\index.js:91:26)\n    at describe (C:\\Users\\Muhib\\Desktop\\SONU\\tests\\node_modules\\jest-circus\\build\\index.js:55:5)\n    at describe (C:\\Users\\Muhib\\Desktop\\SONU\\tests\\unit\\renderer.test.js:290:3)\n    at _dispatchDescribe (C:\\Users\\Muhib\\Desktop\\SONU\\tests\\node_modules\\jest-circus\\build\\index.js:91:26)\n    at describe (C:\\Users\\Muhib\\Desktop\\SONU\\tests\\node_modules\\jest-circus\\build\\index.js:55:5)\n    at Object.describe (C:\\Users\\Muhib\\Desktop\\SONU\\tests\\unit\\renderer.test.js:5:1)\n    at Runtime._execModule (C:\\Users\\Muhib\\Desktop\\SONU\\tests\\node_modules\\jest-runtime\\build\\index.js:1439:24)\n    at Runtime._loadModule (C:\\Users\\Muhib\\Desktop\\SONU\\tests\\node_modules\\jest-runtime\\build\\index.js:1022:12)\n    at Runtime.requireModule (C:\\Users\\Muhib\\Desktop\\SONU\\tests\\node_modules\\jest-runtime\\build\\index.js:882:12)\n    at jestAdapter (C:\\Users\\Muhib\\Desktop\\SONU\\tests\\node_modules\\jest-circus\\build\\legacy-code-todo-rewrite\\jestAdapter.js:77:13)\n    at processTicksAndRejections (node:internal/process/task_queues:105:5)\n    at runTestInternal (C:\\Users\\Muhib\\Desktop\\SONU\\tests\\node_modules\\jest-runner\\build\\runTest.js:367:16)\n    at runTest (C:\\Users\\Muhib\\Desktop\\SONU\\tests\\node_modules\\jest-runner\\build\\runTest.js:444:34)\n    at Object.worker (C:\\Users\\Muhib\\Desktop\\SONU\\tests\\node_modules\\jest-runner\\build\\testWorker.js:106:12)"],"fullName":"Renderer Tests Settings Management should save app settings","invocations":1,"location":null,"numPassingAsserts":0,"retryReasons":[],"status":"failed","title":"should save app settings"},{"ancestorTitles":["Renderer Tests","Hotkey Configuration"],"duration":5123,"failureDetails":[{"message":"thrown: \"Exceeded timeout of 5000 ms for a test.\nAdd a timeout value to this test to increase the timeout, if this is a long-running test. See https://jestjs.io/docs/api#testname-fn-timeout.\""}],"failureMessages":["Error: thrown: \"Exceeded timeout of 5000 ms for a test.\nAdd a timeout value to this test to increase the timeout, if this is a long-running test. See https://jestjs.io/docs/api#testname-fn-timeout.\"\n    at test (C:\\Users\\Muhib\\Desktop\\SONU\\tests\\unit\\renderer.test.js:321:5)\n    at _dispatchDescribe (C:\\Users\\Muhib\\Desktop\\SONU\\tests\\node_modules\\jest-circus\\build\\index.js:91:26)\n    at describe (C:\\Users\\Muhib\\Desktop\\SONU\\tests\\node_modules\\jest-circus\\build\\index.js:55:5)\n    at describe (C:\\Users\\Muhib\\Desktop\\SONU\\tests\\unit\\renderer.test.js:320:3)\n    at _dispatchDescribe (C:\\Users\\Muhib\\Desktop\\SONU\\tests\\node_modules\\jest-circus\\build\\index.js:91:26)\n    at describe (C:\\Users\\Muhib\\Desktop\\SONU\\tests\\node_modules\\jest-circus\\build\\index.js:55:5)\n    at Object.describe (C:\\Users\\Muhib\\Desktop\\SONU\\tests\\unit\\renderer.test.js:5:1)\n    at Runtime._execModule (C:\\Users\\Muhib\\Desktop\\SONU\\tests\\node_modules\\jest-runtime\\build\\index.js:1439:24)\n    at Runtime._loadModule (C:\\Users\\Muhib\\Desktop\\SONU\\tests\\node_modules\\jest-runtime\\build\\index.js:1022:12)\n    at Runtime.requireModule (C:\\Users\\Muhib\\Desktop\\SONU\\tests\\node_modules\\jest-runtime\\build\\index.js:882:12)\n    at jestAdapter (C:\\Users\\Muhib\\Desktop\\SONU\\tests\\node_modules\\jest-circus\\build\\legacy-code-todo-rewrite\\jestAdapter.js:77:13)\n    at processTicksAndRejections (node:internal/process/task_queues:105:5)\n    at runTestInternal (C:\\Users\\Muhib\\Desktop\\SONU\\tests\\node_modules\\jest-runner\\build\\runTest.js:367:16)\n    at runTest (C:\\Users\\Muhib\\Desktop\\SONU\\tests\\node_modules\\jest-runner\\build\\runTest.js:444:34)\n    at Object.worker (C:\\Users\\Muhib\\Desktop\\SONU\\tests\\node_modules\\jest-runner\\build\\testWorker.js:106:12)"],"fullName":"Renderer Tests Hotkey Configuration should handle hotkey input","invocations":1,"location":null,"numPassingAsserts":0,"retryReasons":[],"status":"failed","title":"should handle hotkey input"},{"ancestorTitles":["Renderer Tests","Hotkey Configuration"],"duration":5034,"failureDetails":[{"message":"thrown: \"Exceeded timeout of 5000 ms for a test.\nAdd a timeout value to this test to increase the timeout, if this is a long-running test. See https://jestjs.io/docs/api#testname-fn-timeout.\""}],"failureMessages":["Error: thrown: \"Exceeded timeout of 5000 ms for a test.\nAdd a timeout value to this test to increase the timeout, if this is a long-running test. See https://jestjs.io/docs/api#testname-fn-timeout.\"\n    at test (C:\\Users\\Muhib\\Desktop\\SONU\\tests\\unit\\renderer.test.js:340:5)\n    at _dispatchDescribe (C:\\Users\\Muhib\\Desktop\\SONU\\tests\\node_modules\\jest-circus\\build\\index.js:91:26)\n    at describe (C:\\Users\\Muhib\\Desktop\\SONU\\tests\\node_modules\\jest-circus\\build\\index.js:55:5)\n    at describe (C:\\Users\\Muhib\\Desktop\\SONU\\tests\\unit\\renderer.test.js:320:3)\n    at _dispatchDescribe (C:\\Users\\Muhib\\Desktop\\SONU\\tests\\node_modules\\jest-circus\\build\\index.js:91:26)\n    at describe (C:\\Users\\Muhib\\Desktop\\SONU\\tests\\node_modules\\jest-circus\\build\\index.js:55:5)\n    at Object.describe (C:\\Users\\Muhib\\Desktop\\SONU\\tests\\unit\\renderer.test.js:5:1)\n    at Runtime._execModule (C:\\Users\\Muhib\\Desktop\\SONU\\tests\\node_modules\\jest-runtime\\build\\index.js:1439:24)\n    at Runtime._loadModule (C:\\Users\\Muhib\\Desktop\\SONU\\tests\\node_modules\\jest-runtime\\build\\index.js:1022:12)\n    at Runtime.requireModule (C:\\Users\\Muhib\\Desktop\\SONU\\tests\\node_modules\\jest-runtime\\build\\index.js:882:12)\n    at jestAdapter (C:\\Users\\Muhib\\Desktop\\SONU\\tests\\node_modules\\jest-circus\\build\\legacy-code-todo-rewrite\\jestAdapter.js:77:13)\n    at processTicksAndRejections (node:internal/process/task_queues:105:5)\n    at runTestInternal (C:\\Users\\Muhib\\Desktop\\SONU\\tests\\node_modules\\jest-runner\\build\\runTest.js:367:16)\n    at runTest (C:\\Users\\Muhib\\Desktop\\SONU\\tests\\node_modules\\jest-runner\\build\\runTest.js:444:34)\n    at Object.worker (C:\\Users\\Muhib\\Desktop\\SONU\\tests\\node_modules\\jest-runner\\build\\testWorker.js:106:12)"],"fullName":"Renderer Tests Hotkey Configuration should save hotkey settings","invocations":1,"location":null,"numPassingAsserts":0,"retryReasons":[],"status":"failed","title":"should save hotkey settings"},{"ancestorTitles":["Renderer Tests","System Integration"],"duration":5043,"failureDetails":[{"message":"thrown: \"Exceeded timeout of 5000 ms for a test.\nAdd a timeout value to this test to increase the timeout, if this is a long-running test. See https://jestjs.io/docs/api#testname-fn-timeout.\""}],"failureMessages":["Error: thrown: \"Exceeded timeout of 5000 ms for a test.\nAdd a timeout value to this test to increase the timeout, if this is a long-running test. See https://jestjs.io/docs/api#testname-fn-timeout.\"\n    at test (C:\\Users\\Muhib\\Desktop\\SONU\\tests\\unit\\renderer.test.js:362:5)\n    at _dispatchDescribe (C:\\Users\\Muhib\\Desktop\\SONU\\tests\\node_modules\\jest-circus\\build\\index.js:91:26)\n    at describe (C:\\Users\\Muhib\\Desktop\\SONU\\tests\\node_modules\\jest-circus\\build\\index.js:55:5)\n    at describe (C:\\Users\\Muhib\\Desktop\\SONU\\tests\\unit\\renderer.test.js:361:3)\n    at _dispatchDescribe (C:\\Users\\Muhib\\Desktop\\SONU\\tests\\node_modules\\jest-circus\\build\\index.js:91:26)\n    at describe (C:\\Users\\Muhib\\Desktop\\SONU\\tests\\node_modules\\jest-circus\\build\\index.js:55:5)\n    at Object.describe (C:\\Users\\Muhib\\Desktop\\SONU\\tests\\unit\\renderer.test.js:5:1)\n    at Runtime._execModule (C:\\Users\\Muhib\\Desktop\\SONU\\tests\\node_modules\\jest-runtime\\build\\index.js:1439:24)\n    at Runtime._loadModule (C:\\Users\\Muhib\\Desktop\\SONU\\tests\\node_modules\\jest-runtime\\build\\index.js:1022:12)\n    at Runtime.requireModule (C:\\Users\\Muhib\\Desktop\\SONU\\tests\\node_modules\\jest-runtime\\build\\index.js:882:12)\n    at jestAdapter (C:\\Users\\Muhib\\Desktop\\SONU\\tests\\node_modules\\jest-circus\\build\\legacy-code-todo-rewrite\\jestAdapter.js:77:13)\n    at processTicksAndRejections (node:internal/process/task_queues:105:5)\n    at runTestInternal (C:\\Users\\Muhib\\Desktop\\SONU\\tests\\node_modules\\jest-runner\\build\\runTest.js:367:16)\n    at runTest (C:\\Users\\Muhib\\Desktop\\SONU\\tests\\node_modules\\jest-runner\\build\\runTest.js:444:34)\n    at Object.worker (C:\\Users\\Muhib\\Desktop\\SONU\\tests\\node_modules\\jest-runner\\build\\testWorker.js:106:12)"],"fullName":"Renderer Tests System Integration should load system information","invocations":1,"location":null,"numPassingAsserts":0,"retryReasons":[],"status":"failed","title":"should load system information"},{"ancestorTitles":["Renderer Tests","System Integration"],"duration":5039,"failureDetails":[{"message":"thrown: \"Exceeded timeout of 5000 ms for a test.\nAdd a timeout value to this test to increase the timeout, if this is a long-running test. See https://jestjs.io/docs/api#testname-fn-timeout.\""}],"failureMessages":["Error: thrown: \"Exceeded timeout of 5000 ms for a test.\nAdd a timeout value to this test to increase the timeout, if this is a long-running test. See https://jestjs.io/docs/api#testname-fn-timeout.\"\n    at test (C:\\Users\\Muhib\\Desktop\\SONU\\tests\\unit\\renderer.test.js:379:5)\n    at _dispatchDescribe (C:\\Users\\Muhib\\Desktop\\SONU\\tests\\node_modules\\jest-circus\\build\\index.js:91:26)\n    at describe (C:\\Users\\Muhib\\Desktop\\SONU\\tests\\node_modules\\jest-circus\\build\\index.js:55:5)\n    at describe (C:\\Users\\Muhib\\Desktop\\SONU\\tests\\unit\\renderer.test.js:361:3)\n    at _dispatchDescribe (C:\\Users\\Muhib\\Desktop\\SONU\\tests\\node_modules\\jest-circus\\build\\index.js:91:26)\n    at describe (C:\\Users\\Muhib\\Desktop\\SONU\\tests\\node_modules\\jest-circus\\build\\index.js:55:5)\n    at Object.describe (C:\\Users\\Muhib\\Desktop\\SONU\\tests\\unit\\renderer.test.js:5:1)\n    at Runtime._execModule (C:\\Users\\Muhib\\Desktop\\SONU\\tests\\node_modules\\jest-runtime\\build\\index.js:1439:24)\n    at Runtime._loadModule (C:\\Users\\Muhib\\Desktop\\SONU\\tests\\node_modules\\jest-runtime\\build\\index.js:1022:12)\n    at Runtime.requireModule (C:\\Users\\Muhib\\Desktop\\SONU\\tests\\node_modules\\jest-runtime\\build\\index.js:882:12)\n    at jestAdapter (C:\\Users\\Muhib\\Desktop\\SONU\\tests\\node_modules\\jest-circus\\build\\legacy-code-todo-rewrite\\jestAdapter.js:77:13)\n    at processTicksAndRejections (node:internal/process/task_queues:105:5)\n    at runTestInternal (C:\\Users\\Muhib\\Desktop\\SONU\\tests\\node_modules\\jest-runner\\build\\runTest.js:367:16)\n    at runTest (C:\\Users\\Muhib\\Desktop\\SONU\\tests\\node_modules\\jest-runner\\build\\runTest.js:444:34)\n    at Object.worker (C:\\Users\\Muhib\\Desktop\\SONU\\tests\\node_modules\\jest-runner\\build\\testWorker.js:106:12)"],"fullName":"Renderer Tests System Integration should handle microphone listing","invocations":1,"location":null,"numPassingAsserts":0,"retryReasons":[],"status":"failed","title":"should handle microphone listing"}],"endTime":1762605408031,"message":"  ● Renderer Tests › Recording States › should handle recording stop\n\n    thrown: \"Exceeded timeout of 5000 ms for a test.\n    Add a timeout value to this test to increase the timeout, if this is a long-running test. See https://jestjs.io/docs/api#testname-fn-timeout.\"\n\n      204 |     });\n      205 |\n    > 206 |     test('should handle recording stop', async () => {\n          |     ^\n      207 |       jest.useFakeTimers();\n      208 |       \n      209 |       require('../../renderer.js');\n\n      at test (unit/renderer.test.js:206:5)\n      at describe (unit/renderer.test.js:194:3)\n      at Object.describe (unit/renderer.test.js:5:1)\n\n  ● Renderer Tests › Statistics › should update statistics display\n\n    thrown: \"Exceeded timeout of 5000 ms for a test.\n    Add a timeout value to this test to increase the timeout, if this is a long-running test. See https://jestjs.io/docs/api#testname-fn-timeout.\"\n\n      237 |\n      238 |   describe('Statistics', () => {\n    > 239 |     test('should update statistics display', () => {\n          |     ^\n      240 |       require('../../renderer.js');\n      241 |\n      242 |       return new Promise(resolve => setTimeout(resolve, 100)).then(() => {\n\n      at test (unit/renderer.test.js:239:5)\n      at describe (unit/renderer.test.js:238:3)\n      at Object.describe (unit/renderer.test.js:5:1)\n\n  ● Renderer Tests › Statistics › should calculate WPM correctly\n\n    thrown: \"Exceeded timeout of 5000 ms for a test.\n    Add a timeout value to this test to increase the timeout, if this is a long-running test. See https://jestjs.io/docs/api#testname-fn-timeout.\"\n\n      253 |     });\n      254 |\n    > 255 |     test('should calculate WPM correctly', async () => {\n          |     ^\n      256 |       require('../../renderer.js');\n      257 |\n      258 |       // Wait for renderer to initialize and register handlers\n\n      at test (unit/renderer.test.js:255:5)\n      at describe (unit/renderer.test.js:238:3)\n      at Object.describe (unit/renderer.test.js:5:1)\n\n  ● Renderer Tests › Settings Management › should load app settings\n\n    thrown: \"Exceeded timeout of 5000 ms for a test.\n    Add a timeout value to this test to increase the timeout, if this is a long-running test. See https://jestjs.io/docs/api#testname-fn-timeout.\"\n\n      289 |\n      290 |   describe('Settings Management', () => {\n    > 291 |     test('should load app settings', () => {\n          |     ^\n      292 |       const mockSettings = {\n      293 |         theme: 'dark',\n      294 |         sound_feedback: true,\n\n      at test (unit/renderer.test.js:291:5)\n      at describe (unit/renderer.test.js:290:3)\n      at Object.describe (unit/renderer.test.js:5:1)\n\n  ● Renderer Tests › Settings Management › should save app settings\n\n    thrown: \"Exceeded timeout of 5000 ms for a test.\n    Add a timeout value to this test to increase the timeout, if this is a long-running test. See https://jestjs.io/docs/api#testname-fn-timeout.\"\n\n      305 |     });\n      306 |\n    > 307 |     test('should save app settings', () => {\n          |     ^\n      308 |       require('../../renderer.js');\n      309 |\n      310 |       return new Promise(resolve => setTimeout(resolve, 100)).then(() => {\n\n      at test (unit/renderer.test.js:307:5)\n      at describe (unit/renderer.test.js:290:3)\n      at Object.describe (unit/renderer.test.js:5:1)\n\n  ● Renderer Tests › Hotkey Configuration › should handle hotkey input\n\n    thrown: \"Exceeded timeout of 5000 ms for a test.\n    Add a timeout value to this test to increase the timeout, if this is a long-running test. See https://jestjs.io/docs/api#testname-fn-timeout.\"\n\n      319 |\n      320 |   describe('Hotkey Configuration', () => {\n    > 321 |     test('should handle hotkey input', () => {\n          |     ^\n      322 |       require('../../renderer.js');\n      323 |\n      324 |       return new Promise(resolve => setTimeout(resolve, 100)).then(() => {\n\n      at test (unit/renderer.test.js:321:5)\n      at describe (unit/renderer.test.js:320:3)\n      at Object.describe (unit/renderer.test.js:5:1)\n\n  ● Renderer Tests › Hotkey Configuration › should save hotkey settings\n\n    thrown: \"Exceeded timeout of 5000 ms for a test.\n    Add a timeout value to this test to increase the timeout, if this is a long-running test. See https://jestjs.io/docs/api#testname-fn-timeout.\"\n\n      338 |     });\n      339 |\n    > 340 |     test('should save hotkey settings', () => {\n          |     ^\n      341 |       require('../../renderer.js');\n      342 |\n      343 |       return new Promise(resolve => setTimeout(resolve, 100)).then(() => {\n\n      at test (unit/renderer.test.js:340:5)\n      at describe (unit/renderer.test.js:320:3)\n      at Object.describe (unit/renderer.test.js:5:1)\n\n  ● Renderer Tests › System Integration › should load system information\n\n    thrown: \"Exceeded timeout of 5000 ms for a test.\n    Add a timeout value to this test to increase the timeout, if this is a long-running test. See https://jestjs.io/docs/api#testname-fn-timeout.\"\n\n      360 |\n      361 |   describe('System Integration', () => {\n    > 362 |     test('should load system information', () => {\n          |     ^\n      363 |       const mockSystemInfo = {\n      364 |         Device: 'Test Device',\n      365 |         OS: 'Windows 11',\n\n      at test (unit/renderer.test.js:362:5)\n      at describe (unit/renderer.test.js:361:3)\n      at Object.describe (unit/renderer.test.js:5:1)\n\n  ● Renderer Tests › System Integration › should handle microphone listing\n\n    thrown: \"Exceeded timeout of 5000 ms for a test.\n    Add a timeout value to this test to increase the timeout, if this is a long-running test. See https://jestjs.io/docs/api#testname-fn-timeout.\"\n\n      377 |     });\n      378 |\n    > 379 |     test('should handle microphone listing', async () => {\n          |     ^\n      380 |       const mockMicrophones = [\n      381 |         { id: 'default', name: 'Default Microphone', channels: 1 },\n      382 |         { id: 'mic1', name: 'External Mic', channels: 2 }\n\n      at test (unit/renderer.test.js:379:5)\n      at describe (unit/renderer.test.js:361:3)\n      at Object.describe (unit/renderer.test.js:5:1)\n","name":"C:\\Users\\Muhib\\Desktop\\SONU\\tests\\unit\\renderer.test.js","startTime":1762605357652,"status":"failed","summary":""}],"wasInterrupted":false}
