{"numFailedTestSuites":6,"numFailedTests":58,"numPassedTestSuites":5,"numPassedTests":56,"numPendingTestSuites":0,"numPendingTests":0,"numRuntimeErrorTestSuites":1,"numTodoTests":0,"numTotalTestSuites":11,"numTotalTests":114,"openHandles":[],"snapshot":{"added":0,"didUpdate":false,"failure":false,"filesAdded":0,"filesRemoved":0,"filesRemovedList":[],"filesUnmatched":0,"filesUpdated":0,"matched":0,"total":0,"unchecked":0,"uncheckedKeysByFile":[],"unmatched":0,"updated":0},"startTime":1762604454672,"success":false,"testResults":[{"assertionResults":[{"ancestorTitles":["Renderer Tests","Navigation"],"duration":4603,"failureDetails":[],"failureMessages":[],"fullName":"Renderer Tests Navigation should navigate between pages","invocations":1,"location":null,"numPassingAsserts":2,"retryReasons":[],"status":"passed","title":"should navigate between pages"},{"ancestorTitles":["Renderer Tests","Navigation"],"duration":222,"failureDetails":[],"failureMessages":[],"fullName":"Renderer Tests Navigation should handle theme toggle","invocations":1,"location":null,"numPassingAsserts":1,"retryReasons":[],"status":"passed","title":"should handle theme toggle"},{"ancestorTitles":["Renderer Tests","History Management"],"duration":327,"failureDetails":[],"failureMessages":[],"fullName":"Renderer Tests History Management should load and display history","invocations":1,"location":null,"numPassingAsserts":1,"retryReasons":[],"status":"passed","title":"should load and display history"},{"ancestorTitles":["Renderer Tests","History Management"],"duration":251,"failureDetails":[],"failureMessages":[],"fullName":"Renderer Tests History Management should add new history item","invocations":1,"location":null,"numPassingAsserts":1,"retryReasons":[],"status":"passed","title":"should add new history item"},{"ancestorTitles":["Renderer Tests","Recording States"],"duration":239,"failureDetails":[],"failureMessages":[],"fullName":"Renderer Tests Recording States should handle recording start","invocations":1,"location":null,"numPassingAsserts":1,"retryReasons":[],"status":"passed","title":"should handle recording start"},{"ancestorTitles":["Renderer Tests","Recording States"],"duration":231,"failureDetails":[],"failureMessages":[],"fullName":"Renderer Tests Recording States should handle recording stop","invocations":1,"location":null,"numPassingAsserts":0,"retryReasons":[],"status":"passed","title":"should handle recording stop"},{"ancestorTitles":["Renderer Tests","Statistics"],"duration":244,"failureDetails":[],"failureMessages":[],"fullName":"Renderer Tests Statistics should update statistics display","invocations":1,"location":null,"numPassingAsserts":1,"retryReasons":[],"status":"passed","title":"should update statistics display"},{"ancestorTitles":["Renderer Tests","Statistics"],"duration":218,"failureDetails":[],"failureMessages":[],"fullName":"Renderer Tests Statistics should calculate WPM correctly","invocations":1,"location":null,"numPassingAsserts":0,"retryReasons":[],"status":"passed","title":"should calculate WPM correctly"},{"ancestorTitles":["Renderer Tests","Settings Management"],"duration":219,"failureDetails":[],"failureMessages":[],"fullName":"Renderer Tests Settings Management should load app settings","invocations":1,"location":null,"numPassingAsserts":1,"retryReasons":[],"status":"passed","title":"should load app settings"},{"ancestorTitles":["Renderer Tests","Settings Management"],"duration":218,"failureDetails":[],"failureMessages":[],"fullName":"Renderer Tests Settings Management should save app settings","invocations":1,"location":null,"numPassingAsserts":1,"retryReasons":[],"status":"passed","title":"should save app settings"},{"ancestorTitles":["Renderer Tests","Hotkey Configuration"],"duration":248,"failureDetails":[],"failureMessages":[],"fullName":"Renderer Tests Hotkey Configuration should handle hotkey input","invocations":1,"location":null,"numPassingAsserts":1,"retryReasons":[],"status":"passed","title":"should handle hotkey input"},{"ancestorTitles":["Renderer Tests","Hotkey Configuration"],"duration":244,"failureDetails":[],"failureMessages":[],"fullName":"Renderer Tests Hotkey Configuration should save hotkey settings","invocations":1,"location":null,"numPassingAsserts":1,"retryReasons":[],"status":"passed","title":"should save hotkey settings"},{"ancestorTitles":["Renderer Tests","System Integration"],"duration":847,"failureDetails":[],"failureMessages":[],"fullName":"Renderer Tests System Integration should load system information","invocations":1,"location":null,"numPassingAsserts":1,"retryReasons":[],"status":"passed","title":"should load system information"},{"ancestorTitles":["Renderer Tests","System Integration"],"duration":490,"failureDetails":[],"failureMessages":[],"fullName":"Renderer Tests System Integration should handle microphone listing","invocations":1,"location":null,"numPassingAsserts":1,"retryReasons":[],"status":"passed","title":"should handle microphone listing"}],"endTime":1762604492988,"message":"","name":"C:\\Users\\Muhib\\Desktop\\SONU\\tests\\unit\\renderer.test.js","startTime":1762604479465,"status":"passed","summary":""},{"assertionResults":[{"ancestorTitles":["Main Process Tests","Window Management"],"duration":2,"failureDetails":[],"failureMessages":[],"fullName":"Main Process Tests Window Management should create main window with correct options","invocations":1,"location":null,"numPassingAsserts":0,"retryReasons":[],"status":"passed","title":"should create main window with correct options"},{"ancestorTitles":["Main Process Tests","Window Management"],"duration":2,"failureDetails":[],"failureMessages":[],"fullName":"Main Process Tests Window Management should handle window minimize correctly","invocations":1,"location":null,"numPassingAsserts":0,"retryReasons":[],"status":"passed","title":"should handle window minimize correctly"},{"ancestorTitles":["Main Process Tests","Hotkey Management"],"duration":3,"failureDetails":[],"failureMessages":[],"fullName":"Main Process Tests Hotkey Management should register hotkeys on startup","invocations":1,"location":null,"numPassingAsserts":0,"retryReasons":[],"status":"passed","title":"should register hotkeys on startup"},{"ancestorTitles":["Main Process Tests","Hotkey Management"],"duration":1,"failureDetails":[],"failureMessages":[],"fullName":"Main Process Tests Hotkey Management should handle hotkey registration errors","invocations":1,"location":null,"numPassingAsserts":0,"retryReasons":[],"status":"passed","title":"should handle hotkey registration errors"},{"ancestorTitles":["Main Process Tests","Settings Management"],"duration":5,"failureDetails":[],"failureMessages":[],"fullName":"Main Process Tests Settings Management should load settings from config file","invocations":1,"location":null,"numPassingAsserts":0,"retryReasons":[],"status":"passed","title":"should load settings from config file"},{"ancestorTitles":["Main Process Tests","Settings Management"],"duration":1,"failureDetails":[],"failureMessages":[],"fullName":"Main Process Tests Settings Management should save settings to config file","invocations":1,"location":null,"numPassingAsserts":0,"retryReasons":[],"status":"passed","title":"should save settings to config file"},{"ancestorTitles":["Main Process Tests","History Management"],"duration":0,"failureDetails":[],"failureMessages":[],"fullName":"Main Process Tests History Management should append transcription to history","invocations":1,"location":null,"numPassingAsserts":0,"retryReasons":[],"status":"passed","title":"should append transcription to history"},{"ancestorTitles":["Main Process Tests","History Management"],"duration":0,"failureDetails":[],"failureMessages":[],"fullName":"Main Process Tests History Management should limit history to 100 items","invocations":1,"location":null,"numPassingAsserts":0,"retryReasons":[],"status":"passed","title":"should limit history to 100 items"},{"ancestorTitles":["Main Process Tests","System Integration"],"duration":1,"failureDetails":[],"failureMessages":[],"fullName":"Main Process Tests System Integration should handle system-wide typing","invocations":1,"location":null,"numPassingAsserts":0,"retryReasons":[],"status":"passed","title":"should handle system-wide typing"},{"ancestorTitles":["Main Process Tests","System Integration"],"duration":1,"failureDetails":[],"failureMessages":[],"fullName":"Main Process Tests System Integration should fallback to clipboard when robotjs unavailable","invocations":1,"location":null,"numPassingAsserts":0,"retryReasons":[],"status":"passed","title":"should fallback to clipboard when robotjs unavailable"},{"ancestorTitles":["Main Process Tests","IPC Handlers"],"duration":207,"failureDetails":[],"failureMessages":[],"fullName":"Main Process Tests IPC Handlers should handle settings IPC calls","invocations":1,"location":null,"numPassingAsserts":2,"retryReasons":[],"status":"passed","title":"should handle settings IPC calls"},{"ancestorTitles":["Main Process Tests","IPC Handlers"],"duration":214,"failureDetails":[],"failureMessages":[],"fullName":"Main Process Tests IPC Handlers should handle history IPC calls","invocations":1,"location":null,"numPassingAsserts":2,"retryReasons":[],"status":"passed","title":"should handle history IPC calls"},{"ancestorTitles":["Main Process Tests","IPC Handlers"],"duration":215,"failureDetails":[],"failureMessages":[],"fullName":"Main Process Tests IPC Handlers should handle system info IPC calls","invocations":1,"location":null,"numPassingAsserts":2,"retryReasons":[],"status":"passed","title":"should handle system info IPC calls"}],"endTime":1762604496516,"message":"","name":"C:\\Users\\Muhib\\Desktop\\SONU\\tests\\unit\\main.test.js","startTime":1762604494670,"status":"passed","summary":""},{"assertionResults":[{"ancestorTitles":["Model Download Unit Tests","Model Definitions"],"duration":3,"failureDetails":[],"failureMessages":[],"fullName":"Model Download Unit Tests Model Definitions should have valid model definitions","invocations":1,"location":null,"numPassingAsserts":3,"retryReasons":[],"status":"passed","title":"should have valid model definitions"},{"ancestorTitles":["Model Download Unit Tests","URL Generation"],"duration":1,"failureDetails":[],"failureMessages":[],"fullName":"Model Download Unit Tests URL Generation should generate correct Hugging Face URLs","invocations":1,"location":null,"numPassingAsserts":1,"retryReasons":[],"status":"passed","title":"should generate correct Hugging Face URLs"},{"ancestorTitles":["Model Download Unit Tests","File Verification"],"duration":373,"failureDetails":[],"failureMessages":[],"fullName":"Model Download Unit Tests File Verification should verify file size correctly","invocations":1,"location":null,"numPassingAsserts":2,"retryReasons":[],"status":"passed","title":"should verify file size correctly"}],"coverage":{},"endTime":1762604591827,"message":"\n\n  ● Test suite failed to run\n\n    EBUSY: resource busy or locked, unlink 'C:\\Users\\Muhib\\Desktop\\SONU\\test-models\\ggml-tiny.bin.part'\n\n      23 |   afterAll(() => {\n      24 |     if (fs.existsSync(testModelsDir)) {\n    > 25 |       fs.rmSync(testModelsDir, { recursive: true, force: true });\n         |          ^\n      26 |     }\n      27 |   });\n      28 |\n\n          at Array.forEach (<anonymous>)\n      at Object.rmSync (unit/model_download.test.js:25:10)\n","name":"C:\\Users\\Muhib\\Desktop\\SONU\\tests\\unit\\model_download.test.js","startTime":1762604591827,"status":"failed","summary":""},{"assertionResults":[{"ancestorTitles":["System-wide Typing Integration Tests","Typing Function"],"duration":12,"failureDetails":[],"failureMessages":[],"fullName":"System-wide Typing Integration Tests Typing Function should type text using robotjs","invocations":1,"location":null,"numPassingAsserts":2,"retryReasons":[],"status":"passed","title":"should type text using robotjs"},{"ancestorTitles":["System-wide Typing Integration Tests","Typing Function"],"duration":2,"failureDetails":[],"failureMessages":[],"fullName":"System-wide Typing Integration Tests Typing Function should handle empty text gracefully","invocations":1,"location":null,"numPassingAsserts":1,"retryReasons":[],"status":"passed","title":"should handle empty text gracefully"},{"ancestorTitles":["System-wide Typing Integration Tests","Typing Function"],"duration":2,"failureDetails":[],"failureMessages":[],"fullName":"System-wide Typing Integration Tests Typing Function should handle special characters","invocations":1,"location":null,"numPassingAsserts":1,"retryReasons":[],"status":"passed","title":"should handle special characters"},{"ancestorTitles":["System-wide Typing Integration Tests","Typing Function"],"duration":3,"failureDetails":[],"failureMessages":[],"fullName":"System-wide Typing Integration Tests Typing Function should handle long text","invocations":1,"location":null,"numPassingAsserts":1,"retryReasons":[],"status":"passed","title":"should handle long text"},{"ancestorTitles":["System-wide Typing Integration Tests","Typing Function"],"duration":4,"failureDetails":[],"failureMessages":[],"fullName":"System-wide Typing Integration Tests Typing Function should fallback to clipboard + paste on typing failure","invocations":1,"location":null,"numPassingAsserts":2,"retryReasons":[],"status":"passed","title":"should fallback to clipboard + paste on typing failure"},{"ancestorTitles":["System-wide Typing Integration Tests","Focus Handling"],"duration":3,"failureDetails":[],"failureMessages":[],"fullName":"System-wide Typing Integration Tests Focus Handling should hide window before typing","invocations":1,"location":null,"numPassingAsserts":3,"retryReasons":[],"status":"passed","title":"should hide window before typing"},{"ancestorTitles":["System-wide Typing Integration Tests","Focus Handling"],"duration":2,"failureDetails":[],"failureMessages":[],"fullName":"System-wide Typing Integration Tests Focus Handling should handle window not available","invocations":1,"location":null,"numPassingAsserts":1,"retryReasons":[],"status":"passed","title":"should handle window not available"},{"ancestorTitles":["System-wide Typing Integration Tests","Error Handling"],"duration":3,"failureDetails":[],"failureMessages":[],"fullName":"System-wide Typing Integration Tests Error Handling should handle robotjs not available","invocations":1,"location":null,"numPassingAsserts":2,"retryReasons":[],"status":"passed","title":"should handle robotjs not available"},{"ancestorTitles":["System-wide Typing Integration Tests","Error Handling"],"duration":5,"failureDetails":[],"failureMessages":[],"fullName":"System-wide Typing Integration Tests Error Handling should handle typing errors gracefully","invocations":1,"location":null,"numPassingAsserts":1,"retryReasons":[],"status":"passed","title":"should handle typing errors gracefully"},{"ancestorTitles":["System-wide Typing Integration Tests","Error Handling"],"duration":4,"failureDetails":[],"failureMessages":[],"fullName":"System-wide Typing Integration Tests Error Handling should handle clipboard errors gracefully","invocations":1,"location":null,"numPassingAsserts":1,"retryReasons":[],"status":"passed","title":"should handle clipboard errors gracefully"},{"ancestorTitles":["System-wide Typing Integration Tests","Timing and Delays"],"duration":115,"failureDetails":[],"failureMessages":[],"fullName":"System-wide Typing Integration Tests Timing and Delays should wait for focus switch before typing","invocations":1,"location":null,"numPassingAsserts":1,"retryReasons":[],"status":"passed","title":"should wait for focus switch before typing"},{"ancestorTitles":["System-wide Typing Integration Tests","Timing and Delays"],"duration":4,"failureDetails":[],"failureMessages":[],"fullName":"System-wide Typing Integration Tests Timing and Delays should handle multiple rapid typing calls","invocations":1,"location":null,"numPassingAsserts":4,"retryReasons":[],"status":"passed","title":"should handle multiple rapid typing calls"},{"ancestorTitles":["System-wide Typing Integration Tests","Integration with Transcription"],"duration":2,"failureDetails":[],"failureMessages":[],"fullName":"System-wide Typing Integration Tests Integration with Transcription should type transcription text immediately","invocations":1,"location":null,"numPassingAsserts":2,"retryReasons":[],"status":"passed","title":"should type transcription text immediately"},{"ancestorTitles":["System-wide Typing Integration Tests","Integration with Transcription"],"duration":2,"failureDetails":[],"failureMessages":[],"fullName":"System-wide Typing Integration Tests Integration with Transcription should handle transcription with special characters","invocations":1,"location":null,"numPassingAsserts":1,"retryReasons":[],"status":"passed","title":"should handle transcription with special characters"}],"endTime":1762604497748,"message":"","name":"C:\\Users\\Muhib\\Desktop\\SONU\\tests\\integration\\typing.test.js","startTime":1762604497321,"status":"passed","summary":""},{"assertionResults":[{"ancestorTitles":["Typing Unit Tests","Typing Function"],"duration":2,"failureDetails":[],"failureMessages":[],"fullName":"Typing Unit Tests Typing Function should type text using robotjs.typeString","invocations":1,"location":null,"numPassingAsserts":2,"retryReasons":[],"status":"passed","title":"should type text using robotjs.typeString"},{"ancestorTitles":["Typing Unit Tests","Typing Function"],"duration":2,"failureDetails":[],"failureMessages":[],"fullName":"Typing Unit Tests Typing Function should prefer typeStringDelayed when available","invocations":1,"location":null,"numPassingAsserts":2,"retryReasons":[],"status":"passed","title":"should prefer typeStringDelayed when available"},{"ancestorTitles":["Typing Unit Tests","Typing Function"],"duration":1,"failureDetails":[],"failureMessages":[],"fullName":"Typing Unit Tests Typing Function should handle empty text","invocations":1,"location":null,"numPassingAsserts":1,"retryReasons":[],"status":"passed","title":"should handle empty text"},{"ancestorTitles":["Typing Unit Tests","Typing Function"],"duration":5,"failureDetails":[],"failureMessages":[],"fullName":"Typing Unit Tests Typing Function should handle special characters","invocations":1,"location":null,"numPassingAsserts":1,"retryReasons":[],"status":"passed","title":"should handle special characters"},{"ancestorTitles":["Typing Unit Tests","Typing Function"],"duration":2,"failureDetails":[],"failureMessages":[],"fullName":"Typing Unit Tests Typing Function should fallback to clipboard on typing failure","invocations":1,"location":null,"numPassingAsserts":2,"retryReasons":[],"status":"passed","title":"should fallback to clipboard on typing failure"},{"ancestorTitles":["Typing Unit Tests","Focus Handling"],"duration":1,"failureDetails":[],"failureMessages":[],"fullName":"Typing Unit Tests Focus Handling should hide window before typing","invocations":1,"location":null,"numPassingAsserts":3,"retryReasons":[],"status":"passed","title":"should hide window before typing"},{"ancestorTitles":["Typing Unit Tests","Error Handling"],"duration":1,"failureDetails":[],"failureMessages":[],"fullName":"Typing Unit Tests Error Handling should handle robotjs not available","invocations":1,"location":null,"numPassingAsserts":1,"retryReasons":[],"status":"passed","title":"should handle robotjs not available"}],"endTime":1762604498071,"message":"","name":"C:\\Users\\Muhib\\Desktop\\SONU\\tests\\unit\\typing.test.js","startTime":1762604497811,"status":"passed","summary":""},{"assertionResults":[{"ancestorTitles":["Model Download Integration Tests","Python Downloader"],"duration":15526,"failureDetails":[],"failureMessages":[],"fullName":"Model Download Integration Tests Python Downloader should download model successfully","invocations":1,"location":null,"numPassingAsserts":36,"retryReasons":[],"status":"passed","title":"should download model successfully"},{"ancestorTitles":["Model Download Integration Tests","Python Downloader"],"duration":2262,"failureDetails":[],"failureMessages":[],"fullName":"Model Download Integration Tests Python Downloader should handle download errors gracefully","invocations":1,"location":null,"numPassingAsserts":3,"retryReasons":[],"status":"passed","title":"should handle download errors gracefully"},{"ancestorTitles":["Model Download Integration Tests","Python Downloader"],"duration":2791,"failureDetails":[],"failureMessages":[],"fullName":"Model Download Integration Tests Python Downloader should provide manual download URLs","invocations":1,"location":null,"numPassingAsserts":5,"retryReasons":[],"status":"passed","title":"should provide manual download URLs"},{"ancestorTitles":["Model Download Integration Tests","URL Validation (Offline)"],"duration":3214,"failureDetails":[],"failureMessages":[],"fullName":"Model Download Integration Tests URL Validation (Offline) should provide well-formed manual URLs without network calls","invocations":1,"location":null,"numPassingAsserts":5,"retryReasons":[],"status":"passed","title":"should provide well-formed manual URLs without network calls"},{"ancestorTitles":["Model Download Integration Tests","Download Resumption"],"duration":3144,"failureDetails":[],"failureMessages":[],"fullName":"Model Download Integration Tests Download Resumption should resume partial downloads","invocations":1,"location":null,"numPassingAsserts":0,"retryReasons":[],"status":"passed","title":"should resume partial downloads"}],"endTime":1762604511284,"message":"","name":"C:\\Users\\Muhib\\Desktop\\SONU\\tests\\integration\\model_download.test.js","startTime":1762604479468,"status":"passed","summary":""},{"assertionResults":[{"ancestorTitles":["SONU E2E Tests","Application Launch"],"duration":19,"failureDetails":[{"name":"TimeoutError"}],"failureMessages":["page.waitForSelector: Timeout 30000ms exceeded.\nCall log:\n  - waiting for locator('#sidebar') to be visible\n\n    at Object.waitForSelector (C:\\Users\\Muhib\\Desktop\\SONU\\tests\\e2e\\app.test.js:42:22)"],"fullName":"SONU E2E Tests Application Launch should launch application successfully","invocations":1,"location":null,"numPassingAsserts":0,"retryReasons":[],"status":"failed","title":"should launch application successfully"},{"ancestorTitles":["SONU E2E Tests","Application Launch"],"duration":2,"failureDetails":[{"name":"TimeoutError"}],"failureMessages":["page.waitForSelector: Timeout 30000ms exceeded.\nCall log:\n  - waiting for locator('#sidebar') to be visible\n\n    at Object.waitForSelector (C:\\Users\\Muhib\\Desktop\\SONU\\tests\\e2e\\app.test.js:42:22)"],"fullName":"SONU E2E Tests Application Launch should display main interface","invocations":1,"location":null,"numPassingAsserts":0,"retryReasons":[],"status":"failed","title":"should display main interface"},{"ancestorTitles":["SONU E2E Tests","Navigation"],"duration":0,"failureDetails":[{"name":"TimeoutError"}],"failureMessages":["page.waitForSelector: Timeout 30000ms exceeded.\nCall log:\n  - waiting for locator('#sidebar') to be visible\n\n    at Object.waitForSelector (C:\\Users\\Muhib\\Desktop\\SONU\\tests\\e2e\\app.test.js:42:22)"],"fullName":"SONU E2E Tests Navigation should navigate between pages","invocations":1,"location":null,"numPassingAsserts":0,"retryReasons":[],"status":"failed","title":"should navigate between pages"},{"ancestorTitles":["SONU E2E Tests","Navigation"],"duration":0,"failureDetails":[{"name":"TimeoutError"}],"failureMessages":["page.waitForSelector: Timeout 30000ms exceeded.\nCall log:\n  - waiting for locator('#sidebar') to be visible\n\n    at Object.waitForSelector (C:\\Users\\Muhib\\Desktop\\SONU\\tests\\e2e\\app.test.js:42:22)"],"fullName":"SONU E2E Tests Navigation should navigate settings tabs","invocations":1,"location":null,"numPassingAsserts":0,"retryReasons":[],"status":"failed","title":"should navigate settings tabs"},{"ancestorTitles":["SONU E2E Tests","Navigation"],"duration":3,"failureDetails":[{"name":"TimeoutError"}],"failureMessages":["page.waitForSelector: Timeout 30000ms exceeded.\nCall log:\n  - waiting for locator('#sidebar') to be visible\n\n    at Object.waitForSelector (C:\\Users\\Muhib\\Desktop\\SONU\\tests\\e2e\\app.test.js:42:22)"],"fullName":"SONU E2E Tests Navigation should navigate all main tabs","invocations":1,"location":null,"numPassingAsserts":0,"retryReasons":[],"status":"failed","title":"should navigate all main tabs"},{"ancestorTitles":["SONU E2E Tests","Theme System"],"duration":1,"failureDetails":[{"name":"TimeoutError"}],"failureMessages":["page.waitForSelector: Timeout 30000ms exceeded.\nCall log:\n  - waiting for locator('#sidebar') to be visible\n\n    at Object.waitForSelector (C:\\Users\\Muhib\\Desktop\\SONU\\tests\\e2e\\app.test.js:42:22)"],"fullName":"SONU E2E Tests Theme System should toggle theme","invocations":1,"location":null,"numPassingAsserts":0,"retryReasons":[],"status":"failed","title":"should toggle theme"},{"ancestorTitles":["SONU E2E Tests","Theme System"],"duration":0,"failureDetails":[{"name":"TimeoutError"}],"failureMessages":["page.waitForSelector: Timeout 30000ms exceeded.\nCall log:\n  - waiting for locator('#sidebar') to be visible\n\n    at Object.waitForSelector (C:\\Users\\Muhib\\Desktop\\SONU\\tests\\e2e\\app.test.js:42:22)"],"fullName":"SONU E2E Tests Theme System should persist theme selection","invocations":1,"location":null,"numPassingAsserts":0,"retryReasons":[],"status":"failed","title":"should persist theme selection"},{"ancestorTitles":["SONU E2E Tests","Settings Management"],"duration":3,"failureDetails":[{"name":"TimeoutError"}],"failureMessages":["page.waitForSelector: Timeout 30000ms exceeded.\nCall log:\n  - waiting for locator('#sidebar') to be visible\n\n    at Object.waitForSelector (C:\\Users\\Muhib\\Desktop\\SONU\\tests\\e2e\\app.test.js:42:22)"],"fullName":"SONU E2E Tests Settings Management should open settings modal","invocations":1,"location":null,"numPassingAsserts":0,"retryReasons":[],"status":"failed","title":"should open settings modal"},{"ancestorTitles":["SONU E2E Tests","Settings Management"],"duration":3,"failureDetails":[{"name":"TimeoutError"}],"failureMessages":["page.waitForSelector: Timeout 30000ms exceeded.\nCall log:\n  - waiting for locator('#sidebar') to be visible\n\n    at Object.waitForSelector (C:\\Users\\Muhib\\Desktop\\SONU\\tests\\e2e\\app.test.js:42:22)"],"fullName":"SONU E2E Tests Settings Management should save settings","invocations":1,"location":null,"numPassingAsserts":0,"retryReasons":[],"status":"failed","title":"should save settings"},{"ancestorTitles":["SONU E2E Tests","System Information"],"duration":1,"failureDetails":[{"name":"TimeoutError"}],"failureMessages":["page.waitForSelector: Timeout 30000ms exceeded.\nCall log:\n  - waiting for locator('#sidebar') to be visible\n\n    at Object.waitForSelector (C:\\Users\\Muhib\\Desktop\\SONU\\tests\\e2e\\app.test.js:42:22)"],"fullName":"SONU E2E Tests System Information should load system information","invocations":1,"location":null,"numPassingAsserts":0,"retryReasons":[],"status":"failed","title":"should load system information"},{"ancestorTitles":["SONU E2E Tests","System Information"],"duration":0,"failureDetails":[{"name":"TimeoutError"}],"failureMessages":["page.waitForSelector: Timeout 30000ms exceeded.\nCall log:\n  - waiting for locator('#sidebar') to be visible\n\n    at Object.waitForSelector (C:\\Users\\Muhib\\Desktop\\SONU\\tests\\e2e\\app.test.js:42:22)"],"fullName":"SONU E2E Tests System Information should refresh system information","invocations":1,"location":null,"numPassingAsserts":0,"retryReasons":[],"status":"failed","title":"should refresh system information"},{"ancestorTitles":["SONU E2E Tests","Model Management"],"duration":1,"failureDetails":[{"name":"TimeoutError"}],"failureMessages":["page.waitForSelector: Timeout 30000ms exceeded.\nCall log:\n  - waiting for locator('#sidebar') to be visible\n\n    at Object.waitForSelector (C:\\Users\\Muhib\\Desktop\\SONU\\tests\\e2e\\app.test.js:42:22)"],"fullName":"SONU E2E Tests Model Management should display model selector","invocations":1,"location":null,"numPassingAsserts":0,"retryReasons":[],"status":"failed","title":"should display model selector"},{"ancestorTitles":["SONU E2E Tests","Model Management"],"duration":0,"failureDetails":[{"name":"TimeoutError"}],"failureMessages":["page.waitForSelector: Timeout 30000ms exceeded.\nCall log:\n  - waiting for locator('#sidebar') to be visible\n\n    at Object.waitForSelector (C:\\Users\\Muhib\\Desktop\\SONU\\tests\\e2e\\app.test.js:42:22)"],"fullName":"SONU E2E Tests Model Management should show disk space information","invocations":1,"location":null,"numPassingAsserts":0,"retryReasons":[],"status":"failed","title":"should show disk space information"},{"ancestorTitles":["SONU E2E Tests","History Management"],"duration":0,"failureDetails":[{"name":"TimeoutError"}],"failureMessages":["page.waitForSelector: Timeout 30000ms exceeded.\nCall log:\n  - waiting for locator('#sidebar') to be visible\n\n    at Object.waitForSelector (C:\\Users\\Muhib\\Desktop\\SONU\\tests\\e2e\\app.test.js:42:22)"],"fullName":"SONU E2E Tests History Management should display history section","invocations":1,"location":null,"numPassingAsserts":0,"retryReasons":[],"status":"failed","title":"should display history section"},{"ancestorTitles":["SONU E2E Tests","History Management"],"duration":1,"failureDetails":[{"name":"TimeoutError"}],"failureMessages":["page.waitForSelector: Timeout 30000ms exceeded.\nCall log:\n  - waiting for locator('#sidebar') to be visible\n\n    at Object.waitForSelector (C:\\Users\\Muhib\\Desktop\\SONU\\tests\\e2e\\app.test.js:42:22)"],"fullName":"SONU E2E Tests History Management should show statistics","invocations":1,"location":null,"numPassingAsserts":0,"retryReasons":[],"status":"failed","title":"should show statistics"},{"ancestorTitles":["SONU E2E Tests","Window Controls"],"duration":0,"failureDetails":[{"name":"TimeoutError"}],"failureMessages":["page.waitForSelector: Timeout 30000ms exceeded.\nCall log:\n  - waiting for locator('#sidebar') to be visible\n\n    at Object.waitForSelector (C:\\Users\\Muhib\\Desktop\\SONU\\tests\\e2e\\app.test.js:42:22)"],"fullName":"SONU E2E Tests Window Controls should handle window controls","invocations":1,"location":null,"numPassingAsserts":0,"retryReasons":[],"status":"failed","title":"should handle window controls"},{"ancestorTitles":["SONU E2E Tests","Error Handling"],"duration":0,"failureDetails":[{"name":"TimeoutError"}],"failureMessages":["page.waitForSelector: Timeout 30000ms exceeded.\nCall log:\n  - waiting for locator('#sidebar') to be visible\n\n    at Object.waitForSelector (C:\\Users\\Muhib\\Desktop\\SONU\\tests\\e2e\\app.test.js:42:22)"],"fullName":"SONU E2E Tests Error Handling should handle invalid navigation gracefully","invocations":1,"location":null,"numPassingAsserts":0,"retryReasons":[],"status":"failed","title":"should handle invalid navigation gracefully"},{"ancestorTitles":["SONU E2E Tests","Error Handling"],"duration":0,"failureDetails":[{"name":"TimeoutError"}],"failureMessages":["page.waitForSelector: Timeout 30000ms exceeded.\nCall log:\n  - waiting for locator('#sidebar') to be visible\n\n    at Object.waitForSelector (C:\\Users\\Muhib\\Desktop\\SONU\\tests\\e2e\\app.test.js:42:22)"],"fullName":"SONU E2E Tests Error Handling should handle settings errors gracefully","invocations":1,"location":null,"numPassingAsserts":0,"retryReasons":[],"status":"failed","title":"should handle settings errors gracefully"}],"endTime":1762604516698,"message":"  ● SONU E2E Tests › Application Launch › should launch application successfully\n\n    page.waitForSelector: Timeout 30000ms exceeded.\n    Call log:\n      - waiting for locator('#sidebar') to be visible\n\n      40 |     \n      41 |     // Wait for sidebar to appear\n    > 42 |     await mainWindow.waitForSelector('#sidebar', { timeout: 30000 });\n         |                      ^\n      43 |     \n      44 |     // Wait until app initialization marks readiness\n      45 |     // Try multiple ways to detect readiness\n\n      at Object.waitForSelector (e2e/app.test.js:42:22)\n\n  ● SONU E2E Tests › Application Launch › should display main interface\n\n    page.waitForSelector: Timeout 30000ms exceeded.\n    Call log:\n      - waiting for locator('#sidebar') to be visible\n\n      40 |     \n      41 |     // Wait for sidebar to appear\n    > 42 |     await mainWindow.waitForSelector('#sidebar', { timeout: 30000 });\n         |                      ^\n      43 |     \n      44 |     // Wait until app initialization marks readiness\n      45 |     // Try multiple ways to detect readiness\n\n      at Object.waitForSelector (e2e/app.test.js:42:22)\n\n  ● SONU E2E Tests › Navigation › should navigate between pages\n\n    page.waitForSelector: Timeout 30000ms exceeded.\n    Call log:\n      - waiting for locator('#sidebar') to be visible\n\n      40 |     \n      41 |     // Wait for sidebar to appear\n    > 42 |     await mainWindow.waitForSelector('#sidebar', { timeout: 30000 });\n         |                      ^\n      43 |     \n      44 |     // Wait until app initialization marks readiness\n      45 |     // Try multiple ways to detect readiness\n\n      at Object.waitForSelector (e2e/app.test.js:42:22)\n\n  ● SONU E2E Tests › Navigation › should navigate settings tabs\n\n    page.waitForSelector: Timeout 30000ms exceeded.\n    Call log:\n      - waiting for locator('#sidebar') to be visible\n\n      40 |     \n      41 |     // Wait for sidebar to appear\n    > 42 |     await mainWindow.waitForSelector('#sidebar', { timeout: 30000 });\n         |                      ^\n      43 |     \n      44 |     // Wait until app initialization marks readiness\n      45 |     // Try multiple ways to detect readiness\n\n      at Object.waitForSelector (e2e/app.test.js:42:22)\n\n  ● SONU E2E Tests › Navigation › should navigate all main tabs\n\n    page.waitForSelector: Timeout 30000ms exceeded.\n    Call log:\n      - waiting for locator('#sidebar') to be visible\n\n      40 |     \n      41 |     // Wait for sidebar to appear\n    > 42 |     await mainWindow.waitForSelector('#sidebar', { timeout: 30000 });\n         |                      ^\n      43 |     \n      44 |     // Wait until app initialization marks readiness\n      45 |     // Try multiple ways to detect readiness\n\n      at Object.waitForSelector (e2e/app.test.js:42:22)\n\n  ● SONU E2E Tests › Theme System › should toggle theme\n\n    page.waitForSelector: Timeout 30000ms exceeded.\n    Call log:\n      - waiting for locator('#sidebar') to be visible\n\n      40 |     \n      41 |     // Wait for sidebar to appear\n    > 42 |     await mainWindow.waitForSelector('#sidebar', { timeout: 30000 });\n         |                      ^\n      43 |     \n      44 |     // Wait until app initialization marks readiness\n      45 |     // Try multiple ways to detect readiness\n\n      at Object.waitForSelector (e2e/app.test.js:42:22)\n\n  ● SONU E2E Tests › Theme System › should persist theme selection\n\n    page.waitForSelector: Timeout 30000ms exceeded.\n    Call log:\n      - waiting for locator('#sidebar') to be visible\n\n      40 |     \n      41 |     // Wait for sidebar to appear\n    > 42 |     await mainWindow.waitForSelector('#sidebar', { timeout: 30000 });\n         |                      ^\n      43 |     \n      44 |     // Wait until app initialization marks readiness\n      45 |     // Try multiple ways to detect readiness\n\n      at Object.waitForSelector (e2e/app.test.js:42:22)\n\n  ● SONU E2E Tests › Settings Management › should open settings modal\n\n    page.waitForSelector: Timeout 30000ms exceeded.\n    Call log:\n      - waiting for locator('#sidebar') to be visible\n\n      40 |     \n      41 |     // Wait for sidebar to appear\n    > 42 |     await mainWindow.waitForSelector('#sidebar', { timeout: 30000 });\n         |                      ^\n      43 |     \n      44 |     // Wait until app initialization marks readiness\n      45 |     // Try multiple ways to detect readiness\n\n      at Object.waitForSelector (e2e/app.test.js:42:22)\n\n  ● SONU E2E Tests › Settings Management › should save settings\n\n    page.waitForSelector: Timeout 30000ms exceeded.\n    Call log:\n      - waiting for locator('#sidebar') to be visible\n\n      40 |     \n      41 |     // Wait for sidebar to appear\n    > 42 |     await mainWindow.waitForSelector('#sidebar', { timeout: 30000 });\n         |                      ^\n      43 |     \n      44 |     // Wait until app initialization marks readiness\n      45 |     // Try multiple ways to detect readiness\n\n      at Object.waitForSelector (e2e/app.test.js:42:22)\n\n  ● SONU E2E Tests › System Information › should load system information\n\n    page.waitForSelector: Timeout 30000ms exceeded.\n    Call log:\n      - waiting for locator('#sidebar') to be visible\n\n      40 |     \n      41 |     // Wait for sidebar to appear\n    > 42 |     await mainWindow.waitForSelector('#sidebar', { timeout: 30000 });\n         |                      ^\n      43 |     \n      44 |     // Wait until app initialization marks readiness\n      45 |     // Try multiple ways to detect readiness\n\n      at Object.waitForSelector (e2e/app.test.js:42:22)\n\n  ● SONU E2E Tests › System Information › should refresh system information\n\n    page.waitForSelector: Timeout 30000ms exceeded.\n    Call log:\n      - waiting for locator('#sidebar') to be visible\n\n      40 |     \n      41 |     // Wait for sidebar to appear\n    > 42 |     await mainWindow.waitForSelector('#sidebar', { timeout: 30000 });\n         |                      ^\n      43 |     \n      44 |     // Wait until app initialization marks readiness\n      45 |     // Try multiple ways to detect readiness\n\n      at Object.waitForSelector (e2e/app.test.js:42:22)\n\n  ● SONU E2E Tests › Model Management › should display model selector\n\n    page.waitForSelector: Timeout 30000ms exceeded.\n    Call log:\n      - waiting for locator('#sidebar') to be visible\n\n      40 |     \n      41 |     // Wait for sidebar to appear\n    > 42 |     await mainWindow.waitForSelector('#sidebar', { timeout: 30000 });\n         |                      ^\n      43 |     \n      44 |     // Wait until app initialization marks readiness\n      45 |     // Try multiple ways to detect readiness\n\n      at Object.waitForSelector (e2e/app.test.js:42:22)\n\n  ● SONU E2E Tests › Model Management › should show disk space information\n\n    page.waitForSelector: Timeout 30000ms exceeded.\n    Call log:\n      - waiting for locator('#sidebar') to be visible\n\n      40 |     \n      41 |     // Wait for sidebar to appear\n    > 42 |     await mainWindow.waitForSelector('#sidebar', { timeout: 30000 });\n         |                      ^\n      43 |     \n      44 |     // Wait until app initialization marks readiness\n      45 |     // Try multiple ways to detect readiness\n\n      at Object.waitForSelector (e2e/app.test.js:42:22)\n\n  ● SONU E2E Tests › History Management › should display history section\n\n    page.waitForSelector: Timeout 30000ms exceeded.\n    Call log:\n      - waiting for locator('#sidebar') to be visible\n\n      40 |     \n      41 |     // Wait for sidebar to appear\n    > 42 |     await mainWindow.waitForSelector('#sidebar', { timeout: 30000 });\n         |                      ^\n      43 |     \n      44 |     // Wait until app initialization marks readiness\n      45 |     // Try multiple ways to detect readiness\n\n      at Object.waitForSelector (e2e/app.test.js:42:22)\n\n  ● SONU E2E Tests › History Management › should show statistics\n\n    page.waitForSelector: Timeout 30000ms exceeded.\n    Call log:\n      - waiting for locator('#sidebar') to be visible\n\n      40 |     \n      41 |     // Wait for sidebar to appear\n    > 42 |     await mainWindow.waitForSelector('#sidebar', { timeout: 30000 });\n         |                      ^\n      43 |     \n      44 |     // Wait until app initialization marks readiness\n      45 |     // Try multiple ways to detect readiness\n\n      at Object.waitForSelector (e2e/app.test.js:42:22)\n\n  ● SONU E2E Tests › Window Controls › should handle window controls\n\n    page.waitForSelector: Timeout 30000ms exceeded.\n    Call log:\n      - waiting for locator('#sidebar') to be visible\n\n      40 |     \n      41 |     // Wait for sidebar to appear\n    > 42 |     await mainWindow.waitForSelector('#sidebar', { timeout: 30000 });\n         |                      ^\n      43 |     \n      44 |     // Wait until app initialization marks readiness\n      45 |     // Try multiple ways to detect readiness\n\n      at Object.waitForSelector (e2e/app.test.js:42:22)\n\n  ● SONU E2E Tests › Error Handling › should handle invalid navigation gracefully\n\n    page.waitForSelector: Timeout 30000ms exceeded.\n    Call log:\n      - waiting for locator('#sidebar') to be visible\n\n      40 |     \n      41 |     // Wait for sidebar to appear\n    > 42 |     await mainWindow.waitForSelector('#sidebar', { timeout: 30000 });\n         |                      ^\n      43 |     \n      44 |     // Wait until app initialization marks readiness\n      45 |     // Try multiple ways to detect readiness\n\n      at Object.waitForSelector (e2e/app.test.js:42:22)\n\n  ● SONU E2E Tests › Error Handling › should handle settings errors gracefully\n\n    page.waitForSelector: Timeout 30000ms exceeded.\n    Call log:\n      - waiting for locator('#sidebar') to be visible\n\n      40 |     \n      41 |     // Wait for sidebar to appear\n    > 42 |     await mainWindow.waitForSelector('#sidebar', { timeout: 30000 });\n         |                      ^\n      43 |     \n      44 |     // Wait until app initialization marks readiness\n      45 |     // Try multiple ways to detect readiness\n\n      at Object.waitForSelector (e2e/app.test.js:42:22)\n","name":"C:\\Users\\Muhib\\Desktop\\SONU\\tests\\e2e\\app.test.js","startTime":1762604456656,"status":"failed","summary":""},{"assertionResults":[{"ancestorTitles":["Model Download and Typing E2E Tests","Model Download Workflow"],"duration":28,"failureDetails":[{"name":"TimeoutError"}],"failureMessages":["page.waitForSelector: Timeout 30000ms exceeded.\nCall log:\n  - waiting for locator('#sidebar') to be visible\n\n    at Object.waitForSelector (C:\\Users\\Muhib\\Desktop\\SONU\\tests\\e2e\\model_download_typing.test.js:41:22)"],"fullName":"Model Download and Typing E2E Tests Model Download Workflow should navigate to model selector","invocations":1,"location":null,"numPassingAsserts":0,"retryReasons":[],"status":"failed","title":"should navigate to model selector"},{"ancestorTitles":["Model Download and Typing E2E Tests","Model Download Workflow"],"duration":0,"failureDetails":[{"name":"TimeoutError"}],"failureMessages":["page.waitForSelector: Timeout 30000ms exceeded.\nCall log:\n  - waiting for locator('#sidebar') to be visible\n\n    at Object.waitForSelector (C:\\Users\\Muhib\\Desktop\\SONU\\tests\\e2e\\model_download_typing.test.js:41:22)"],"fullName":"Model Download and Typing E2E Tests Model Download Workflow should display model download button","invocations":1,"location":null,"numPassingAsserts":0,"retryReasons":[],"status":"failed","title":"should display model download button"},{"ancestorTitles":["Model Download and Typing E2E Tests","Typing Functionality"],"duration":0,"failureDetails":[{"name":"TimeoutError"}],"failureMessages":["page.waitForSelector: Timeout 30000ms exceeded.\nCall log:\n  - waiting for locator('#sidebar') to be visible\n\n    at Object.waitForSelector (C:\\Users\\Muhib\\Desktop\\SONU\\tests\\e2e\\model_download_typing.test.js:41:22)"],"fullName":"Model Download and Typing E2E Tests Typing Functionality should have robotjs available","invocations":1,"location":null,"numPassingAsserts":0,"retryReasons":[],"status":"failed","title":"should have robotjs available"}],"endTime":1762604517682,"message":"  ● Model Download and Typing E2E Tests › Model Download Workflow › should navigate to model selector\n\n    page.waitForSelector: Timeout 30000ms exceeded.\n    Call log:\n      - waiting for locator('#sidebar') to be visible\n\n      39 |     \n      40 |     // Wait for sidebar and app readiness\n    > 41 |     await mainWindow.waitForSelector('#sidebar', { timeout: 30000 });\n         |                      ^\n      42 |     try {\n      43 |       await mainWindow.waitForSelector('body[data-app-ready=\"1\"]', { timeout: 30000 });\n      44 |     } catch (e) {\n\n      at Object.waitForSelector (e2e/model_download_typing.test.js:41:22)\n\n  ● Model Download and Typing E2E Tests › Model Download Workflow › should display model download button\n\n    page.waitForSelector: Timeout 30000ms exceeded.\n    Call log:\n      - waiting for locator('#sidebar') to be visible\n\n      39 |     \n      40 |     // Wait for sidebar and app readiness\n    > 41 |     await mainWindow.waitForSelector('#sidebar', { timeout: 30000 });\n         |                      ^\n      42 |     try {\n      43 |       await mainWindow.waitForSelector('body[data-app-ready=\"1\"]', { timeout: 30000 });\n      44 |     } catch (e) {\n\n      at Object.waitForSelector (e2e/model_download_typing.test.js:41:22)\n\n  ● Model Download and Typing E2E Tests › Typing Functionality › should have robotjs available\n\n    page.waitForSelector: Timeout 30000ms exceeded.\n    Call log:\n      - waiting for locator('#sidebar') to be visible\n\n      39 |     \n      40 |     // Wait for sidebar and app readiness\n    > 41 |     await mainWindow.waitForSelector('#sidebar', { timeout: 30000 });\n         |                      ^\n      42 |     try {\n      43 |       await mainWindow.waitForSelector('body[data-app-ready=\"1\"]', { timeout: 30000 });\n      44 |     } catch (e) {\n\n      at Object.waitForSelector (e2e/model_download_typing.test.js:41:22)\n","name":"C:\\Users\\Muhib\\Desktop\\SONU\\tests\\e2e\\model_download_typing.test.js","startTime":1762604456655,"status":"failed","summary":""},{"assertionResults":[{"ancestorTitles":["Model Download Workflow E2E Tests","Model Download UI"],"duration":18,"failureDetails":[{}],"failureMessages":["Error: Sidebar element not found in DOM\n    at Object.<anonymous> (C:\\Users\\Muhib\\Desktop\\SONU\\tests\\e2e\\model_download_workflow.test.js:65:15)"],"fullName":"Model Download Workflow E2E Tests Model Download UI should display model selector","invocations":1,"location":null,"numPassingAsserts":0,"retryReasons":[],"status":"failed","title":"should display model selector"},{"ancestorTitles":["Model Download Workflow E2E Tests","Model Download UI"],"duration":0,"failureDetails":[{}],"failureMessages":["Error: Sidebar element not found in DOM\n    at Object.<anonymous> (C:\\Users\\Muhib\\Desktop\\SONU\\tests\\e2e\\model_download_workflow.test.js:65:15)"],"fullName":"Model Download Workflow E2E Tests Model Download UI should display download button","invocations":1,"location":null,"numPassingAsserts":0,"retryReasons":[],"status":"failed","title":"should display download button"},{"ancestorTitles":["Model Download Workflow E2E Tests","Model Download UI"],"duration":0,"failureDetails":[{}],"failureMessages":["Error: Sidebar element not found in DOM\n    at Object.<anonymous> (C:\\Users\\Muhib\\Desktop\\SONU\\tests\\e2e\\model_download_workflow.test.js:65:15)"],"fullName":"Model Download Workflow E2E Tests Model Download UI should display model information","invocations":1,"location":null,"numPassingAsserts":0,"retryReasons":[],"status":"failed","title":"should display model information"},{"ancestorTitles":["Model Download Workflow E2E Tests","Model Download Functionality"],"duration":0,"failureDetails":[{}],"failureMessages":["Error: Sidebar element not found in DOM\n    at Object.<anonymous> (C:\\Users\\Muhib\\Desktop\\SONU\\tests\\e2e\\model_download_workflow.test.js:65:15)"],"fullName":"Model Download Workflow E2E Tests Model Download Functionality should prevent duplicate downloads","invocations":1,"location":null,"numPassingAsserts":0,"retryReasons":[],"status":"failed","title":"should prevent duplicate downloads"},{"ancestorTitles":["Model Download Workflow E2E Tests","Model Download Functionality"],"duration":1,"failureDetails":[{}],"failureMessages":["Error: Sidebar element not found in DOM\n    at Object.<anonymous> (C:\\Users\\Muhib\\Desktop\\SONU\\tests\\e2e\\model_download_workflow.test.js:65:15)"],"fullName":"Model Download Workflow E2E Tests Model Download Functionality should show model status","invocations":1,"location":null,"numPassingAsserts":0,"retryReasons":[],"status":"failed","title":"should show model status"}],"endTime":1762604588661,"message":"  ● Model Download Workflow E2E Tests › Model Download UI › should display model selector\n\n    Sidebar element not found in DOM\n\n      63 |       });\n      64 |       if (!sidebarExists) {\n    > 65 |         throw new Error('Sidebar element not found in DOM');\n         |               ^\n      66 |       }\n      67 |     }\n      68 |     \n\n      at Object.<anonymous> (e2e/model_download_workflow.test.js:65:15)\n\n  ● Model Download Workflow E2E Tests › Model Download UI › should display download button\n\n    Sidebar element not found in DOM\n\n      63 |       });\n      64 |       if (!sidebarExists) {\n    > 65 |         throw new Error('Sidebar element not found in DOM');\n         |               ^\n      66 |       }\n      67 |     }\n      68 |     \n\n      at Object.<anonymous> (e2e/model_download_workflow.test.js:65:15)\n\n  ● Model Download Workflow E2E Tests › Model Download UI › should display model information\n\n    Sidebar element not found in DOM\n\n      63 |       });\n      64 |       if (!sidebarExists) {\n    > 65 |         throw new Error('Sidebar element not found in DOM');\n         |               ^\n      66 |       }\n      67 |     }\n      68 |     \n\n      at Object.<anonymous> (e2e/model_download_workflow.test.js:65:15)\n\n  ● Model Download Workflow E2E Tests › Model Download Functionality › should prevent duplicate downloads\n\n    Sidebar element not found in DOM\n\n      63 |       });\n      64 |       if (!sidebarExists) {\n    > 65 |         throw new Error('Sidebar element not found in DOM');\n         |               ^\n      66 |       }\n      67 |     }\n      68 |     \n\n      at Object.<anonymous> (e2e/model_download_workflow.test.js:65:15)\n\n  ● Model Download Workflow E2E Tests › Model Download Functionality › should show model status\n\n    Sidebar element not found in DOM\n\n      63 |       });\n      64 |       if (!sidebarExists) {\n    > 65 |         throw new Error('Sidebar element not found in DOM');\n         |               ^\n      66 |       }\n      67 |     }\n      68 |     \n\n      at Object.<anonymous> (e2e/model_download_workflow.test.js:65:15)\n","name":"C:\\Users\\Muhib\\Desktop\\SONU\\tests\\e2e\\model_download_workflow.test.js","startTime":1762604456656,"status":"failed","summary":""},{"assertionResults":[{"ancestorTitles":["Dictation Modes E2E Tests","Hotkey Registration"],"duration":29,"failureDetails":[{}],"failureMessages":["page.evaluate: Target page, context or browser has been closed\n    at Object.evaluate (C:\\Users\\Muhib\\Desktop\\SONU\\tests\\e2e\\dictation_modes.test.js:61:46)"],"fullName":"Dictation Modes E2E Tests Hotkey Registration should register hold hotkey","invocations":1,"location":null,"numPassingAsserts":0,"retryReasons":[],"status":"failed","title":"should register hold hotkey"},{"ancestorTitles":["Dictation Modes E2E Tests","Hotkey Registration"],"duration":0,"failureDetails":[{}],"failureMessages":["page.evaluate: Target page, context or browser has been closed\n    at Object.evaluate (C:\\Users\\Muhib\\Desktop\\SONU\\tests\\e2e\\dictation_modes.test.js:61:46)"],"fullName":"Dictation Modes E2E Tests Hotkey Registration should register toggle hotkey","invocations":1,"location":null,"numPassingAsserts":0,"retryReasons":[],"status":"failed","title":"should register toggle hotkey"},{"ancestorTitles":["Dictation Modes E2E Tests","Press-and-Hold Mode"],"duration":0,"failureDetails":[{}],"failureMessages":["page.evaluate: Target page, context or browser has been closed\n    at Object.evaluate (C:\\Users\\Muhib\\Desktop\\SONU\\tests\\e2e\\dictation_modes.test.js:61:46)"],"fullName":"Dictation Modes E2E Tests Press-and-Hold Mode should have hold hotkey configured","invocations":1,"location":null,"numPassingAsserts":0,"retryReasons":[],"status":"failed","title":"should have hold hotkey configured"},{"ancestorTitles":["Dictation Modes E2E Tests","Press-and-Hold Mode"],"duration":0,"failureDetails":[{}],"failureMessages":["page.evaluate: Target page, context or browser has been closed\n    at Object.evaluate (C:\\Users\\Muhib\\Desktop\\SONU\\tests\\e2e\\dictation_modes.test.js:61:46)"],"fullName":"Dictation Modes E2E Tests Press-and-Hold Mode should show hold hotkey in dictation box","invocations":1,"location":null,"numPassingAsserts":0,"retryReasons":[],"status":"failed","title":"should show hold hotkey in dictation box"},{"ancestorTitles":["Dictation Modes E2E Tests","Toggle Mode (Push-to-Talk)"],"duration":0,"failureDetails":[{}],"failureMessages":["page.evaluate: Target page, context or browser has been closed\n    at Object.evaluate (C:\\Users\\Muhib\\Desktop\\SONU\\tests\\e2e\\dictation_modes.test.js:61:46)"],"fullName":"Dictation Modes E2E Tests Toggle Mode (Push-to-Talk) should have toggle hotkey configured","invocations":1,"location":null,"numPassingAsserts":0,"retryReasons":[],"status":"failed","title":"should have toggle hotkey configured"},{"ancestorTitles":["Dictation Modes E2E Tests","Toggle Mode (Push-to-Talk)"],"duration":1,"failureDetails":[{}],"failureMessages":["page.evaluate: Target page, context or browser has been closed\n    at Object.evaluate (C:\\Users\\Muhib\\Desktop\\SONU\\tests\\e2e\\dictation_modes.test.js:61:46)"],"fullName":"Dictation Modes E2E Tests Toggle Mode (Push-to-Talk) should have toggle recording function available","invocations":1,"location":null,"numPassingAsserts":0,"retryReasons":[],"status":"failed","title":"should have toggle recording function available"},{"ancestorTitles":["Dictation Modes E2E Tests","Settings Persistence"],"duration":0,"failureDetails":[{}],"failureMessages":["page.evaluate: Target page, context or browser has been closed\n    at Object.evaluate (C:\\Users\\Muhib\\Desktop\\SONU\\tests\\e2e\\dictation_modes.test.js:61:46)"],"fullName":"Dictation Modes E2E Tests Settings Persistence should save and load hotkey settings","invocations":1,"location":null,"numPassingAsserts":0,"retryReasons":[],"status":"failed","title":"should save and load hotkey settings"}],"endTime":1762604589098,"message":"  ● Dictation Modes E2E Tests › Hotkey Registration › should register hold hotkey\n\n    page.evaluate: Target page, context or browser has been closed\n\n      59 |       }, { timeout: 30000 });\n      60 |     } catch (e) {\n    > 61 |       const sidebarExists = await mainWindow.evaluate(() => {\n         |                                              ^\n      62 |         return document.getElementById('sidebar') !== null;\n      63 |       });\n      64 |       if (!sidebarExists) {\n\n      at Object.evaluate (e2e/dictation_modes.test.js:61:46)\n\n  ● Dictation Modes E2E Tests › Hotkey Registration › should register toggle hotkey\n\n    page.evaluate: Target page, context or browser has been closed\n\n      59 |       }, { timeout: 30000 });\n      60 |     } catch (e) {\n    > 61 |       const sidebarExists = await mainWindow.evaluate(() => {\n         |                                              ^\n      62 |         return document.getElementById('sidebar') !== null;\n      63 |       });\n      64 |       if (!sidebarExists) {\n\n      at Object.evaluate (e2e/dictation_modes.test.js:61:46)\n\n  ● Dictation Modes E2E Tests › Press-and-Hold Mode › should have hold hotkey configured\n\n    page.evaluate: Target page, context or browser has been closed\n\n      59 |       }, { timeout: 30000 });\n      60 |     } catch (e) {\n    > 61 |       const sidebarExists = await mainWindow.evaluate(() => {\n         |                                              ^\n      62 |         return document.getElementById('sidebar') !== null;\n      63 |       });\n      64 |       if (!sidebarExists) {\n\n      at Object.evaluate (e2e/dictation_modes.test.js:61:46)\n\n  ● Dictation Modes E2E Tests › Press-and-Hold Mode › should show hold hotkey in dictation box\n\n    page.evaluate: Target page, context or browser has been closed\n\n      59 |       }, { timeout: 30000 });\n      60 |     } catch (e) {\n    > 61 |       const sidebarExists = await mainWindow.evaluate(() => {\n         |                                              ^\n      62 |         return document.getElementById('sidebar') !== null;\n      63 |       });\n      64 |       if (!sidebarExists) {\n\n      at Object.evaluate (e2e/dictation_modes.test.js:61:46)\n\n  ● Dictation Modes E2E Tests › Toggle Mode (Push-to-Talk) › should have toggle hotkey configured\n\n    page.evaluate: Target page, context or browser has been closed\n\n      59 |       }, { timeout: 30000 });\n      60 |     } catch (e) {\n    > 61 |       const sidebarExists = await mainWindow.evaluate(() => {\n         |                                              ^\n      62 |         return document.getElementById('sidebar') !== null;\n      63 |       });\n      64 |       if (!sidebarExists) {\n\n      at Object.evaluate (e2e/dictation_modes.test.js:61:46)\n\n  ● Dictation Modes E2E Tests › Toggle Mode (Push-to-Talk) › should have toggle recording function available\n\n    page.evaluate: Target page, context or browser has been closed\n\n      59 |       }, { timeout: 30000 });\n      60 |     } catch (e) {\n    > 61 |       const sidebarExists = await mainWindow.evaluate(() => {\n         |                                              ^\n      62 |         return document.getElementById('sidebar') !== null;\n      63 |       });\n      64 |       if (!sidebarExists) {\n\n      at Object.evaluate (e2e/dictation_modes.test.js:61:46)\n\n  ● Dictation Modes E2E Tests › Settings Persistence › should save and load hotkey settings\n\n    page.evaluate: Target page, context or browser has been closed\n\n      59 |       }, { timeout: 30000 });\n      60 |     } catch (e) {\n    > 61 |       const sidebarExists = await mainWindow.evaluate(() => {\n         |                                              ^\n      62 |         return document.getElementById('sidebar') !== null;\n      63 |       });\n      64 |       if (!sidebarExists) {\n\n      at Object.evaluate (e2e/dictation_modes.test.js:61:46)\n","name":"C:\\Users\\Muhib\\Desktop\\SONU\\tests\\e2e\\dictation_modes.test.js","startTime":1762604456657,"status":"failed","summary":""},{"assertionResults":[{"ancestorTitles":["Comprehensive Model Management E2E Tests","Model Selection"],"duration":19,"failureDetails":[{}],"failureMessages":["page.evaluate: Target page, context or browser has been closed\n    at Object.evaluate (C:\\Users\\Muhib\\Desktop\\SONU\\tests\\e2e\\model_comprehensive.test.js:212:46)"],"fullName":"Comprehensive Model Management E2E Tests Model Selection should display all available models in selector","invocations":1,"location":null,"numPassingAsserts":0,"retryReasons":[],"status":"failed","title":"should display all available models in selector"},{"ancestorTitles":["Comprehensive Model Management E2E Tests","Model Selection"],"duration":0,"failureDetails":[{}],"failureMessages":["page.evaluate: Target page, context or browser has been closed\n    at Object.evaluate (C:\\Users\\Muhib\\Desktop\\SONU\\tests\\e2e\\model_comprehensive.test.js:212:46)"],"fullName":"Comprehensive Model Management E2E Tests Model Selection should select tiny model","invocations":1,"location":null,"numPassingAsserts":0,"retryReasons":[],"status":"failed","title":"should select tiny model"},{"ancestorTitles":["Comprehensive Model Management E2E Tests","Model Selection"],"duration":0,"failureDetails":[{}],"failureMessages":["page.evaluate: Target page, context or browser has been closed\n    at Object.evaluate (C:\\Users\\Muhib\\Desktop\\SONU\\tests\\e2e\\model_comprehensive.test.js:212:46)"],"fullName":"Comprehensive Model Management E2E Tests Model Selection should select base model","invocations":1,"location":null,"numPassingAsserts":0,"retryReasons":[],"status":"failed","title":"should select base model"},{"ancestorTitles":["Comprehensive Model Management E2E Tests","Model Selection"],"duration":0,"failureDetails":[{}],"failureMessages":["page.evaluate: Target page, context or browser has been closed\n    at Object.evaluate (C:\\Users\\Muhib\\Desktop\\SONU\\tests\\e2e\\model_comprehensive.test.js:212:46)"],"fullName":"Comprehensive Model Management E2E Tests Model Selection should select small model","invocations":1,"location":null,"numPassingAsserts":0,"retryReasons":[],"status":"failed","title":"should select small model"},{"ancestorTitles":["Comprehensive Model Management E2E Tests","Model Selection"],"duration":1,"failureDetails":[{}],"failureMessages":["page.evaluate: Target page, context or browser has been closed\n    at Object.evaluate (C:\\Users\\Muhib\\Desktop\\SONU\\tests\\e2e\\model_comprehensive.test.js:212:46)"],"fullName":"Comprehensive Model Management E2E Tests Model Selection should select medium model","invocations":1,"location":null,"numPassingAsserts":0,"retryReasons":[],"status":"failed","title":"should select medium model"},{"ancestorTitles":["Comprehensive Model Management E2E Tests","Model Selection"],"duration":0,"failureDetails":[{}],"failureMessages":["page.evaluate: Target page, context or browser has been closed\n    at Object.evaluate (C:\\Users\\Muhib\\Desktop\\SONU\\tests\\e2e\\model_comprehensive.test.js:212:46)"],"fullName":"Comprehensive Model Management E2E Tests Model Selection should select large model","invocations":1,"location":null,"numPassingAsserts":0,"retryReasons":[],"status":"failed","title":"should select large model"},{"ancestorTitles":["Comprehensive Model Management E2E Tests","Model Selection"],"duration":1,"failureDetails":[{}],"failureMessages":["page.evaluate: Target page, context or browser has been closed\n    at Object.evaluate (C:\\Users\\Muhib\\Desktop\\SONU\\tests\\e2e\\model_comprehensive.test.js:212:46)"],"fullName":"Comprehensive Model Management E2E Tests Model Selection should update active model when selecting","invocations":1,"location":null,"numPassingAsserts":0,"retryReasons":[],"status":"failed","title":"should update active model when selecting"},{"ancestorTitles":["Comprehensive Model Management E2E Tests","Model Download - Different Models"],"duration":0,"failureDetails":[{}],"failureMessages":["page.evaluate: Target page, context or browser has been closed\n    at Object.evaluate (C:\\Users\\Muhib\\Desktop\\SONU\\tests\\e2e\\model_comprehensive.test.js:212:46)"],"fullName":"Comprehensive Model Management E2E Tests Model Download - Different Models should download tiny model","invocations":1,"location":null,"numPassingAsserts":0,"retryReasons":[],"status":"failed","title":"should download tiny model"},{"ancestorTitles":["Comprehensive Model Management E2E Tests","Model Download - Different Models"],"duration":0,"failureDetails":[{}],"failureMessages":["page.evaluate: Target page, context or browser has been closed\n    at Object.evaluate (C:\\Users\\Muhib\\Desktop\\SONU\\tests\\e2e\\model_comprehensive.test.js:212:46)"],"fullName":"Comprehensive Model Management E2E Tests Model Download - Different Models should download base model","invocations":1,"location":null,"numPassingAsserts":0,"retryReasons":[],"status":"failed","title":"should download base model"},{"ancestorTitles":["Comprehensive Model Management E2E Tests","Model Download Cancellation"],"duration":0,"failureDetails":[{}],"failureMessages":["page.evaluate: Target page, context or browser has been closed\n    at Object.evaluate (C:\\Users\\Muhib\\Desktop\\SONU\\tests\\e2e\\model_comprehensive.test.js:212:46)"],"fullName":"Comprehensive Model Management E2E Tests Model Download Cancellation should cancel download mid-way","invocations":1,"location":null,"numPassingAsserts":0,"retryReasons":[],"status":"failed","title":"should cancel download mid-way"},{"ancestorTitles":["Comprehensive Model Management E2E Tests","Model Download Cancellation"],"duration":0,"failureDetails":[{}],"failureMessages":["page.evaluate: Target page, context or browser has been closed\n    at Object.evaluate (C:\\Users\\Muhib\\Desktop\\SONU\\tests\\e2e\\model_comprehensive.test.js:212:46)"],"fullName":"Comprehensive Model Management E2E Tests Model Download Cancellation should prevent duplicate downloads","invocations":1,"location":null,"numPassingAsserts":0,"retryReasons":[],"status":"failed","title":"should prevent duplicate downloads"},{"ancestorTitles":["Comprehensive Model Management E2E Tests","Model Activation"],"duration":0,"failureDetails":[{}],"failureMessages":["page.evaluate: Target page, context or browser has been closed\n    at Object.evaluate (C:\\Users\\Muhib\\Desktop\\SONU\\tests\\e2e\\model_comprehensive.test.js:212:46)"],"fullName":"Comprehensive Model Management E2E Tests Model Activation should activate downloaded model","invocations":1,"location":null,"numPassingAsserts":0,"retryReasons":[],"status":"failed","title":"should activate downloaded model"},{"ancestorTitles":["Comprehensive Model Management E2E Tests","Model Activation"],"duration":0,"failureDetails":[{}],"failureMessages":["page.evaluate: Target page, context or browser has been closed\n    at Object.evaluate (C:\\Users\\Muhib\\Desktop\\SONU\\tests\\e2e\\model_comprehensive.test.js:212:46)"],"fullName":"Comprehensive Model Management E2E Tests Model Activation should show model status correctly","invocations":1,"location":null,"numPassingAsserts":0,"retryReasons":[],"status":"failed","title":"should show model status correctly"},{"ancestorTitles":["Comprehensive Model Management E2E Tests","Model Download Progress"],"duration":0,"failureDetails":[{}],"failureMessages":["page.evaluate: Target page, context or browser has been closed\n    at Object.evaluate (C:\\Users\\Muhib\\Desktop\\SONU\\tests\\e2e\\model_comprehensive.test.js:212:46)"],"fullName":"Comprehensive Model Management E2E Tests Model Download Progress should show download progress","invocations":1,"location":null,"numPassingAsserts":0,"retryReasons":[],"status":"failed","title":"should show download progress"},{"ancestorTitles":["Comprehensive Model Management E2E Tests","Resume Functionality"],"duration":1,"failureDetails":[{}],"failureMessages":["page.evaluate: Target page, context or browser has been closed\n    at Object.evaluate (C:\\Users\\Muhib\\Desktop\\SONU\\tests\\e2e\\model_comprehensive.test.js:212:46)"],"fullName":"Comprehensive Model Management E2E Tests Resume Functionality should resume download after cancellation","invocations":1,"location":null,"numPassingAsserts":0,"retryReasons":[],"status":"failed","title":"should resume download after cancellation"},{"ancestorTitles":["Comprehensive Model Management E2E Tests","Sequential Model Size Testing"],"duration":0,"failureDetails":[{}],"failureMessages":["page.evaluate: Target page, context or browser has been closed\n    at Object.evaluate (C:\\Users\\Muhib\\Desktop\\SONU\\tests\\e2e\\model_comprehensive.test.js:212:46)"],"fullName":"Comprehensive Model Management E2E Tests Sequential Model Size Testing should handle tiny model selection and status check","invocations":1,"location":null,"numPassingAsserts":0,"retryReasons":[],"status":"failed","title":"should handle tiny model selection and status check"},{"ancestorTitles":["Comprehensive Model Management E2E Tests","Sequential Model Size Testing"],"duration":0,"failureDetails":[{}],"failureMessages":["page.evaluate: Target page, context or browser has been closed\n    at Object.evaluate (C:\\Users\\Muhib\\Desktop\\SONU\\tests\\e2e\\model_comprehensive.test.js:212:46)"],"fullName":"Comprehensive Model Management E2E Tests Sequential Model Size Testing should handle base model selection and status check","invocations":1,"location":null,"numPassingAsserts":0,"retryReasons":[],"status":"failed","title":"should handle base model selection and status check"},{"ancestorTitles":["Comprehensive Model Management E2E Tests","Sequential Model Size Testing"],"duration":1,"failureDetails":[{}],"failureMessages":["page.evaluate: Target page, context or browser has been closed\n    at Object.evaluate (C:\\Users\\Muhib\\Desktop\\SONU\\tests\\e2e\\model_comprehensive.test.js:212:46)"],"fullName":"Comprehensive Model Management E2E Tests Sequential Model Size Testing should handle small model selection and status check","invocations":1,"location":null,"numPassingAsserts":0,"retryReasons":[],"status":"failed","title":"should handle small model selection and status check"},{"ancestorTitles":["Comprehensive Model Management E2E Tests","Sequential Model Size Testing"],"duration":0,"failureDetails":[{}],"failureMessages":["page.evaluate: Target page, context or browser has been closed\n    at Object.evaluate (C:\\Users\\Muhib\\Desktop\\SONU\\tests\\e2e\\model_comprehensive.test.js:212:46)"],"fullName":"Comprehensive Model Management E2E Tests Sequential Model Size Testing should handle medium model selection and status check","invocations":1,"location":null,"numPassingAsserts":0,"retryReasons":[],"status":"failed","title":"should handle medium model selection and status check"},{"ancestorTitles":["Comprehensive Model Management E2E Tests","Sequential Model Size Testing"],"duration":0,"failureDetails":[{}],"failureMessages":["page.evaluate: Target page, context or browser has been closed\n    at Object.evaluate (C:\\Users\\Muhib\\Desktop\\SONU\\tests\\e2e\\model_comprehensive.test.js:212:46)"],"fullName":"Comprehensive Model Management E2E Tests Sequential Model Size Testing should handle large model selection and status check","invocations":1,"location":null,"numPassingAsserts":0,"retryReasons":[],"status":"failed","title":"should handle large model selection and status check"},{"ancestorTitles":["Comprehensive Model Management E2E Tests","Edge Cases - Rapid Model Switching"],"duration":0,"failureDetails":[{}],"failureMessages":["page.evaluate: Target page, context or browser has been closed\n    at Object.evaluate (C:\\Users\\Muhib\\Desktop\\SONU\\tests\\e2e\\model_comprehensive.test.js:212:46)"],"fullName":"Comprehensive Model Management E2E Tests Edge Cases - Rapid Model Switching should handle rapid model switching without errors","invocations":1,"location":null,"numPassingAsserts":0,"retryReasons":[],"status":"failed","title":"should handle rapid model switching without errors"},{"ancestorTitles":["Comprehensive Model Management E2E Tests","Edge Cases - Rapid Model Switching"],"duration":0,"failureDetails":[{}],"failureMessages":["page.evaluate: Target page, context or browser has been closed\n    at Object.evaluate (C:\\Users\\Muhib\\Desktop\\SONU\\tests\\e2e\\model_comprehensive.test.js:212:46)"],"fullName":"Comprehensive Model Management E2E Tests Edge Cases - Rapid Model Switching should cancel download when rapidly switching models","invocations":1,"location":null,"numPassingAsserts":0,"retryReasons":[],"status":"failed","title":"should cancel download when rapidly switching models"},{"ancestorTitles":["Comprehensive Model Management E2E Tests","Edge Cases - Download Button Rapid Clicks"],"duration":1,"failureDetails":[{}],"failureMessages":["page.evaluate: Target page, context or browser has been closed\n    at Object.evaluate (C:\\Users\\Muhib\\Desktop\\SONU\\tests\\e2e\\model_comprehensive.test.js:212:46)"],"fullName":"Comprehensive Model Management E2E Tests Edge Cases - Download Button Rapid Clicks should prevent duplicate downloads from rapid button clicks","invocations":1,"location":null,"numPassingAsserts":0,"retryReasons":[],"status":"failed","title":"should prevent duplicate downloads from rapid button clicks"},{"ancestorTitles":["Comprehensive Model Management E2E Tests","Edge Cases - Network Interruption Simulation"],"duration":0,"failureDetails":[{}],"failureMessages":["page.evaluate: Target page, context or browser has been closed\n    at Object.evaluate (C:\\Users\\Muhib\\Desktop\\SONU\\tests\\e2e\\model_comprehensive.test.js:212:46)"],"fullName":"Comprehensive Model Management E2E Tests Edge Cases - Network Interruption Simulation should handle download cancellation gracefully","invocations":1,"location":null,"numPassingAsserts":0,"retryReasons":[],"status":"failed","title":"should handle download cancellation gracefully"},{"ancestorTitles":["Comprehensive Model Management E2E Tests","Model Activation After Download"],"duration":0,"failureDetails":[{}],"failureMessages":["page.evaluate: Target page, context or browser has been closed\n    at Object.evaluate (C:\\Users\\Muhib\\Desktop\\SONU\\tests\\e2e\\model_comprehensive.test.js:212:46)"],"fullName":"Comprehensive Model Management E2E Tests Model Activation After Download should activate model correctly after download","invocations":1,"location":null,"numPassingAsserts":0,"retryReasons":[],"status":"failed","title":"should activate model correctly after download"}],"endTime":1762604591263,"message":"  ● Comprehensive Model Management E2E Tests › Model Selection › should display all available models in selector\n\n    page.evaluate: Target page, context or browser has been closed\n\n      210 |     } catch (e) {\n      211 |       // If sidebar visibility check fails, at least verify it exists\n    > 212 |       const sidebarExists = await mainWindow.evaluate(() => {\n          |                                              ^\n      213 |         return document.getElementById('sidebar') !== null;\n      214 |       });\n      215 |       if (!sidebarExists) {\n\n      at Object.evaluate (e2e/model_comprehensive.test.js:212:46)\n\n  ● Comprehensive Model Management E2E Tests › Model Selection › should select tiny model\n\n    page.evaluate: Target page, context or browser has been closed\n\n      210 |     } catch (e) {\n      211 |       // If sidebar visibility check fails, at least verify it exists\n    > 212 |       const sidebarExists = await mainWindow.evaluate(() => {\n          |                                              ^\n      213 |         return document.getElementById('sidebar') !== null;\n      214 |       });\n      215 |       if (!sidebarExists) {\n\n      at Object.evaluate (e2e/model_comprehensive.test.js:212:46)\n\n  ● Comprehensive Model Management E2E Tests › Model Selection › should select base model\n\n    page.evaluate: Target page, context or browser has been closed\n\n      210 |     } catch (e) {\n      211 |       // If sidebar visibility check fails, at least verify it exists\n    > 212 |       const sidebarExists = await mainWindow.evaluate(() => {\n          |                                              ^\n      213 |         return document.getElementById('sidebar') !== null;\n      214 |       });\n      215 |       if (!sidebarExists) {\n\n      at Object.evaluate (e2e/model_comprehensive.test.js:212:46)\n\n  ● Comprehensive Model Management E2E Tests › Model Selection › should select small model\n\n    page.evaluate: Target page, context or browser has been closed\n\n      210 |     } catch (e) {\n      211 |       // If sidebar visibility check fails, at least verify it exists\n    > 212 |       const sidebarExists = await mainWindow.evaluate(() => {\n          |                                              ^\n      213 |         return document.getElementById('sidebar') !== null;\n      214 |       });\n      215 |       if (!sidebarExists) {\n\n      at Object.evaluate (e2e/model_comprehensive.test.js:212:46)\n\n  ● Comprehensive Model Management E2E Tests › Model Selection › should select medium model\n\n    page.evaluate: Target page, context or browser has been closed\n\n      210 |     } catch (e) {\n      211 |       // If sidebar visibility check fails, at least verify it exists\n    > 212 |       const sidebarExists = await mainWindow.evaluate(() => {\n          |                                              ^\n      213 |         return document.getElementById('sidebar') !== null;\n      214 |       });\n      215 |       if (!sidebarExists) {\n\n      at Object.evaluate (e2e/model_comprehensive.test.js:212:46)\n\n  ● Comprehensive Model Management E2E Tests › Model Selection › should select large model\n\n    page.evaluate: Target page, context or browser has been closed\n\n      210 |     } catch (e) {\n      211 |       // If sidebar visibility check fails, at least verify it exists\n    > 212 |       const sidebarExists = await mainWindow.evaluate(() => {\n          |                                              ^\n      213 |         return document.getElementById('sidebar') !== null;\n      214 |       });\n      215 |       if (!sidebarExists) {\n\n      at Object.evaluate (e2e/model_comprehensive.test.js:212:46)\n\n  ● Comprehensive Model Management E2E Tests › Model Selection › should update active model when selecting\n\n    page.evaluate: Target page, context or browser has been closed\n\n      210 |     } catch (e) {\n      211 |       // If sidebar visibility check fails, at least verify it exists\n    > 212 |       const sidebarExists = await mainWindow.evaluate(() => {\n          |                                              ^\n      213 |         return document.getElementById('sidebar') !== null;\n      214 |       });\n      215 |       if (!sidebarExists) {\n\n      at Object.evaluate (e2e/model_comprehensive.test.js:212:46)\n\n  ● Comprehensive Model Management E2E Tests › Model Download - Different Models › should download tiny model\n\n    page.evaluate: Target page, context or browser has been closed\n\n      210 |     } catch (e) {\n      211 |       // If sidebar visibility check fails, at least verify it exists\n    > 212 |       const sidebarExists = await mainWindow.evaluate(() => {\n          |                                              ^\n      213 |         return document.getElementById('sidebar') !== null;\n      214 |       });\n      215 |       if (!sidebarExists) {\n\n      at Object.evaluate (e2e/model_comprehensive.test.js:212:46)\n\n  ● Comprehensive Model Management E2E Tests › Model Download - Different Models › should download base model\n\n    page.evaluate: Target page, context or browser has been closed\n\n      210 |     } catch (e) {\n      211 |       // If sidebar visibility check fails, at least verify it exists\n    > 212 |       const sidebarExists = await mainWindow.evaluate(() => {\n          |                                              ^\n      213 |         return document.getElementById('sidebar') !== null;\n      214 |       });\n      215 |       if (!sidebarExists) {\n\n      at Object.evaluate (e2e/model_comprehensive.test.js:212:46)\n\n  ● Comprehensive Model Management E2E Tests › Model Download Cancellation › should cancel download mid-way\n\n    page.evaluate: Target page, context or browser has been closed\n\n      210 |     } catch (e) {\n      211 |       // If sidebar visibility check fails, at least verify it exists\n    > 212 |       const sidebarExists = await mainWindow.evaluate(() => {\n          |                                              ^\n      213 |         return document.getElementById('sidebar') !== null;\n      214 |       });\n      215 |       if (!sidebarExists) {\n\n      at Object.evaluate (e2e/model_comprehensive.test.js:212:46)\n\n  ● Comprehensive Model Management E2E Tests › Model Download Cancellation › should prevent duplicate downloads\n\n    page.evaluate: Target page, context or browser has been closed\n\n      210 |     } catch (e) {\n      211 |       // If sidebar visibility check fails, at least verify it exists\n    > 212 |       const sidebarExists = await mainWindow.evaluate(() => {\n          |                                              ^\n      213 |         return document.getElementById('sidebar') !== null;\n      214 |       });\n      215 |       if (!sidebarExists) {\n\n      at Object.evaluate (e2e/model_comprehensive.test.js:212:46)\n\n  ● Comprehensive Model Management E2E Tests › Model Activation › should activate downloaded model\n\n    page.evaluate: Target page, context or browser has been closed\n\n      210 |     } catch (e) {\n      211 |       // If sidebar visibility check fails, at least verify it exists\n    > 212 |       const sidebarExists = await mainWindow.evaluate(() => {\n          |                                              ^\n      213 |         return document.getElementById('sidebar') !== null;\n      214 |       });\n      215 |       if (!sidebarExists) {\n\n      at Object.evaluate (e2e/model_comprehensive.test.js:212:46)\n\n  ● Comprehensive Model Management E2E Tests › Model Activation › should show model status correctly\n\n    page.evaluate: Target page, context or browser has been closed\n\n      210 |     } catch (e) {\n      211 |       // If sidebar visibility check fails, at least verify it exists\n    > 212 |       const sidebarExists = await mainWindow.evaluate(() => {\n          |                                              ^\n      213 |         return document.getElementById('sidebar') !== null;\n      214 |       });\n      215 |       if (!sidebarExists) {\n\n      at Object.evaluate (e2e/model_comprehensive.test.js:212:46)\n\n  ● Comprehensive Model Management E2E Tests › Model Download Progress › should show download progress\n\n    page.evaluate: Target page, context or browser has been closed\n\n      210 |     } catch (e) {\n      211 |       // If sidebar visibility check fails, at least verify it exists\n    > 212 |       const sidebarExists = await mainWindow.evaluate(() => {\n          |                                              ^\n      213 |         return document.getElementById('sidebar') !== null;\n      214 |       });\n      215 |       if (!sidebarExists) {\n\n      at Object.evaluate (e2e/model_comprehensive.test.js:212:46)\n\n  ● Comprehensive Model Management E2E Tests › Resume Functionality › should resume download after cancellation\n\n    page.evaluate: Target page, context or browser has been closed\n\n      210 |     } catch (e) {\n      211 |       // If sidebar visibility check fails, at least verify it exists\n    > 212 |       const sidebarExists = await mainWindow.evaluate(() => {\n          |                                              ^\n      213 |         return document.getElementById('sidebar') !== null;\n      214 |       });\n      215 |       if (!sidebarExists) {\n\n      at Object.evaluate (e2e/model_comprehensive.test.js:212:46)\n\n  ● Comprehensive Model Management E2E Tests › Sequential Model Size Testing › should handle tiny model selection and status check\n\n    page.evaluate: Target page, context or browser has been closed\n\n      210 |     } catch (e) {\n      211 |       // If sidebar visibility check fails, at least verify it exists\n    > 212 |       const sidebarExists = await mainWindow.evaluate(() => {\n          |                                              ^\n      213 |         return document.getElementById('sidebar') !== null;\n      214 |       });\n      215 |       if (!sidebarExists) {\n\n      at Object.evaluate (e2e/model_comprehensive.test.js:212:46)\n\n  ● Comprehensive Model Management E2E Tests › Sequential Model Size Testing › should handle base model selection and status check\n\n    page.evaluate: Target page, context or browser has been closed\n\n      210 |     } catch (e) {\n      211 |       // If sidebar visibility check fails, at least verify it exists\n    > 212 |       const sidebarExists = await mainWindow.evaluate(() => {\n          |                                              ^\n      213 |         return document.getElementById('sidebar') !== null;\n      214 |       });\n      215 |       if (!sidebarExists) {\n\n      at Object.evaluate (e2e/model_comprehensive.test.js:212:46)\n\n  ● Comprehensive Model Management E2E Tests › Sequential Model Size Testing › should handle small model selection and status check\n\n    page.evaluate: Target page, context or browser has been closed\n\n      210 |     } catch (e) {\n      211 |       // If sidebar visibility check fails, at least verify it exists\n    > 212 |       const sidebarExists = await mainWindow.evaluate(() => {\n          |                                              ^\n      213 |         return document.getElementById('sidebar') !== null;\n      214 |       });\n      215 |       if (!sidebarExists) {\n\n      at Object.evaluate (e2e/model_comprehensive.test.js:212:46)\n\n  ● Comprehensive Model Management E2E Tests › Sequential Model Size Testing › should handle medium model selection and status check\n\n    page.evaluate: Target page, context or browser has been closed\n\n      210 |     } catch (e) {\n      211 |       // If sidebar visibility check fails, at least verify it exists\n    > 212 |       const sidebarExists = await mainWindow.evaluate(() => {\n          |                                              ^\n      213 |         return document.getElementById('sidebar') !== null;\n      214 |       });\n      215 |       if (!sidebarExists) {\n\n      at Object.evaluate (e2e/model_comprehensive.test.js:212:46)\n\n  ● Comprehensive Model Management E2E Tests › Sequential Model Size Testing › should handle large model selection and status check\n\n    page.evaluate: Target page, context or browser has been closed\n\n      210 |     } catch (e) {\n      211 |       // If sidebar visibility check fails, at least verify it exists\n    > 212 |       const sidebarExists = await mainWindow.evaluate(() => {\n          |                                              ^\n      213 |         return document.getElementById('sidebar') !== null;\n      214 |       });\n      215 |       if (!sidebarExists) {\n\n      at Object.evaluate (e2e/model_comprehensive.test.js:212:46)\n\n  ● Comprehensive Model Management E2E Tests › Edge Cases - Rapid Model Switching › should handle rapid model switching without errors\n\n    page.evaluate: Target page, context or browser has been closed\n\n      210 |     } catch (e) {\n      211 |       // If sidebar visibility check fails, at least verify it exists\n    > 212 |       const sidebarExists = await mainWindow.evaluate(() => {\n          |                                              ^\n      213 |         return document.getElementById('sidebar') !== null;\n      214 |       });\n      215 |       if (!sidebarExists) {\n\n      at Object.evaluate (e2e/model_comprehensive.test.js:212:46)\n\n  ● Comprehensive Model Management E2E Tests › Edge Cases - Rapid Model Switching › should cancel download when rapidly switching models\n\n    page.evaluate: Target page, context or browser has been closed\n\n      210 |     } catch (e) {\n      211 |       // If sidebar visibility check fails, at least verify it exists\n    > 212 |       const sidebarExists = await mainWindow.evaluate(() => {\n          |                                              ^\n      213 |         return document.getElementById('sidebar') !== null;\n      214 |       });\n      215 |       if (!sidebarExists) {\n\n      at Object.evaluate (e2e/model_comprehensive.test.js:212:46)\n\n  ● Comprehensive Model Management E2E Tests › Edge Cases - Download Button Rapid Clicks › should prevent duplicate downloads from rapid button clicks\n\n    page.evaluate: Target page, context or browser has been closed\n\n      210 |     } catch (e) {\n      211 |       // If sidebar visibility check fails, at least verify it exists\n    > 212 |       const sidebarExists = await mainWindow.evaluate(() => {\n          |                                              ^\n      213 |         return document.getElementById('sidebar') !== null;\n      214 |       });\n      215 |       if (!sidebarExists) {\n\n      at Object.evaluate (e2e/model_comprehensive.test.js:212:46)\n\n  ● Comprehensive Model Management E2E Tests › Edge Cases - Network Interruption Simulation › should handle download cancellation gracefully\n\n    page.evaluate: Target page, context or browser has been closed\n\n      210 |     } catch (e) {\n      211 |       // If sidebar visibility check fails, at least verify it exists\n    > 212 |       const sidebarExists = await mainWindow.evaluate(() => {\n          |                                              ^\n      213 |         return document.getElementById('sidebar') !== null;\n      214 |       });\n      215 |       if (!sidebarExists) {\n\n      at Object.evaluate (e2e/model_comprehensive.test.js:212:46)\n\n  ● Comprehensive Model Management E2E Tests › Model Activation After Download › should activate model correctly after download\n\n    page.evaluate: Target page, context or browser has been closed\n\n      210 |     } catch (e) {\n      211 |       // If sidebar visibility check fails, at least verify it exists\n    > 212 |       const sidebarExists = await mainWindow.evaluate(() => {\n          |                                              ^\n      213 |         return document.getElementById('sidebar') !== null;\n      214 |       });\n      215 |       if (!sidebarExists) {\n\n      at Object.evaluate (e2e/model_comprehensive.test.js:212:46)\n","name":"C:\\Users\\Muhib\\Desktop\\SONU\\tests\\e2e\\model_comprehensive.test.js","startTime":1762604456655,"status":"failed","summary":""}],"wasInterrupted":false}
