{"numFailedTestSuites":1,"numFailedTests":3,"numPassedTestSuites":3,"numPassedTests":34,"numPendingTestSuites":0,"numPendingTests":0,"numRuntimeErrorTestSuites":0,"numTodoTests":0,"numTotalTestSuites":4,"numTotalTests":37,"openHandles":[],"snapshot":{"added":0,"didUpdate":false,"failure":false,"filesAdded":0,"filesRemoved":0,"filesRemovedList":[],"filesUnmatched":0,"filesUpdated":0,"matched":0,"total":0,"unchecked":0,"uncheckedKeysByFile":[],"unmatched":0,"updated":0},"startTime":1762573230859,"success":false,"testResults":[{"assertionResults":[{"ancestorTitles":["Typing Unit Tests","Typing Function"],"duration":21,"failureDetails":[],"failureMessages":[],"fullName":"Typing Unit Tests Typing Function should type text using robotjs.typeString","invocations":1,"location":null,"numPassingAsserts":2,"retryReasons":[],"status":"passed","title":"should type text using robotjs.typeString"},{"ancestorTitles":["Typing Unit Tests","Typing Function"],"duration":2,"failureDetails":[],"failureMessages":[],"fullName":"Typing Unit Tests Typing Function should prefer typeStringDelayed when available","invocations":1,"location":null,"numPassingAsserts":2,"retryReasons":[],"status":"passed","title":"should prefer typeStringDelayed when available"},{"ancestorTitles":["Typing Unit Tests","Typing Function"],"duration":3,"failureDetails":[],"failureMessages":[],"fullName":"Typing Unit Tests Typing Function should handle empty text","invocations":1,"location":null,"numPassingAsserts":1,"retryReasons":[],"status":"passed","title":"should handle empty text"},{"ancestorTitles":["Typing Unit Tests","Typing Function"],"duration":2,"failureDetails":[],"failureMessages":[],"fullName":"Typing Unit Tests Typing Function should handle special characters","invocations":1,"location":null,"numPassingAsserts":1,"retryReasons":[],"status":"passed","title":"should handle special characters"},{"ancestorTitles":["Typing Unit Tests","Typing Function"],"duration":3,"failureDetails":[],"failureMessages":[],"fullName":"Typing Unit Tests Typing Function should fallback to clipboard on typing failure","invocations":1,"location":null,"numPassingAsserts":2,"retryReasons":[],"status":"passed","title":"should fallback to clipboard on typing failure"},{"ancestorTitles":["Typing Unit Tests","Focus Handling"],"duration":4,"failureDetails":[],"failureMessages":[],"fullName":"Typing Unit Tests Focus Handling should hide window before typing","invocations":1,"location":null,"numPassingAsserts":3,"retryReasons":[],"status":"passed","title":"should hide window before typing"},{"ancestorTitles":["Typing Unit Tests","Error Handling"],"duration":3,"failureDetails":[],"failureMessages":[],"fullName":"Typing Unit Tests Error Handling should handle robotjs not available","invocations":1,"location":null,"numPassingAsserts":1,"retryReasons":[],"status":"passed","title":"should handle robotjs not available"}],"endTime":1762573237601,"message":"","name":"C:\\Users\\Muhib\\Desktop\\SONU\\tests\\unit\\typing.test.js","startTime":1762573235190,"status":"passed","summary":""},{"assertionResults":[{"ancestorTitles":["Model Download Unit Tests","Model Definitions"],"duration":17,"failureDetails":[],"failureMessages":[],"fullName":"Model Download Unit Tests Model Definitions should have valid model definitions","invocations":1,"location":null,"numPassingAsserts":3,"retryReasons":[],"status":"passed","title":"should have valid model definitions"},{"ancestorTitles":["Model Download Unit Tests","URL Generation"],"duration":1,"failureDetails":[],"failureMessages":[],"fullName":"Model Download Unit Tests URL Generation should generate correct Hugging Face URLs","invocations":1,"location":null,"numPassingAsserts":1,"retryReasons":[],"status":"passed","title":"should generate correct Hugging Face URLs"},{"ancestorTitles":["Model Download Unit Tests","File Verification"],"duration":291,"failureDetails":[],"failureMessages":[],"fullName":"Model Download Unit Tests File Verification should verify file size correctly","invocations":1,"location":null,"numPassingAsserts":2,"retryReasons":[],"status":"passed","title":"should verify file size correctly"}],"endTime":1762573237865,"message":"","name":"C:\\Users\\Muhib\\Desktop\\SONU\\tests\\unit\\model_download.test.js","startTime":1762573235148,"status":"passed","summary":""},{"assertionResults":[{"ancestorTitles":["Main Process Tests","Window Management"],"duration":17,"failureDetails":[],"failureMessages":[],"fullName":"Main Process Tests Window Management should create main window with correct options","invocations":1,"location":null,"numPassingAsserts":0,"retryReasons":[],"status":"passed","title":"should create main window with correct options"},{"ancestorTitles":["Main Process Tests","Window Management"],"duration":1,"failureDetails":[],"failureMessages":[],"fullName":"Main Process Tests Window Management should handle window minimize correctly","invocations":1,"location":null,"numPassingAsserts":0,"retryReasons":[],"status":"passed","title":"should handle window minimize correctly"},{"ancestorTitles":["Main Process Tests","Hotkey Management"],"duration":1,"failureDetails":[],"failureMessages":[],"fullName":"Main Process Tests Hotkey Management should register hotkeys on startup","invocations":1,"location":null,"numPassingAsserts":0,"retryReasons":[],"status":"passed","title":"should register hotkeys on startup"},{"ancestorTitles":["Main Process Tests","Hotkey Management"],"duration":3,"failureDetails":[],"failureMessages":[],"fullName":"Main Process Tests Hotkey Management should handle hotkey registration errors","invocations":1,"location":null,"numPassingAsserts":0,"retryReasons":[],"status":"passed","title":"should handle hotkey registration errors"},{"ancestorTitles":["Main Process Tests","Settings Management"],"duration":1,"failureDetails":[],"failureMessages":[],"fullName":"Main Process Tests Settings Management should load settings from config file","invocations":1,"location":null,"numPassingAsserts":0,"retryReasons":[],"status":"passed","title":"should load settings from config file"},{"ancestorTitles":["Main Process Tests","Settings Management"],"duration":1,"failureDetails":[],"failureMessages":[],"fullName":"Main Process Tests Settings Management should save settings to config file","invocations":1,"location":null,"numPassingAsserts":0,"retryReasons":[],"status":"passed","title":"should save settings to config file"},{"ancestorTitles":["Main Process Tests","History Management"],"duration":1,"failureDetails":[],"failureMessages":[],"fullName":"Main Process Tests History Management should append transcription to history","invocations":1,"location":null,"numPassingAsserts":0,"retryReasons":[],"status":"passed","title":"should append transcription to history"},{"ancestorTitles":["Main Process Tests","History Management"],"duration":1,"failureDetails":[],"failureMessages":[],"fullName":"Main Process Tests History Management should limit history to 100 items","invocations":1,"location":null,"numPassingAsserts":0,"retryReasons":[],"status":"passed","title":"should limit history to 100 items"},{"ancestorTitles":["Main Process Tests","System Integration"],"duration":1,"failureDetails":[],"failureMessages":[],"fullName":"Main Process Tests System Integration should handle system-wide typing","invocations":1,"location":null,"numPassingAsserts":0,"retryReasons":[],"status":"passed","title":"should handle system-wide typing"},{"ancestorTitles":["Main Process Tests","System Integration"],"duration":1,"failureDetails":[],"failureMessages":[],"fullName":"Main Process Tests System Integration should fallback to clipboard when robotjs unavailable","invocations":1,"location":null,"numPassingAsserts":0,"retryReasons":[],"status":"passed","title":"should fallback to clipboard when robotjs unavailable"},{"ancestorTitles":["Main Process Tests","IPC Handlers"],"duration":8,"failureDetails":[{"matcherResult":{"message":"expect(jest.fn()).toHaveBeenCalledWith(...expected)\n\nExpected: \"settings:get\", Any<Function>\n\nNumber of calls: 0","pass":false}}],"failureMessages":["Error: expect(jest.fn()).toHaveBeenCalledWith(...expected)\n\nExpected: \"settings:get\", Any<Function>\n\nNumber of calls: 0\n    at Object.toHaveBeenCalledWith (C:\\Users\\Muhib\\Desktop\\SONU\\tests\\unit\\main.test.js:159:30)\n    at Promise.then.completed (C:\\Users\\Muhib\\Desktop\\SONU\\tests\\node_modules\\jest-circus\\build\\utils.js:298:28)\n    at new Promise (<anonymous>)\n    at callAsyncCircusFn (C:\\Users\\Muhib\\Desktop\\SONU\\tests\\node_modules\\jest-circus\\build\\utils.js:231:10)\n    at _callCircusTest (C:\\Users\\Muhib\\Desktop\\SONU\\tests\\node_modules\\jest-circus\\build\\run.js:316:40)\n    at processTicksAndRejections (node:internal/process/task_queues:105:5)\n    at _runTest (C:\\Users\\Muhib\\Desktop\\SONU\\tests\\node_modules\\jest-circus\\build\\run.js:252:3)\n    at _runTestsForDescribeBlock (C:\\Users\\Muhib\\Desktop\\SONU\\tests\\node_modules\\jest-circus\\build\\run.js:126:9)\n    at _runTestsForDescribeBlock (C:\\Users\\Muhib\\Desktop\\SONU\\tests\\node_modules\\jest-circus\\build\\run.js:121:9)\n    at _runTestsForDescribeBlock (C:\\Users\\Muhib\\Desktop\\SONU\\tests\\node_modules\\jest-circus\\build\\run.js:121:9)\n    at run (C:\\Users\\Muhib\\Desktop\\SONU\\tests\\node_modules\\jest-circus\\build\\run.js:71:3)\n    at runAndTransformResultsToJestFormat (C:\\Users\\Muhib\\Desktop\\SONU\\tests\\node_modules\\jest-circus\\build\\legacy-code-todo-rewrite\\jestAdapterInit.js:122:21)\n    at jestAdapter (C:\\Users\\Muhib\\Desktop\\SONU\\tests\\node_modules\\jest-circus\\build\\legacy-code-todo-rewrite\\jestAdapter.js:79:19)\n    at runTestInternal (C:\\Users\\Muhib\\Desktop\\SONU\\tests\\node_modules\\jest-runner\\build\\runTest.js:367:16)\n    at runTest (C:\\Users\\Muhib\\Desktop\\SONU\\tests\\node_modules\\jest-runner\\build\\runTest.js:444:34)\n    at Object.worker (C:\\Users\\Muhib\\Desktop\\SONU\\tests\\node_modules\\jest-runner\\build\\testWorker.js:106:12)"],"fullName":"Main Process Tests IPC Handlers should handle settings IPC calls","invocations":1,"location":null,"numPassingAsserts":0,"retryReasons":[],"status":"failed","title":"should handle settings IPC calls"},{"ancestorTitles":["Main Process Tests","IPC Handlers"],"duration":1,"failureDetails":[{"matcherResult":{"message":"expect(jest.fn()).toHaveBeenCalledWith(...expected)\n\nExpected: \"history:get\", Any<Function>\n\nNumber of calls: 0","pass":false}}],"failureMessages":["Error: expect(jest.fn()).toHaveBeenCalledWith(...expected)\n\nExpected: \"history:get\", Any<Function>\n\nNumber of calls: 0\n    at Object.toHaveBeenCalledWith (C:\\Users\\Muhib\\Desktop\\SONU\\tests\\unit\\main.test.js:164:30)\n    at Promise.then.completed (C:\\Users\\Muhib\\Desktop\\SONU\\tests\\node_modules\\jest-circus\\build\\utils.js:298:28)\n    at new Promise (<anonymous>)\n    at callAsyncCircusFn (C:\\Users\\Muhib\\Desktop\\SONU\\tests\\node_modules\\jest-circus\\build\\utils.js:231:10)\n    at _callCircusTest (C:\\Users\\Muhib\\Desktop\\SONU\\tests\\node_modules\\jest-circus\\build\\run.js:316:40)\n    at processTicksAndRejections (node:internal/process/task_queues:105:5)\n    at _runTest (C:\\Users\\Muhib\\Desktop\\SONU\\tests\\node_modules\\jest-circus\\build\\run.js:252:3)\n    at _runTestsForDescribeBlock (C:\\Users\\Muhib\\Desktop\\SONU\\tests\\node_modules\\jest-circus\\build\\run.js:126:9)\n    at _runTestsForDescribeBlock (C:\\Users\\Muhib\\Desktop\\SONU\\tests\\node_modules\\jest-circus\\build\\run.js:121:9)\n    at _runTestsForDescribeBlock (C:\\Users\\Muhib\\Desktop\\SONU\\tests\\node_modules\\jest-circus\\build\\run.js:121:9)\n    at run (C:\\Users\\Muhib\\Desktop\\SONU\\tests\\node_modules\\jest-circus\\build\\run.js:71:3)\n    at runAndTransformResultsToJestFormat (C:\\Users\\Muhib\\Desktop\\SONU\\tests\\node_modules\\jest-circus\\build\\legacy-code-todo-rewrite\\jestAdapterInit.js:122:21)\n    at jestAdapter (C:\\Users\\Muhib\\Desktop\\SONU\\tests\\node_modules\\jest-circus\\build\\legacy-code-todo-rewrite\\jestAdapter.js:79:19)\n    at runTestInternal (C:\\Users\\Muhib\\Desktop\\SONU\\tests\\node_modules\\jest-runner\\build\\runTest.js:367:16)\n    at runTest (C:\\Users\\Muhib\\Desktop\\SONU\\tests\\node_modules\\jest-runner\\build\\runTest.js:444:34)\n    at Object.worker (C:\\Users\\Muhib\\Desktop\\SONU\\tests\\node_modules\\jest-runner\\build\\testWorker.js:106:12)"],"fullName":"Main Process Tests IPC Handlers should handle history IPC calls","invocations":1,"location":null,"numPassingAsserts":0,"retryReasons":[],"status":"failed","title":"should handle history IPC calls"},{"ancestorTitles":["Main Process Tests","IPC Handlers"],"duration":1,"failureDetails":[{"matcherResult":{"message":"expect(jest.fn()).toHaveBeenCalledWith(...expected)\n\nExpected: \"system:get-info\", Any<Function>\n\nNumber of calls: 0","pass":false}}],"failureMessages":["Error: expect(jest.fn()).toHaveBeenCalledWith(...expected)\n\nExpected: \"system:get-info\", Any<Function>\n\nNumber of calls: 0\n    at Object.toHaveBeenCalledWith (C:\\Users\\Muhib\\Desktop\\SONU\\tests\\unit\\main.test.js:169:30)\n    at Promise.then.completed (C:\\Users\\Muhib\\Desktop\\SONU\\tests\\node_modules\\jest-circus\\build\\utils.js:298:28)\n    at new Promise (<anonymous>)\n    at callAsyncCircusFn (C:\\Users\\Muhib\\Desktop\\SONU\\tests\\node_modules\\jest-circus\\build\\utils.js:231:10)\n    at _callCircusTest (C:\\Users\\Muhib\\Desktop\\SONU\\tests\\node_modules\\jest-circus\\build\\run.js:316:40)\n    at processTicksAndRejections (node:internal/process/task_queues:105:5)\n    at _runTest (C:\\Users\\Muhib\\Desktop\\SONU\\tests\\node_modules\\jest-circus\\build\\run.js:252:3)\n    at _runTestsForDescribeBlock (C:\\Users\\Muhib\\Desktop\\SONU\\tests\\node_modules\\jest-circus\\build\\run.js:126:9)\n    at _runTestsForDescribeBlock (C:\\Users\\Muhib\\Desktop\\SONU\\tests\\node_modules\\jest-circus\\build\\run.js:121:9)\n    at _runTestsForDescribeBlock (C:\\Users\\Muhib\\Desktop\\SONU\\tests\\node_modules\\jest-circus\\build\\run.js:121:9)\n    at run (C:\\Users\\Muhib\\Desktop\\SONU\\tests\\node_modules\\jest-circus\\build\\run.js:71:3)\n    at runAndTransformResultsToJestFormat (C:\\Users\\Muhib\\Desktop\\SONU\\tests\\node_modules\\jest-circus\\build\\legacy-code-todo-rewrite\\jestAdapterInit.js:122:21)\n    at jestAdapter (C:\\Users\\Muhib\\Desktop\\SONU\\tests\\node_modules\\jest-circus\\build\\legacy-code-todo-rewrite\\jestAdapter.js:79:19)\n    at runTestInternal (C:\\Users\\Muhib\\Desktop\\SONU\\tests\\node_modules\\jest-runner\\build\\runTest.js:367:16)\n    at runTest (C:\\Users\\Muhib\\Desktop\\SONU\\tests\\node_modules\\jest-runner\\build\\runTest.js:444:34)\n    at Object.worker (C:\\Users\\Muhib\\Desktop\\SONU\\tests\\node_modules\\jest-runner\\build\\testWorker.js:106:12)"],"fullName":"Main Process Tests IPC Handlers should handle system info IPC calls","invocations":1,"location":null,"numPassingAsserts":0,"retryReasons":[],"status":"failed","title":"should handle system info IPC calls"}],"endTime":1762573237908,"message":"  ● Main Process Tests › IPC Handlers › should handle settings IPC calls\n\n    expect(jest.fn()).toHaveBeenCalledWith(...expected)\n\n    Expected: \"settings:get\", Any<Function>\n\n    Number of calls: 0\n\n    \u001b[0m \u001b[90m 157 |\u001b[39m     test(\u001b[32m'should handle settings IPC calls'\u001b[39m\u001b[33m,\u001b[39m () \u001b[33m=>\u001b[39m {\n     \u001b[90m 158 |\u001b[39m       \u001b[90m// Test IPC handlers are registered\u001b[39m\n    \u001b[31m\u001b[1m>\u001b[22m\u001b[39m\u001b[90m 159 |\u001b[39m       expect(ipcMain\u001b[33m.\u001b[39mhandle)\u001b[33m.\u001b[39mtoHaveBeenCalledWith(\u001b[32m'settings:get'\u001b[39m\u001b[33m,\u001b[39m expect\u001b[33m.\u001b[39many(\u001b[33mFunction\u001b[39m))\u001b[33m;\u001b[39m\n     \u001b[90m     |\u001b[39m                              \u001b[31m\u001b[1m^\u001b[22m\u001b[39m\n     \u001b[90m 160 |\u001b[39m       expect(ipcMain\u001b[33m.\u001b[39mhandle)\u001b[33m.\u001b[39mtoHaveBeenCalledWith(\u001b[32m'settings:set'\u001b[39m\u001b[33m,\u001b[39m expect\u001b[33m.\u001b[39many(\u001b[33mFunction\u001b[39m))\u001b[33m;\u001b[39m\n     \u001b[90m 161 |\u001b[39m     })\u001b[33m;\u001b[39m\n     \u001b[90m 162 |\u001b[39m\u001b[0m\n\n      at Object.toHaveBeenCalledWith (unit/main.test.js:159:30)\n\n  ● Main Process Tests › IPC Handlers › should handle history IPC calls\n\n    expect(jest.fn()).toHaveBeenCalledWith(...expected)\n\n    Expected: \"history:get\", Any<Function>\n\n    Number of calls: 0\n\n    \u001b[0m \u001b[90m 162 |\u001b[39m\n     \u001b[90m 163 |\u001b[39m     test(\u001b[32m'should handle history IPC calls'\u001b[39m\u001b[33m,\u001b[39m () \u001b[33m=>\u001b[39m {\n    \u001b[31m\u001b[1m>\u001b[22m\u001b[39m\u001b[90m 164 |\u001b[39m       expect(ipcMain\u001b[33m.\u001b[39mhandle)\u001b[33m.\u001b[39mtoHaveBeenCalledWith(\u001b[32m'history:get'\u001b[39m\u001b[33m,\u001b[39m expect\u001b[33m.\u001b[39many(\u001b[33mFunction\u001b[39m))\u001b[33m;\u001b[39m\n     \u001b[90m     |\u001b[39m                              \u001b[31m\u001b[1m^\u001b[22m\u001b[39m\n     \u001b[90m 165 |\u001b[39m       expect(ipcMain\u001b[33m.\u001b[39mhandle)\u001b[33m.\u001b[39mtoHaveBeenCalledWith(\u001b[32m'history:clear'\u001b[39m\u001b[33m,\u001b[39m expect\u001b[33m.\u001b[39many(\u001b[33mFunction\u001b[39m))\u001b[33m;\u001b[39m\n     \u001b[90m 166 |\u001b[39m     })\u001b[33m;\u001b[39m\n     \u001b[90m 167 |\u001b[39m\u001b[0m\n\n      at Object.toHaveBeenCalledWith (unit/main.test.js:164:30)\n\n  ● Main Process Tests › IPC Handlers › should handle system info IPC calls\n\n    expect(jest.fn()).toHaveBeenCalledWith(...expected)\n\n    Expected: \"system:get-info\", Any<Function>\n\n    Number of calls: 0\n\n    \u001b[0m \u001b[90m 167 |\u001b[39m\n     \u001b[90m 168 |\u001b[39m     test(\u001b[32m'should handle system info IPC calls'\u001b[39m\u001b[33m,\u001b[39m () \u001b[33m=>\u001b[39m {\n    \u001b[31m\u001b[1m>\u001b[22m\u001b[39m\u001b[90m 169 |\u001b[39m       expect(ipcMain\u001b[33m.\u001b[39mhandle)\u001b[33m.\u001b[39mtoHaveBeenCalledWith(\u001b[32m'system:get-info'\u001b[39m\u001b[33m,\u001b[39m expect\u001b[33m.\u001b[39many(\u001b[33mFunction\u001b[39m))\u001b[33m;\u001b[39m\n     \u001b[90m     |\u001b[39m                              \u001b[31m\u001b[1m^\u001b[22m\u001b[39m\n     \u001b[90m 170 |\u001b[39m       expect(ipcMain\u001b[33m.\u001b[39mhandle)\u001b[33m.\u001b[39mtoHaveBeenCalledWith(\u001b[32m'system:get-profile'\u001b[39m\u001b[33m,\u001b[39m expect\u001b[33m.\u001b[39many(\u001b[33mFunction\u001b[39m))\u001b[33m;\u001b[39m\n     \u001b[90m 171 |\u001b[39m     })\u001b[33m;\u001b[39m\n     \u001b[90m 172 |\u001b[39m   })\u001b[33m;\u001b[39m\u001b[0m\n\n      at Object.toHaveBeenCalledWith (unit/main.test.js:169:30)\n","name":"C:\\Users\\Muhib\\Desktop\\SONU\\tests\\unit\\main.test.js","startTime":1762573235185,"status":"failed","summary":""},{"assertionResults":[{"ancestorTitles":["Renderer Tests","Navigation"],"duration":502,"failureDetails":[],"failureMessages":[],"fullName":"Renderer Tests Navigation should navigate between pages","invocations":1,"location":null,"numPassingAsserts":2,"retryReasons":[],"status":"passed","title":"should navigate between pages"},{"ancestorTitles":["Renderer Tests","Navigation"],"duration":338,"failureDetails":[],"failureMessages":[],"fullName":"Renderer Tests Navigation should handle theme toggle","invocations":1,"location":null,"numPassingAsserts":1,"retryReasons":[],"status":"passed","title":"should handle theme toggle"},{"ancestorTitles":["Renderer Tests","History Management"],"duration":286,"failureDetails":[],"failureMessages":[],"fullName":"Renderer Tests History Management should load and display history","invocations":1,"location":null,"numPassingAsserts":1,"retryReasons":[],"status":"passed","title":"should load and display history"},{"ancestorTitles":["Renderer Tests","History Management"],"duration":225,"failureDetails":[],"failureMessages":[],"fullName":"Renderer Tests History Management should add new history item","invocations":1,"location":null,"numPassingAsserts":1,"retryReasons":[],"status":"passed","title":"should add new history item"},{"ancestorTitles":["Renderer Tests","Recording States"],"duration":189,"failureDetails":[],"failureMessages":[],"fullName":"Renderer Tests Recording States should handle recording start","invocations":1,"location":null,"numPassingAsserts":1,"retryReasons":[],"status":"passed","title":"should handle recording start"},{"ancestorTitles":["Renderer Tests","Recording States"],"duration":207,"failureDetails":[],"failureMessages":[],"fullName":"Renderer Tests Recording States should handle recording stop","invocations":1,"location":null,"numPassingAsserts":0,"retryReasons":[],"status":"passed","title":"should handle recording stop"},{"ancestorTitles":["Renderer Tests","Statistics"],"duration":246,"failureDetails":[],"failureMessages":[],"fullName":"Renderer Tests Statistics should update statistics display","invocations":1,"location":null,"numPassingAsserts":1,"retryReasons":[],"status":"passed","title":"should update statistics display"},{"ancestorTitles":["Renderer Tests","Statistics"],"duration":155,"failureDetails":[],"failureMessages":[],"fullName":"Renderer Tests Statistics should calculate WPM correctly","invocations":1,"location":null,"numPassingAsserts":0,"retryReasons":[],"status":"passed","title":"should calculate WPM correctly"},{"ancestorTitles":["Renderer Tests","Settings Management"],"duration":168,"failureDetails":[],"failureMessages":[],"fullName":"Renderer Tests Settings Management should load app settings","invocations":1,"location":null,"numPassingAsserts":1,"retryReasons":[],"status":"passed","title":"should load app settings"},{"ancestorTitles":["Renderer Tests","Settings Management"],"duration":189,"failureDetails":[],"failureMessages":[],"fullName":"Renderer Tests Settings Management should save app settings","invocations":1,"location":null,"numPassingAsserts":1,"retryReasons":[],"status":"passed","title":"should save app settings"},{"ancestorTitles":["Renderer Tests","Hotkey Configuration"],"duration":203,"failureDetails":[],"failureMessages":[],"fullName":"Renderer Tests Hotkey Configuration should handle hotkey input","invocations":1,"location":null,"numPassingAsserts":1,"retryReasons":[],"status":"passed","title":"should handle hotkey input"},{"ancestorTitles":["Renderer Tests","Hotkey Configuration"],"duration":669,"failureDetails":[],"failureMessages":[],"fullName":"Renderer Tests Hotkey Configuration should save hotkey settings","invocations":1,"location":null,"numPassingAsserts":1,"retryReasons":[],"status":"passed","title":"should save hotkey settings"},{"ancestorTitles":["Renderer Tests","System Integration"],"duration":809,"failureDetails":[],"failureMessages":[],"fullName":"Renderer Tests System Integration should load system information","invocations":1,"location":null,"numPassingAsserts":1,"retryReasons":[],"status":"passed","title":"should load system information"},{"ancestorTitles":["Renderer Tests","System Integration"],"duration":357,"failureDetails":[],"failureMessages":[],"fullName":"Renderer Tests System Integration should handle microphone listing","invocations":1,"location":null,"numPassingAsserts":1,"retryReasons":[],"status":"passed","title":"should handle microphone listing"}],"endTime":1762573242090,"message":"","name":"C:\\Users\\Muhib\\Desktop\\SONU\\tests\\unit\\renderer.test.js","startTime":1762573235175,"status":"passed","summary":""}],"wasInterrupted":false}
