{"numFailedTestSuites":3,"numFailedTests":5,"numPassedTestSuites":1,"numPassedTests":29,"numPendingTestSuites":0,"numPendingTests":0,"numRuntimeErrorTestSuites":1,"numTodoTests":0,"numTotalTestSuites":4,"numTotalTests":34,"openHandles":[],"snapshot":{"added":0,"didUpdate":false,"failure":false,"filesAdded":0,"filesRemoved":0,"filesRemovedList":[],"filesUnmatched":0,"filesUpdated":0,"matched":0,"total":0,"unchecked":0,"uncheckedKeysByFile":[],"unmatched":0,"updated":0},"startTime":1763419426424,"success":false,"testResults":[{"assertionResults":[],"coverage":{},"endTime":1763419452228,"message":"  ● Test suite failed to run\n\n    Cannot find module '../../offline_model_downloader.py' from 'unit/model_download.test.js'\n\n       8 |\n       9 | // Mock the downloader module\n    > 10 | jest.mock('../../offline_model_downloader.py', () => ({\n         |      ^\n      11 |   OfflineModelDownloader: jest.fn()\n      12 | }));\n      13 |\n\n      at Resolver._throwModNotFoundError (node_modules/jest-resolve/build/resolver.js:427:11)\n      at Object.mock (unit/model_download.test.js:10:6)\n","name":"C:\\Users\\Muhib\\Desktop\\SONU\\apps\\desktop\\tests\\unit\\model_download.test.js","startTime":1763419452228,"status":"failed","summary":""},{"assertionResults":[{"ancestorTitles":["Typing Unit Tests","Typing Function"],"duration":29,"failureDetails":[],"failureMessages":[],"fullName":"Typing Unit Tests Typing Function should type text using robotjs.typeString","invocations":1,"location":null,"numPassingAsserts":2,"retryReasons":[],"status":"passed","title":"should type text using robotjs.typeString"},{"ancestorTitles":["Typing Unit Tests","Typing Function"],"duration":5,"failureDetails":[],"failureMessages":[],"fullName":"Typing Unit Tests Typing Function should prefer typeStringDelayed when available","invocations":1,"location":null,"numPassingAsserts":2,"retryReasons":[],"status":"passed","title":"should prefer typeStringDelayed when available"},{"ancestorTitles":["Typing Unit Tests","Typing Function"],"duration":2,"failureDetails":[],"failureMessages":[],"fullName":"Typing Unit Tests Typing Function should handle empty text","invocations":1,"location":null,"numPassingAsserts":1,"retryReasons":[],"status":"passed","title":"should handle empty text"},{"ancestorTitles":["Typing Unit Tests","Typing Function"],"duration":2,"failureDetails":[],"failureMessages":[],"fullName":"Typing Unit Tests Typing Function should handle special characters","invocations":1,"location":null,"numPassingAsserts":1,"retryReasons":[],"status":"passed","title":"should handle special characters"},{"ancestorTitles":["Typing Unit Tests","Typing Function"],"duration":3,"failureDetails":[],"failureMessages":[],"fullName":"Typing Unit Tests Typing Function should fallback to clipboard on typing failure","invocations":1,"location":null,"numPassingAsserts":2,"retryReasons":[],"status":"passed","title":"should fallback to clipboard on typing failure"},{"ancestorTitles":["Typing Unit Tests","Focus Handling"],"duration":11,"failureDetails":[],"failureMessages":[],"fullName":"Typing Unit Tests Focus Handling should hide window before typing","invocations":1,"location":null,"numPassingAsserts":3,"retryReasons":[],"status":"passed","title":"should hide window before typing"},{"ancestorTitles":["Typing Unit Tests","Error Handling"],"duration":1,"failureDetails":[],"failureMessages":[],"fullName":"Typing Unit Tests Error Handling should handle robotjs not available","invocations":1,"location":null,"numPassingAsserts":1,"retryReasons":[],"status":"passed","title":"should handle robotjs not available"}],"endTime":1763419443480,"message":"","name":"C:\\Users\\Muhib\\Desktop\\SONU\\apps\\desktop\\tests\\unit\\typing.test.js","startTime":1763419437385,"status":"passed","summary":""},{"assertionResults":[{"ancestorTitles":["Main Process Tests","Window Management"],"duration":19,"failureDetails":[],"failureMessages":[],"fullName":"Main Process Tests Window Management should create main window with correct options","invocations":1,"location":null,"numPassingAsserts":0,"retryReasons":[],"status":"passed","title":"should create main window with correct options"},{"ancestorTitles":["Main Process Tests","Window Management"],"duration":2,"failureDetails":[],"failureMessages":[],"fullName":"Main Process Tests Window Management should handle window minimize correctly","invocations":1,"location":null,"numPassingAsserts":0,"retryReasons":[],"status":"passed","title":"should handle window minimize correctly"},{"ancestorTitles":["Main Process Tests","Hotkey Management"],"duration":1,"failureDetails":[],"failureMessages":[],"fullName":"Main Process Tests Hotkey Management should register hotkeys on startup","invocations":1,"location":null,"numPassingAsserts":0,"retryReasons":[],"status":"passed","title":"should register hotkeys on startup"},{"ancestorTitles":["Main Process Tests","Hotkey Management"],"duration":1,"failureDetails":[],"failureMessages":[],"fullName":"Main Process Tests Hotkey Management should handle hotkey registration errors","invocations":1,"location":null,"numPassingAsserts":0,"retryReasons":[],"status":"passed","title":"should handle hotkey registration errors"},{"ancestorTitles":["Main Process Tests","Settings Management"],"duration":1,"failureDetails":[],"failureMessages":[],"fullName":"Main Process Tests Settings Management should load settings from config file","invocations":1,"location":null,"numPassingAsserts":0,"retryReasons":[],"status":"passed","title":"should load settings from config file"},{"ancestorTitles":["Main Process Tests","Settings Management"],"duration":1,"failureDetails":[],"failureMessages":[],"fullName":"Main Process Tests Settings Management should save settings to config file","invocations":1,"location":null,"numPassingAsserts":0,"retryReasons":[],"status":"passed","title":"should save settings to config file"},{"ancestorTitles":["Main Process Tests","History Management"],"duration":0,"failureDetails":[],"failureMessages":[],"fullName":"Main Process Tests History Management should append transcription to history","invocations":1,"location":null,"numPassingAsserts":0,"retryReasons":[],"status":"passed","title":"should append transcription to history"},{"ancestorTitles":["Main Process Tests","History Management"],"duration":0,"failureDetails":[],"failureMessages":[],"fullName":"Main Process Tests History Management should limit history to 100 items","invocations":1,"location":null,"numPassingAsserts":0,"retryReasons":[],"status":"passed","title":"should limit history to 100 items"},{"ancestorTitles":["Main Process Tests","System Integration"],"duration":0,"failureDetails":[],"failureMessages":[],"fullName":"Main Process Tests System Integration should handle system-wide typing","invocations":1,"location":null,"numPassingAsserts":0,"retryReasons":[],"status":"passed","title":"should handle system-wide typing"},{"ancestorTitles":["Main Process Tests","System Integration"],"duration":1,"failureDetails":[],"failureMessages":[],"fullName":"Main Process Tests System Integration should fallback to clipboard when robotjs unavailable","invocations":1,"location":null,"numPassingAsserts":0,"retryReasons":[],"status":"passed","title":"should fallback to clipboard when robotjs unavailable"},{"ancestorTitles":["Main Process Tests","IPC Handlers"],"duration":217,"failureDetails":[{}],"failureMessages":["TypeError: app.requestSingleInstanceLock is not a function\n    at requestSingleInstanceLock (C:\\Users\\Muhib\\Desktop\\SONU\\apps\\desktop\\main.js:3068:22)\n    at processTicksAndRejections (node:internal/process/task_queues:105:5)"],"fullName":"Main Process Tests IPC Handlers should handle settings IPC calls","invocations":1,"location":null,"numPassingAsserts":2,"retryReasons":[],"status":"failed","title":"should handle settings IPC calls"},{"ancestorTitles":["Main Process Tests","IPC Handlers"],"duration":215,"failureDetails":[],"failureMessages":[],"fullName":"Main Process Tests IPC Handlers should handle history IPC calls","invocations":1,"location":null,"numPassingAsserts":2,"retryReasons":[],"status":"passed","title":"should handle history IPC calls"},{"ancestorTitles":["Main Process Tests","IPC Handlers"],"duration":210,"failureDetails":[],"failureMessages":[],"fullName":"Main Process Tests IPC Handlers should handle system info IPC calls","invocations":1,"location":null,"numPassingAsserts":2,"retryReasons":[],"status":"passed","title":"should handle system info IPC calls"}],"endTime":1763419445852,"message":"  ● Main Process Tests › IPC Handlers › should handle settings IPC calls\n\n    TypeError: app.requestSingleInstanceLock is not a function\n\n      3066 |\n      3067 |     // Prevent multiple instances - must be called after app is ready\n    > 3068 |     gotTheLock = app.requestSingleInstanceLock();\n           |                      ^\n      3069 |\n      3070 |     if (!gotTheLock) {\n      3071 |       // Another instance is already running, quit this one\n\n      at requestSingleInstanceLock (../main.js:3068:22)\n","name":"C:\\Users\\Muhib\\Desktop\\SONU\\apps\\desktop\\tests\\unit\\main.test.js","startTime":1763419437386,"status":"failed","summary":""},{"assertionResults":[{"ancestorTitles":["Renderer Tests","Navigation"],"duration":1648,"failureDetails":[],"failureMessages":[],"fullName":"Renderer Tests Navigation should navigate between pages","invocations":1,"location":null,"numPassingAsserts":2,"retryReasons":[],"status":"passed","title":"should navigate between pages"},{"ancestorTitles":["Renderer Tests","Navigation"],"duration":171,"failureDetails":[],"failureMessages":[],"fullName":"Renderer Tests Navigation should handle theme toggle","invocations":1,"location":null,"numPassingAsserts":1,"retryReasons":[],"status":"passed","title":"should handle theme toggle"},{"ancestorTitles":["Renderer Tests","History Management"],"duration":286,"failureDetails":[],"failureMessages":[],"fullName":"Renderer Tests History Management should load and display history","invocations":1,"location":null,"numPassingAsserts":1,"retryReasons":[],"status":"passed","title":"should load and display history"},{"ancestorTitles":["Renderer Tests","History Management"],"duration":213,"failureDetails":[],"failureMessages":[],"fullName":"Renderer Tests History Management should add new history item","invocations":1,"location":null,"numPassingAsserts":1,"retryReasons":[],"status":"passed","title":"should add new history item"},{"ancestorTitles":["Renderer Tests","Recording States"],"duration":157,"failureDetails":[],"failureMessages":[],"fullName":"Renderer Tests Recording States should handle recording start","invocations":1,"location":null,"numPassingAsserts":1,"retryReasons":[],"status":"passed","title":"should handle recording start"},{"ancestorTitles":["Renderer Tests","Recording States"],"duration":1779,"failureDetails":[{"matcherResult":{"actual":"block","expected":"none","message":"expect(received).toBe(expected) // Object.is equality\n\nExpected: \"none\"\nReceived: \"block\"","name":"toBe","pass":false}}],"failureMessages":["Error: expect(received).toBe(expected) // Object.is equality\n\nExpected: \"none\"\nReceived: \"block\"\n    at Object.toBe (C:\\Users\\Muhib\\Desktop\\SONU\\apps\\desktop\\tests\\unit\\renderer.test.js:232:28)\n    at runNextTicks (node:internal/process/task_queues:65:5)\n    at processTimers (node:internal/timers:526:9)"],"fullName":"Renderer Tests Recording States should handle recording stop","invocations":1,"location":null,"numPassingAsserts":1,"retryReasons":[],"status":"failed","title":"should handle recording stop"},{"ancestorTitles":["Renderer Tests","Statistics"],"duration":161,"failureDetails":[],"failureMessages":[],"fullName":"Renderer Tests Statistics should update statistics display","invocations":1,"location":null,"numPassingAsserts":1,"retryReasons":[],"status":"passed","title":"should update statistics display"},{"ancestorTitles":["Renderer Tests","Statistics"],"duration":1592,"failureDetails":[{"matcherResult":{"actual":"0 WPM","expected":"0 WPM","message":"expect(received).not.toBe(expected) // Object.is equality\n\nExpected: not \"0 WPM\"","name":"toBe","pass":true}}],"failureMessages":["Error: expect(received).not.toBe(expected) // Object.is equality\n\nExpected: not \"0 WPM\"\n    at Object.toBe (C:\\Users\\Muhib\\Desktop\\SONU\\apps\\desktop\\tests\\unit\\renderer.test.js:284:39)\n    at runNextTicks (node:internal/process/task_queues:65:5)\n    at listOnTimeout (node:internal/timers:555:9)\n    at processTimers (node:internal/timers:529:7)"],"fullName":"Renderer Tests Statistics should calculate WPM correctly","invocations":1,"location":null,"numPassingAsserts":0,"retryReasons":[],"status":"failed","title":"should calculate WPM correctly"},{"ancestorTitles":["Renderer Tests","Settings Management"],"duration":128,"failureDetails":[],"failureMessages":[],"fullName":"Renderer Tests Settings Management should load app settings","invocations":1,"location":null,"numPassingAsserts":1,"retryReasons":[],"status":"passed","title":"should load app settings"},{"ancestorTitles":["Renderer Tests","Settings Management"],"duration":144,"failureDetails":[],"failureMessages":[],"fullName":"Renderer Tests Settings Management should save app settings","invocations":1,"location":null,"numPassingAsserts":1,"retryReasons":[],"status":"passed","title":"should save app settings"},{"ancestorTitles":["Renderer Tests","Hotkey Configuration"],"duration":130,"failureDetails":[],"failureMessages":[],"fullName":"Renderer Tests Hotkey Configuration should handle hotkey input","invocations":1,"location":null,"numPassingAsserts":1,"retryReasons":[],"status":"passed","title":"should handle hotkey input"},{"ancestorTitles":["Renderer Tests","Hotkey Configuration"],"duration":145,"failureDetails":[{"matcherResult":{"message":"expect(jest.fn()).toHaveBeenCalledWith(...expected)\n\nExpected: {\"holdHotkey\": \"Ctrl+Space\", \"toggleHotkey\": \"Ctrl+Shift+Space\"}\n\nNumber of calls: 0","pass":false}}],"failureMessages":["Error: expect(jest.fn()).toHaveBeenCalledWith(...expected)\n\nExpected: {\"holdHotkey\": \"Ctrl+Space\", \"toggleHotkey\": \"Ctrl+Shift+Space\"}\n\nNumber of calls: 0\n    at toHaveBeenCalledWith (C:\\Users\\Muhib\\Desktop\\SONU\\apps\\desktop\\tests\\unit\\renderer.test.js:351:46)\n    at runNextTicks (node:internal/process/task_queues:65:5)\n    at listOnTimeout (node:internal/timers:555:9)\n    at processTimers (node:internal/timers:529:7)"],"fullName":"Renderer Tests Hotkey Configuration should save hotkey settings","invocations":1,"location":null,"numPassingAsserts":0,"retryReasons":[],"status":"failed","title":"should save hotkey settings"},{"ancestorTitles":["Renderer Tests","System Integration"],"duration":743,"failureDetails":[{}],"failureMessages":["TypeError: Cannot read properties of null (reading 'value')\n    at HTMLButtonElement.<anonymous> (C:\\Users\\Muhib\\Desktop\\SONU\\apps\\desktop\\renderer.js:620:70)\n    at HTMLButtonElement.callTheUserObjectsOperation (C:\\Users\\Muhib\\Desktop\\SONU\\apps\\desktop\\tests\\node_modules\\jsdom\\lib\\jsdom\\living\\generated\\EventListener.js:26:30)\n    at innerInvokeEventListeners (C:\\Users\\Muhib\\Desktop\\SONU\\apps\\desktop\\tests\\node_modules\\jsdom\\lib\\jsdom\\living\\events\\EventTarget-impl.js:350:25)\n    at invokeEventListeners (C:\\Users\\Muhib\\Desktop\\SONU\\apps\\desktop\\tests\\node_modules\\jsdom\\lib\\jsdom\\living\\events\\EventTarget-impl.js:286:3)\n    at HTMLButtonElementImpl._dispatch (C:\\Users\\Muhib\\Desktop\\SONU\\apps\\desktop\\tests\\node_modules\\jsdom\\lib\\jsdom\\living\\events\\EventTarget-impl.js:233:9)\n    at fireAnEvent (C:\\Users\\Muhib\\Desktop\\SONU\\apps\\desktop\\tests\\node_modules\\jsdom\\lib\\jsdom\\living\\helpers\\events.js:18:36)\n    at HTMLButtonElementImpl.click (C:\\Users\\Muhib\\Desktop\\SONU\\apps\\desktop\\tests\\node_modules\\jsdom\\lib\\jsdom\\living\\nodes\\HTMLElement-impl.js:85:5)\n    at HTMLButtonElement.click (C:\\Users\\Muhib\\Desktop\\SONU\\apps\\desktop\\tests\\node_modules\\jsdom\\lib\\jsdom\\living\\generated\\HTMLElement.js:108:34)\n    at click (C:\\Users\\Muhib\\Desktop\\SONU\\apps\\desktop\\tests\\unit\\renderer.test.js:349:17)\n    at runNextTicks (node:internal/process/task_queues:65:5)\n    at listOnTimeout (node:internal/timers:555:9)\n    at processTimers (node:internal/timers:529:7)"],"fullName":"Renderer Tests System Integration should load system information","invocations":1,"location":null,"numPassingAsserts":1,"retryReasons":[],"status":"failed","title":"should load system information"},{"ancestorTitles":["Renderer Tests","System Integration"],"duration":352,"failureDetails":[],"failureMessages":[],"fullName":"Renderer Tests System Integration should handle microphone listing","invocations":1,"location":null,"numPassingAsserts":1,"retryReasons":[],"status":"passed","title":"should handle microphone listing"}],"endTime":1763419451293,"message":"  ● Renderer Tests › Recording States › should handle recording stop\n\n    expect(received).toBe(expected) // Object.is equality\n\n    Expected: \"none\"\n    Received: \"block\"\n\n      230 |       // Check if display is none (it should be after the timeout)\n      231 |       const finalDisplay = livePreview.style.display;\n    > 232 |       expect(finalDisplay).toBe('none');\n          |                            ^\n      233 |     }, 10000); // Increase test timeout\n      234 |   });\n      235 |\n\n      at Object.toBe (unit/renderer.test.js:232:28)\n\n  ● Renderer Tests › Statistics › should calculate WPM correctly\n\n    expect(received).not.toBe(expected) // Object.is equality\n\n    Expected: not \"0 WPM\"\n\n      282 |       // Should calculate WPM based on duration and word count\n      283 |       // With ~10 words in ~1 second, WPM should be around 600 (10 words * 60 seconds / 1 second)\n    > 284 |       expect(statWpm.textContent).not.toBe('0 WPM');\n          |                                       ^\n      285 |     });\n      286 |   });\n      287 |\n\n      at Object.toBe (unit/renderer.test.js:284:39)\n\n  ● Renderer Tests › Hotkey Configuration › should save hotkey settings\n\n    expect(jest.fn()).toHaveBeenCalledWith(...expected)\n\n    Expected: {\"holdHotkey\": \"Ctrl+Space\", \"toggleHotkey\": \"Ctrl+Shift+Space\"}\n\n    Number of calls: 0\n\n      349 |         saveBtn.click();\n      350 |\n    > 351 |         expect(mockIpcRenderer.saveSettings).toHaveBeenCalledWith({\n          |                                              ^\n      352 |           holdHotkey: 'Ctrl+Space',\n      353 |           toggleHotkey: 'Ctrl+Shift+Space'\n      354 |         });\n\n      at toHaveBeenCalledWith (unit/renderer.test.js:351:46)\n\n  ● Renderer Tests › System Integration › should load system information\n\n    TypeError: Cannot read properties of null (reading 'value')\n\n      618 |     const holdHotkey = document.getElementById('modal-hold-hotkey').value.trim();\n      619 |     const toggleHotkey = document.getElementById('modal-toggle-hotkey').value.trim();\n    > 620 |     const notesHotkey = document.getElementById('modal-notes-hotkey').value.trim();\n          |                                                                      ^\n      621 |     \n      622 |     // Ensure hotkeys are unregistered before saving\n      623 |     ipc.endCaptureHotkey();\n\n      at HTMLButtonElement.<anonymous> (../renderer.js:620:70)\n      at HTMLButtonElement.callTheUserObjectsOperation (node_modules/jsdom/lib/jsdom/living/generated/EventListener.js:26:30)\n      at innerInvokeEventListeners (node_modules/jsdom/lib/jsdom/living/events/EventTarget-impl.js:350:25)\n      at invokeEventListeners (node_modules/jsdom/lib/jsdom/living/events/EventTarget-impl.js:286:3)\n      at HTMLButtonElementImpl._dispatch (node_modules/jsdom/lib/jsdom/living/events/EventTarget-impl.js:233:9)\n      at fireAnEvent (node_modules/jsdom/lib/jsdom/living/helpers/events.js:18:36)\n      at HTMLButtonElementImpl.click (node_modules/jsdom/lib/jsdom/living/nodes/HTMLElement-impl.js:85:5)\n      at HTMLButtonElement.click (node_modules/jsdom/lib/jsdom/living/generated/HTMLElement.js:108:34)\n      at click (unit/renderer.test.js:349:17)\n","name":"C:\\Users\\Muhib\\Desktop\\SONU\\apps\\desktop\\tests\\unit\\renderer.test.js","startTime":1763419437386,"status":"failed","summary":""}],"wasInterrupted":false}
