{"numFailedTestSuites":0,"numFailedTests":0,"numPassedTestSuites":4,"numPassedTests":37,"numPendingTestSuites":0,"numPendingTests":0,"numRuntimeErrorTestSuites":0,"numTodoTests":0,"numTotalTestSuites":4,"numTotalTests":37,"openHandles":[],"snapshot":{"added":0,"didUpdate":false,"failure":false,"filesAdded":0,"filesRemoved":0,"filesRemovedList":[],"filesUnmatched":0,"filesUpdated":0,"matched":0,"total":0,"unchecked":0,"uncheckedKeysByFile":[],"unmatched":0,"updated":0},"startTime":1764950586570,"success":true,"testResults":[{"assertionResults":[{"ancestorTitles":["Typing Unit Tests","Typing Function"],"duration":39,"failureDetails":[],"failureMessages":[],"fullName":"Typing Unit Tests Typing Function should type text using robotjs.typeString","invocations":1,"location":null,"numPassingAsserts":2,"retryReasons":[],"status":"passed","title":"should type text using robotjs.typeString"},{"ancestorTitles":["Typing Unit Tests","Typing Function"],"duration":2,"failureDetails":[],"failureMessages":[],"fullName":"Typing Unit Tests Typing Function should prefer typeStringDelayed when available","invocations":1,"location":null,"numPassingAsserts":2,"retryReasons":[],"status":"passed","title":"should prefer typeStringDelayed when available"},{"ancestorTitles":["Typing Unit Tests","Typing Function"],"duration":1,"failureDetails":[],"failureMessages":[],"fullName":"Typing Unit Tests Typing Function should handle empty text","invocations":1,"location":null,"numPassingAsserts":1,"retryReasons":[],"status":"passed","title":"should handle empty text"},{"ancestorTitles":["Typing Unit Tests","Typing Function"],"duration":2,"failureDetails":[],"failureMessages":[],"fullName":"Typing Unit Tests Typing Function should handle special characters","invocations":1,"location":null,"numPassingAsserts":1,"retryReasons":[],"status":"passed","title":"should handle special characters"},{"ancestorTitles":["Typing Unit Tests","Typing Function"],"duration":2,"failureDetails":[],"failureMessages":[],"fullName":"Typing Unit Tests Typing Function should fallback to clipboard on typing failure","invocations":1,"location":null,"numPassingAsserts":2,"retryReasons":[],"status":"passed","title":"should fallback to clipboard on typing failure"},{"ancestorTitles":["Typing Unit Tests","Focus Handling"],"duration":2,"failureDetails":[],"failureMessages":[],"fullName":"Typing Unit Tests Focus Handling should hide window before typing","invocations":1,"location":null,"numPassingAsserts":3,"retryReasons":[],"status":"passed","title":"should hide window before typing"},{"ancestorTitles":["Typing Unit Tests","Error Handling"],"duration":2,"failureDetails":[],"failureMessages":[],"fullName":"Typing Unit Tests Error Handling should handle robotjs not available","invocations":1,"location":null,"numPassingAsserts":1,"retryReasons":[],"status":"passed","title":"should handle robotjs not available"}],"endTime":1764950595744,"message":"","name":"C:\\Users\\Muhib\\Desktop\\SONU\\apps\\desktop\\tests\\unit\\typing.test.js","startTime":1764950593041,"status":"passed","summary":""},{"assertionResults":[{"ancestorTitles":["Model Download Unit Tests","Model Definitions"],"duration":33,"failureDetails":[],"failureMessages":[],"fullName":"Model Download Unit Tests Model Definitions should have valid model definitions","invocations":1,"location":null,"numPassingAsserts":3,"retryReasons":[],"status":"passed","title":"should have valid model definitions"},{"ancestorTitles":["Model Download Unit Tests","URL Generation"],"duration":1,"failureDetails":[],"failureMessages":[],"fullName":"Model Download Unit Tests URL Generation should generate correct Hugging Face URLs","invocations":1,"location":null,"numPassingAsserts":1,"retryReasons":[],"status":"passed","title":"should generate correct Hugging Face URLs"},{"ancestorTitles":["Model Download Unit Tests","File Verification"],"duration":275,"failureDetails":[],"failureMessages":[],"fullName":"Model Download Unit Tests File Verification should verify file size correctly","invocations":1,"location":null,"numPassingAsserts":2,"retryReasons":[],"status":"passed","title":"should verify file size correctly"}],"endTime":1764950595881,"message":"","name":"C:\\Users\\Muhib\\Desktop\\SONU\\apps\\desktop\\tests\\unit\\model_download.test.js","startTime":1764950592980,"status":"passed","summary":""},{"assertionResults":[{"ancestorTitles":["Renderer Tests","Navigation"],"duration":14376,"failureDetails":[],"failureMessages":[],"fullName":"Renderer Tests Navigation should navigate between pages","invocations":1,"location":null,"numPassingAsserts":2,"retryReasons":[],"status":"passed","title":"should navigate between pages"},{"ancestorTitles":["Renderer Tests","Navigation"],"duration":161,"failureDetails":[],"failureMessages":[],"fullName":"Renderer Tests Navigation should handle theme toggle","invocations":1,"location":null,"numPassingAsserts":1,"retryReasons":[],"status":"passed","title":"should handle theme toggle"},{"ancestorTitles":["Renderer Tests","History Management"],"duration":258,"failureDetails":[],"failureMessages":[],"fullName":"Renderer Tests History Management should load and display history","invocations":1,"location":null,"numPassingAsserts":1,"retryReasons":[],"status":"passed","title":"should load and display history"},{"ancestorTitles":["Renderer Tests","History Management"],"duration":174,"failureDetails":[],"failureMessages":[],"fullName":"Renderer Tests History Management should add new history item","invocations":1,"location":null,"numPassingAsserts":1,"retryReasons":[],"status":"passed","title":"should add new history item"},{"ancestorTitles":["Renderer Tests","Recording States"],"duration":168,"failureDetails":[],"failureMessages":[],"fullName":"Renderer Tests Recording States should handle recording start","invocations":1,"location":null,"numPassingAsserts":1,"retryReasons":[],"status":"passed","title":"should handle recording start"},{"ancestorTitles":["Renderer Tests","Recording States"],"duration":589,"failureDetails":[],"failureMessages":[],"fullName":"Renderer Tests Recording States should handle recording stop","invocations":1,"location":null,"numPassingAsserts":2,"retryReasons":[],"status":"passed","title":"should handle recording stop"},{"ancestorTitles":["Renderer Tests","Statistics"],"duration":189,"failureDetails":[],"failureMessages":[],"fullName":"Renderer Tests Statistics should update statistics display","invocations":1,"location":null,"numPassingAsserts":1,"retryReasons":[],"status":"passed","title":"should update statistics display"},{"ancestorTitles":["Renderer Tests","Statistics"],"duration":268,"failureDetails":[],"failureMessages":[],"fullName":"Renderer Tests Statistics should calculate WPM correctly","invocations":1,"location":null,"numPassingAsserts":4,"retryReasons":[],"status":"passed","title":"should calculate WPM correctly"},{"ancestorTitles":["Renderer Tests","Settings Management"],"duration":152,"failureDetails":[],"failureMessages":[],"fullName":"Renderer Tests Settings Management should load app settings","invocations":1,"location":null,"numPassingAsserts":1,"retryReasons":[],"status":"passed","title":"should load app settings"},{"ancestorTitles":["Renderer Tests","Settings Management"],"duration":173,"failureDetails":[],"failureMessages":[],"fullName":"Renderer Tests Settings Management should save app settings","invocations":1,"location":null,"numPassingAsserts":1,"retryReasons":[],"status":"passed","title":"should save app settings"},{"ancestorTitles":["Renderer Tests","Hotkey Configuration"],"duration":185,"failureDetails":[],"failureMessages":[],"fullName":"Renderer Tests Hotkey Configuration should handle hotkey input","invocations":1,"location":null,"numPassingAsserts":1,"retryReasons":[],"status":"passed","title":"should handle hotkey input"},{"ancestorTitles":["Renderer Tests","Hotkey Configuration"],"duration":161,"failureDetails":[],"failureMessages":[],"fullName":"Renderer Tests Hotkey Configuration should save hotkey settings","invocations":1,"location":null,"numPassingAsserts":1,"retryReasons":[],"status":"passed","title":"should save hotkey settings"},{"ancestorTitles":["Renderer Tests","System Integration"],"duration":774,"failureDetails":[],"failureMessages":[],"fullName":"Renderer Tests System Integration should load system information","invocations":1,"location":null,"numPassingAsserts":1,"retryReasons":[],"status":"passed","title":"should load system information"},{"ancestorTitles":["Renderer Tests","System Integration"],"duration":380,"failureDetails":[],"failureMessages":[],"fullName":"Renderer Tests System Integration should handle microphone listing","invocations":1,"location":null,"numPassingAsserts":1,"retryReasons":[],"status":"passed","title":"should handle microphone listing"}],"endTime":1764950613600,"message":"","name":"C:\\Users\\Muhib\\Desktop\\SONU\\apps\\desktop\\tests\\unit\\renderer.test.js","startTime":1764950593013,"status":"passed","summary":""},{"assertionResults":[{"ancestorTitles":["Main Process Tests","Window Management"],"duration":28,"failureDetails":[],"failureMessages":[],"fullName":"Main Process Tests Window Management should create main window with correct options","invocations":1,"location":null,"numPassingAsserts":0,"retryReasons":[],"status":"passed","title":"should create main window with correct options"},{"ancestorTitles":["Main Process Tests","Window Management"],"duration":1,"failureDetails":[],"failureMessages":[],"fullName":"Main Process Tests Window Management should handle window minimize correctly","invocations":1,"location":null,"numPassingAsserts":0,"retryReasons":[],"status":"passed","title":"should handle window minimize correctly"},{"ancestorTitles":["Main Process Tests","Hotkey Management"],"duration":1,"failureDetails":[],"failureMessages":[],"fullName":"Main Process Tests Hotkey Management should register hotkeys on startup","invocations":1,"location":null,"numPassingAsserts":0,"retryReasons":[],"status":"passed","title":"should register hotkeys on startup"},{"ancestorTitles":["Main Process Tests","Hotkey Management"],"duration":1,"failureDetails":[],"failureMessages":[],"fullName":"Main Process Tests Hotkey Management should handle hotkey registration errors","invocations":1,"location":null,"numPassingAsserts":0,"retryReasons":[],"status":"passed","title":"should handle hotkey registration errors"},{"ancestorTitles":["Main Process Tests","Settings Management"],"duration":1,"failureDetails":[],"failureMessages":[],"fullName":"Main Process Tests Settings Management should load settings from config file","invocations":1,"location":null,"numPassingAsserts":0,"retryReasons":[],"status":"passed","title":"should load settings from config file"},{"ancestorTitles":["Main Process Tests","Settings Management"],"duration":1,"failureDetails":[],"failureMessages":[],"fullName":"Main Process Tests Settings Management should save settings to config file","invocations":1,"location":null,"numPassingAsserts":0,"retryReasons":[],"status":"passed","title":"should save settings to config file"},{"ancestorTitles":["Main Process Tests","History Management"],"duration":0,"failureDetails":[],"failureMessages":[],"fullName":"Main Process Tests History Management should append transcription to history","invocations":1,"location":null,"numPassingAsserts":0,"retryReasons":[],"status":"passed","title":"should append transcription to history"},{"ancestorTitles":["Main Process Tests","History Management"],"duration":0,"failureDetails":[],"failureMessages":[],"fullName":"Main Process Tests History Management should limit history to 100 items","invocations":1,"location":null,"numPassingAsserts":0,"retryReasons":[],"status":"passed","title":"should limit history to 100 items"},{"ancestorTitles":["Main Process Tests","System Integration"],"duration":1,"failureDetails":[],"failureMessages":[],"fullName":"Main Process Tests System Integration should handle system-wide typing","invocations":1,"location":null,"numPassingAsserts":0,"retryReasons":[],"status":"passed","title":"should handle system-wide typing"},{"ancestorTitles":["Main Process Tests","System Integration"],"duration":1,"failureDetails":[],"failureMessages":[],"fullName":"Main Process Tests System Integration should fallback to clipboard when robotjs unavailable","invocations":1,"location":null,"numPassingAsserts":0,"retryReasons":[],"status":"passed","title":"should fallback to clipboard when robotjs unavailable"},{"ancestorTitles":["Main Process Tests","IPC Handlers"],"duration":3809,"failureDetails":[],"failureMessages":[],"fullName":"Main Process Tests IPC Handlers should handle settings IPC calls","invocations":1,"location":null,"numPassingAsserts":2,"retryReasons":[],"status":"passed","title":"should handle settings IPC calls"},{"ancestorTitles":["Main Process Tests","IPC Handlers"],"duration":7495,"failureDetails":[],"failureMessages":[],"fullName":"Main Process Tests IPC Handlers should handle history IPC calls","invocations":1,"location":null,"numPassingAsserts":2,"retryReasons":[],"status":"passed","title":"should handle history IPC calls"},{"ancestorTitles":["Main Process Tests","IPC Handlers"],"duration":201,"failureDetails":[],"failureMessages":[],"fullName":"Main Process Tests IPC Handlers should handle system info IPC calls","invocations":1,"location":null,"numPassingAsserts":2,"retryReasons":[],"status":"passed","title":"should handle system info IPC calls"}],"endTime":1764950614502,"message":"","name":"C:\\Users\\Muhib\\Desktop\\SONU\\apps\\desktop\\tests\\unit\\main.test.js","startTime":1764950593004,"status":"passed","summary":""}],"wasInterrupted":false}
