{"numFailedTestSuites":0,"numFailedTests":0,"numPassedTestSuites":2,"numPassedTests":19,"numPendingTestSuites":0,"numPendingTests":0,"numRuntimeErrorTestSuites":0,"numTodoTests":0,"numTotalTestSuites":2,"numTotalTests":19,"openHandles":[],"snapshot":{"added":0,"didUpdate":false,"failure":false,"filesAdded":0,"filesRemoved":0,"filesRemovedList":[],"filesUnmatched":0,"filesUpdated":0,"matched":0,"total":0,"unchecked":0,"uncheckedKeysByFile":[],"unmatched":0,"updated":0},"startTime":1764735014645,"success":true,"testResults":[{"assertionResults":[{"ancestorTitles":["System-wide Typing Integration Tests","Typing Function"],"duration":43,"failureDetails":[],"failureMessages":[],"fullName":"System-wide Typing Integration Tests Typing Function should type text using robotjs","invocations":1,"location":null,"numPassingAsserts":2,"retryReasons":[],"status":"passed","title":"should type text using robotjs"},{"ancestorTitles":["System-wide Typing Integration Tests","Typing Function"],"duration":1,"failureDetails":[],"failureMessages":[],"fullName":"System-wide Typing Integration Tests Typing Function should handle empty text gracefully","invocations":1,"location":null,"numPassingAsserts":1,"retryReasons":[],"status":"passed","title":"should handle empty text gracefully"},{"ancestorTitles":["System-wide Typing Integration Tests","Typing Function"],"duration":1,"failureDetails":[],"failureMessages":[],"fullName":"System-wide Typing Integration Tests Typing Function should handle special characters","invocations":1,"location":null,"numPassingAsserts":1,"retryReasons":[],"status":"passed","title":"should handle special characters"},{"ancestorTitles":["System-wide Typing Integration Tests","Typing Function"],"duration":2,"failureDetails":[],"failureMessages":[],"fullName":"System-wide Typing Integration Tests Typing Function should handle long text","invocations":1,"location":null,"numPassingAsserts":1,"retryReasons":[],"status":"passed","title":"should handle long text"},{"ancestorTitles":["System-wide Typing Integration Tests","Typing Function"],"duration":2,"failureDetails":[],"failureMessages":[],"fullName":"System-wide Typing Integration Tests Typing Function should fallback to clipboard + paste on typing failure","invocations":1,"location":null,"numPassingAsserts":2,"retryReasons":[],"status":"passed","title":"should fallback to clipboard + paste on typing failure"},{"ancestorTitles":["System-wide Typing Integration Tests","Focus Handling"],"duration":3,"failureDetails":[],"failureMessages":[],"fullName":"System-wide Typing Integration Tests Focus Handling should hide window before typing","invocations":1,"location":null,"numPassingAsserts":3,"retryReasons":[],"status":"passed","title":"should hide window before typing"},{"ancestorTitles":["System-wide Typing Integration Tests","Focus Handling"],"duration":2,"failureDetails":[],"failureMessages":[],"fullName":"System-wide Typing Integration Tests Focus Handling should handle window not available","invocations":1,"location":null,"numPassingAsserts":1,"retryReasons":[],"status":"passed","title":"should handle window not available"},{"ancestorTitles":["System-wide Typing Integration Tests","Error Handling"],"duration":1,"failureDetails":[],"failureMessages":[],"fullName":"System-wide Typing Integration Tests Error Handling should handle robotjs not available","invocations":1,"location":null,"numPassingAsserts":2,"retryReasons":[],"status":"passed","title":"should handle robotjs not available"},{"ancestorTitles":["System-wide Typing Integration Tests","Error Handling"],"duration":1,"failureDetails":[],"failureMessages":[],"fullName":"System-wide Typing Integration Tests Error Handling should handle typing errors gracefully","invocations":1,"location":null,"numPassingAsserts":1,"retryReasons":[],"status":"passed","title":"should handle typing errors gracefully"},{"ancestorTitles":["System-wide Typing Integration Tests","Error Handling"],"duration":0,"failureDetails":[],"failureMessages":[],"fullName":"System-wide Typing Integration Tests Error Handling should handle clipboard errors gracefully","invocations":1,"location":null,"numPassingAsserts":1,"retryReasons":[],"status":"passed","title":"should handle clipboard errors gracefully"},{"ancestorTitles":["System-wide Typing Integration Tests","Timing and Delays"],"duration":9685,"failureDetails":[],"failureMessages":[],"fullName":"System-wide Typing Integration Tests Timing and Delays should wait for focus switch before typing","invocations":1,"location":null,"numPassingAsserts":1,"retryReasons":[],"status":"passed","title":"should wait for focus switch before typing"},{"ancestorTitles":["System-wide Typing Integration Tests","Timing and Delays"],"duration":1,"failureDetails":[],"failureMessages":[],"fullName":"System-wide Typing Integration Tests Timing and Delays should handle multiple rapid typing calls","invocations":1,"location":null,"numPassingAsserts":4,"retryReasons":[],"status":"passed","title":"should handle multiple rapid typing calls"},{"ancestorTitles":["System-wide Typing Integration Tests","Integration with Transcription"],"duration":0,"failureDetails":[],"failureMessages":[],"fullName":"System-wide Typing Integration Tests Integration with Transcription should type transcription text immediately","invocations":1,"location":null,"numPassingAsserts":2,"retryReasons":[],"status":"passed","title":"should type transcription text immediately"},{"ancestorTitles":["System-wide Typing Integration Tests","Integration with Transcription"],"duration":1,"failureDetails":[],"failureMessages":[],"fullName":"System-wide Typing Integration Tests Integration with Transcription should handle transcription with special characters","invocations":1,"location":null,"numPassingAsserts":1,"retryReasons":[],"status":"passed","title":"should handle transcription with special characters"}],"endTime":1764735032968,"message":"","name":"C:\\Users\\Muhib\\Desktop\\SONU\\apps\\desktop\\tests\\integration\\typing.test.js","startTime":1764735019495,"status":"passed","summary":""},{"assertionResults":[{"ancestorTitles":["Model Download Integration Tests","Python Downloader"],"duration":9759,"failureDetails":[],"failureMessages":[],"fullName":"Model Download Integration Tests Python Downloader should download model successfully","invocations":1,"location":null,"numPassingAsserts":0,"retryReasons":[],"status":"passed","title":"should download model successfully"},{"ancestorTitles":["Model Download Integration Tests","Python Downloader"],"duration":105,"failureDetails":[],"failureMessages":[],"fullName":"Model Download Integration Tests Python Downloader should handle download errors gracefully","invocations":1,"location":null,"numPassingAsserts":0,"retryReasons":[],"status":"passed","title":"should handle download errors gracefully"},{"ancestorTitles":["Model Download Integration Tests","Python Downloader"],"duration":101,"failureDetails":[],"failureMessages":[],"fullName":"Model Download Integration Tests Python Downloader should provide manual download URLs","invocations":1,"location":null,"numPassingAsserts":0,"retryReasons":[],"status":"passed","title":"should provide manual download URLs"},{"ancestorTitles":["Model Download Integration Tests","URL Validation (Offline)"],"duration":98,"failureDetails":[],"failureMessages":[],"fullName":"Model Download Integration Tests URL Validation (Offline) should provide well-formed manual URLs without network calls","invocations":1,"location":null,"numPassingAsserts":0,"retryReasons":[],"status":"passed","title":"should provide well-formed manual URLs without network calls"},{"ancestorTitles":["Model Download Integration Tests","Download Resumption"],"duration":105,"failureDetails":[],"failureMessages":[],"fullName":"Model Download Integration Tests Download Resumption should resume partial downloads","invocations":1,"location":null,"numPassingAsserts":0,"retryReasons":[],"status":"passed","title":"should resume partial downloads"}],"endTime":1764735033513,"message":"","name":"C:\\Users\\Muhib\\Desktop\\SONU\\apps\\desktop\\tests\\integration\\model_download.test.js","startTime":1764735019638,"status":"passed","summary":""}],"wasInterrupted":false}
